{'state': 'rnbqkbnr/pppppppp/8/8/8/2N5/PPPPPPPP/R1BQKBNR b KQkq - 1 1', 'move1': Move.from_uci('b1c3')}
{'state': 'rnbqkbnr/ppp1pppp/8/3p4/8/2N5/PPPPPPPP/R1BQKBNR w KQkq - 0 2', 'move2': Move.from_uci('d7d5')}
{'state': 'rnbqkbnr/ppp1pppp/8/3p4/8/2N5/PPPPPPPP/1RBQKBNR b Kkq - 1 2', 'move1': Move.from_uci('a1b1')}
{'state': 'rnbqkbnr/ppp1pppp/8/8/3p4/2N5/PPPPPPPP/1RBQKBNR w Kkq - 0 3', 'move2': Move.from_uci('d5d4')}
{'state': 'rnbqkbnr/ppp1pppp/8/8/P2p4/2N5/1PPPPPPP/1RBQKBNR b Kkq - 0 3', 'move1': Move.from_uci('a2a4')}
{'state': 'rnbqkbnr/ppp1pppp/8/8/P7/2p5/1PPPPPPP/1RBQKBNR w Kkq - 0 4', 'move2': Move.from_uci('d4c3')}
{'state': 'rnbqkbnr/ppp1pppp/8/8/PP6/2p5/2PPPPPP/1RBQKBNR b Kkq - 0 4', 'move1': Move.from_uci('b2b4')}
{'state': 'rnbqkb1r/ppp1pppp/5n2/8/PP6/2p5/2PPPPPP/1RBQKBNR w Kkq - 1 5', 'move2': Move.from_uci('g8f6')}
{'state': 'rnbqkb1r/ppp1pppp/5n2/8/PP1P4/2p5/2P1PPPP/1RBQKBNR b Kkq - 0 5', 'move1': Move.from_uci('d2d4')}
{'state': 'rnbqkb1r/ppp2ppp/5n2/4p3/PP1P4/2p5/2P1PPPP/1RBQKBNR w Kkq - 0 6', 'move2': Move.from_uci('e7e5')}
{'state': 'rnbqkb1r/ppp2ppp/5n2/4p3/PP1P4/1Rp5/2P1PPPP/2BQKBNR b Kkq - 1 6', 'move1': Move.from_uci('b1b3')}
{'state': 'rn1qkb1r/ppp2ppp/4bn2/4p3/PP1P4/1Rp5/2P1PPPP/2BQKBNR w Kkq - 2 7', 'move2': Move.from_uci('c8e6')}
{'state': 'rn1qkb1r/ppp2ppp/4bn2/4p3/PP1P4/1Rp5/1BP1PPPP/3QKBNR b Kkq - 3 7', 'move1': Move.from_uci('c1b2')}
{'state': 'rn1qkb1r/ppp2ppp/5n2/4p3/PP1P4/1bp5/1BP1PPPP/3QKBNR w Kkq - 0 8', 'move2': Move.from_uci('e6b3')}
{'state': 'rn1qkb1r/ppp2ppp/5n2/P3p3/1P1P4/1bp5/1BP1PPPP/3QKBNR b Kkq - 0 8', 'move1': Move.from_uci('a4a5')}
{'state': 'rn1qkb1r/ppp2ppp/5n2/P3p3/1P1P4/1b6/1pP1PPPP/3QKBNR w Kkq - 0 9', 'move2': Move.from_uci('c3b2')}
{'state': 'rn1qkb1r/ppp2ppp/5n2/P3p3/1PPP4/1b6/1p2PPPP/3QKBNR b Kkq - 0 9', 'move1': Move.from_uci('c2c4')}
{'state': 'rn1qk2r/ppp2ppp/5n2/P3p3/1bPP4/1b6/1p2PPPP/3QKBNR w Kkq - 0 10', 'move2': Move.from_uci('f8b4')}
{'state': 'rn1qk2r/ppp2ppp/5n2/P3p3/1bPP4/1b6/1p1QPPPP/4KBNR b Kkq - 1 10', 'move1': Move.from_uci('d1d2')}
{'state': 'rn1qk2r/ppp2ppp/5n2/P3p3/1bPP4/1b6/3QPPPP/1q2KBNR w Kkq - 0 11', 'move2': Move.from_uci('b2b1q')}
END OF GAME, AGENT 3 (Winner.BLACK) won
{'state': 'rnbqkbnr/pppppppp/8/8/8/2N5/PPPPPPPP/R1BQKBNR b KQkq - 1 1', 'move1': Move.from_uci('b1c3')}
{'state': 'rnbqkbnr/ppp1pppp/8/3p4/8/2N5/PPPPPPPP/R1BQKBNR w KQkq - 0 2', 'move2': Move.from_uci('d7d5')}
{'state': 'rnbqkbnr/ppp1pppp/8/3p4/8/2N5/PPPPPPPP/1RBQKBNR b Kkq - 1 2', 'move1': Move.from_uci('a1b1')}
{'state': 'rnbqkbnr/ppp1pppp/8/8/3p4/2N5/PPPPPPPP/1RBQKBNR w Kkq - 0 3', 'move2': Move.from_uci('d5d4')}
{'state': 'rnbqkbnr/ppp1pppp/8/8/P2p4/2N5/1PPPPPPP/1RBQKBNR b Kkq - 0 3', 'move1': Move.from_uci('a2a4')}
{'state': 'rnbqkbnr/ppp1pppp/8/8/P7/2p5/1PPPPPPP/1RBQKBNR w Kkq - 0 4', 'move2': Move.from_uci('d4c3')}
{'state': 'rnbqkbnr/ppp1pppp/8/8/PP6/2p5/2PPPPPP/1RBQKBNR b Kkq - 0 4', 'move1': Move.from_uci('b2b4')}
{'state': 'rnbqkbnr/1pp1pppp/8/p7/PP6/2p5/2PPPPPP/1RBQKBNR w Kkq - 0 5', 'move2': Move.from_uci('a7a5')}
{'state': 'rnbqkbnr/1pp1pppp/8/p7/PP1P4/2p5/2P1PPPP/1RBQKBNR b Kkq - 0 5', 'move1': Move.from_uci('d2d4')}
{'state': 'rnbqkbnr/1pp1pppp/8/8/Pp1P4/2p5/2P1PPPP/1RBQKBNR w Kkq - 0 6', 'move2': Move.from_uci('a5b4')}
{'state': 'rnbqkbnr/1pp1pppp/8/8/PR1P4/2p5/2P1PPPP/2BQKBNR b Kkq - 0 6', 'move1': Move.from_uci('b1b4')}
{'state': 'rnbqkbnr/1pp2ppp/8/4p3/PR1P4/2p5/2P1PPPP/2BQKBNR w Kkq - 0 7', 'move2': Move.from_uci('e7e5')}
{'state': 'rnbqkbnr/1pp2ppp/7B/4p3/PR1P4/2p5/2P1PPPP/3QKBNR b Kkq - 1 7', 'move1': Move.from_uci('c1h6')}
{'state': 'rnbqkb1r/1pp2ppp/7n/4p3/PR1P4/2p5/2P1PPPP/3QKBNR w Kkq - 0 8', 'move2': Move.from_uci('g8h6')}
{'state': 'rnbqkb1r/1pp2ppp/7n/4p3/PR1P4/2p5/2P1PPPP/1Q2KBNR b Kkq - 1 8', 'move1': Move.from_uci('d1b1')}
{'state': 'rnbqk2r/1pp2ppp/7n/4p3/Pb1P4/2p5/2P1PPPP/1Q2KBNR w Kkq - 0 9', 'move2': Move.from_uci('f8b4')}
{'state': 'rnbqk2r/1pp2ppp/7n/4p3/Pb1P3P/2p5/2P1PPP1/1Q2KBNR b Kkq - 0 9', 'move1': Move.from_uci('h2h4')}
{'state': 'r1bqk2r/1pp2ppp/2n4n/4p3/Pb1P3P/2p5/2P1PPP1/1Q2KBNR w Kkq - 1 10', 'move2': Move.from_uci('b8c6')}
{'state': 'r1bqk2r/1pp2ppp/2n4n/4p3/Pb1P3P/2p3P1/2P1PP2/1Q2KBNR b Kkq - 0 10', 'move1': Move.from_uci('g2g3')}
{'state': 'r1b1k2r/1pp2ppp/2n4n/3qp3/Pb1P3P/2p3P1/2P1PP2/1Q2KBNR w Kkq - 1 11', 'move2': Move.from_uci('d8d5')}
{'state': 'r1b1k2r/1pp2ppp/2n4n/3qp3/Pb1P3P/2p1P1P1/2P2P2/1Q2KBNR b Kkq - 0 11', 'move1': Move.from_uci('e2e3')}
{'state': 'r1b1k2r/1pp2ppp/2n4n/4p3/Pb1P3P/2p1P1P1/2P2P2/1Q2KBNq w kq - 0 12', 'move2': Move.from_uci('d5h1')}
{'state': 'r1b1k2r/1pp2ppp/2n4n/4p3/Pb1P1P1P/2p1P1P1/2P5/1Q2KBNq b kq - 0 12', 'move1': Move.from_uci('f2f4')}
{'state': 'r1b1k2r/1pp2ppp/2n4n/4p3/Pb1P1P1P/2p1P1P1/2P5/1Q2KBq1 w kq - 0 13', 'move2': Move.from_uci('h1g1')}
{'state': 'r1b1k2r/1pp2ppp/2n4n/4p3/Pb1PPP1P/2p3P1/2P5/1Q2KBq1 b kq - 0 13', 'move1': Move.from_uci('e3e4')}
{'state': 'r3k2r/1pp2ppp/2n4n/4p3/Pb1PPPbP/2p3P1/2P5/1Q2KBq1 w kq - 1 14', 'move2': Move.from_uci('c8g4')}
{'state': 'r3k2r/1pp2ppp/2n4n/4p3/PQ1PPPbP/2p3P1/2P5/4KBq1 b kq - 0 14', 'move1': Move.from_uci('b1b4')}
{'state': 'r3k2r/1pp2ppp/2n4n/4p3/PQ1PPPbP/2p3q1/2P5/4KB2 w kq - 0 15', 'move2': Move.from_uci('g1g3')}
END OF GAME, AGENT 3 (Winner.BLACK) won
{'state': 'rnbqkbnr/pppppppp/8/8/8/2N5/PPPPPPPP/R1BQKBNR b KQkq - 1 1', 'move1': Move.from_uci('b1c3')}
{'state': 'rnbqkbnr/ppp1pppp/8/3p4/8/2N5/PPPPPPPP/R1BQKBNR w KQkq - 0 2', 'move2': Move.from_uci('d7d5')}
{'state': 'rnbqkbnr/ppp1pppp/8/3p4/8/2N5/PPPPPPPP/1RBQKBNR b Kkq - 1 2', 'move1': Move.from_uci('a1b1')}
{'state': 'rnbqkbnr/ppp1pppp/8/8/3p4/2N5/PPPPPPPP/1RBQKBNR w Kkq - 0 3', 'move2': Move.from_uci('d5d4')}
{'state': 'rnbqkbnr/ppp1pppp/8/8/P2p4/2N5/1PPPPPPP/1RBQKBNR b Kkq - 0 3', 'move1': Move.from_uci('a2a4')}
{'state': 'rnbqkbnr/ppp1pppp/8/8/P7/2p5/1PPPPPPP/1RBQKBNR w Kkq - 0 4', 'move2': Move.from_uci('d4c3')}
{'state': 'rnbqkbnr/ppp1pppp/8/8/PP6/2p5/2PPPPPP/1RBQKBNR b Kkq - 0 4', 'move1': Move.from_uci('b2b4')}
{'state': 'rnbqkbnr/ppp2ppp/8/4p3/PP6/2p5/2PPPPPP/1RBQKBNR w Kkq - 0 5', 'move2': Move.from_uci('e7e5')}
{'state': 'rnbqkbnr/ppp2ppp/8/4p3/PP1P4/2p5/2P1PPPP/1RBQKBNR b Kkq - 0 5', 'move1': Move.from_uci('d2d4')}
{'state': 'rn1qkbnr/ppp2ppp/8/4pb2/PP1P4/2p5/2P1PPPP/1RBQKBNR w Kkq - 1 6', 'move2': Move.from_uci('c8f5')}
{'state': 'rn1qkbnr/ppp2ppp/8/4pb2/PP1P4/2p5/1RP1PPPP/2BQKBNR b Kkq - 2 6', 'move1': Move.from_uci('b1b2')}
{'state': 'rn1qkbnr/ppp2ppp/8/4pb2/PP1P4/8/1pP1PPPP/2BQKBNR w Kkq - 0 7', 'move2': Move.from_uci('c3b2')}
{'state': 'rn1qkbnr/ppp2ppp/8/4pb2/PPPP4/8/1p2PPPP/2BQKBNR b Kkq - 0 7', 'move1': Move.from_uci('c2c4')}
{'state': 'rn1qk1nr/ppp2ppp/8/4pb2/PbPP4/8/1p2PPPP/2BQKBNR w Kkq - 0 8', 'move2': Move.from_uci('f8b4')}
{'state': 'rn1qk1nr/ppp2ppp/8/4pb2/PbPP4/8/1p1BPPPP/3QKBNR b Kkq - 1 8', 'move1': Move.from_uci('c1d2')}
{'state': 'rn1qk1nr/ppp2ppp/8/4pb2/P1PP4/8/1p1bPPPP/3QKBNR w Kkq - 0 9', 'move2': Move.from_uci('b4d2')}
{'state': 'rn1qk1nr/ppp2ppp/8/4pb2/P1PP4/8/1p1QPPPP/4KBNR b Kkq - 0 9', 'move1': Move.from_uci('d1d2')}
{'state': 'rn1qk1nr/ppp2ppp/8/4pb2/P1PP4/8/3QPPPP/1q2KBNR w Kkq - 0 10', 'move2': Move.from_uci('b2b1q')}
{'state': 'rn1qk1nr/ppp2ppp/8/4pb2/P1PP4/8/4PPPP/1q1QKBNR b Kkq - 1 10', 'move1': Move.from_uci('d2d1')}
{'state': 'rn1qk1nr/ppp2ppp/8/4pb2/P1PP4/8/4PPPP/3qKBNR w Kkq - 0 11', 'move2': Move.from_uci('b1d1')}
{'state': 'rn1qk1nr/ppp2ppp/8/4pb2/P1PP4/8/4PPPP/3K1BNR b kq - 0 11', 'move1': Move.from_uci('e1d1')}
{'state': 'rn2k1nr/ppp2ppp/8/4pb2/P1Pq4/8/4PPPP/3K1BNR w kq - 0 12', 'move2': Move.from_uci('d8d4')}
{'state': 'rn2k1nr/ppp2ppp/8/4pb2/P1Pq4/8/4PPPP/2K2BNR b kq - 1 12', 'move1': Move.from_uci('d1c1')}
{'state': 'rn2k1nr/ppp2ppp/8/4pb2/P1P5/2q5/4PPPP/2K2BNR w kq - 2 13', 'move2': Move.from_uci('d4c3')}
{'state': 'rn2k1nr/ppp2ppp/8/4pb2/P1P5/2q5/4PPPP/3K1BNR b kq - 3 13', 'move1': Move.from_uci('c1d1')}
{'state': 'rn2k1nr/ppp2ppp/8/4pb2/P1P5/8/2q1PPPP/3K1BNR w kq - 4 14', 'move2': Move.from_uci('c3c2')}
{'state': 'rn2k1nr/ppp2ppp/8/4pb2/P1P5/8/2q1PPPP/4KBNR b kq - 5 14', 'move1': Move.from_uci('d1e1')}
{'state': 'rn2k1nr/ppp2ppp/8/4pb2/P1P5/8/4PPPP/2q1KBNR w kq - 6 15', 'move2': Move.from_uci('c2c1')}
END OF GAME, AGENT 3 (Winner.BLACK) won
{'state': 'rnbqkbnr/pppppppp/8/8/8/2N5/PPPPPPPP/R1BQKBNR b KQkq - 1 1', 'move1': Move.from_uci('b1c3')}
{'state': 'rnbqkbnr/ppp1pppp/8/3p4/8/2N5/PPPPPPPP/R1BQKBNR w KQkq - 0 2', 'move2': Move.from_uci('d7d5')}
{'state': 'rnbqkbnr/ppp1pppp/8/3p4/8/2N5/PPPPPPPP/1RBQKBNR b Kkq - 1 2', 'move1': Move.from_uci('a1b1')}
{'state': 'rnbqkbnr/ppp1pppp/8/8/3p4/2N5/PPPPPPPP/1RBQKBNR w Kkq - 0 3', 'move2': Move.from_uci('d5d4')}
{'state': 'rnbqkbnr/ppp1pppp/8/8/P2p4/2N5/1PPPPPPP/1RBQKBNR b Kkq - 0 3', 'move1': Move.from_uci('a2a4')}
{'state': 'rnbqkbnr/ppp1pppp/8/8/P7/2p5/1PPPPPPP/1RBQKBNR w Kkq - 0 4', 'move2': Move.from_uci('d4c3')}
{'state': 'rnbqkbnr/ppp1pppp/8/8/PP6/2p5/2PPPPPP/1RBQKBNR b Kkq - 0 4', 'move1': Move.from_uci('b2b4')}
{'state': 'rnbqkbnr/ppp2ppp/8/4p3/PP6/2p5/2PPPPPP/1RBQKBNR w Kkq - 0 5', 'move2': Move.from_uci('e7e5')}
{'state': 'rnbqkbnr/ppp2ppp/8/4p3/PP1P4/2p5/2P1PPPP/1RBQKBNR b Kkq - 0 5', 'move1': Move.from_uci('d2d4')}
{'state': 'rnb1kbnr/ppp2ppp/8/4p3/PP1q4/2p5/2P1PPPP/1RBQKBNR w Kkq - 0 6', 'move2': Move.from_uci('d8d4')}
{'state': 'rnb1kbnr/ppp2ppp/8/4p3/PP1qP3/2p5/2P2PPP/1RBQKBNR b Kkq - 0 6', 'move1': Move.from_uci('e2e4')}
{'state': 'rnb1kbnr/ppp2ppp/8/4p3/PP2q3/2p5/2P2PPP/1RBQKBNR w Kkq - 0 7', 'move2': Move.from_uci('d4e4')}
{'state': 'rnb1kbnr/ppp2ppp/8/4p3/PP2q3/2p1B3/2P2PPP/1R1QKBNR b Kkq - 1 7', 'move1': Move.from_uci('c1e3')}
{'state': 'r1b1kbnr/ppp2ppp/2n5/4p3/PP2q3/2p1B3/2P2PPP/1R1QKBNR w Kkq - 2 8', 'move2': Move.from_uci('b8c6')}
{'state': 'r1b1kbnr/ppp2ppp/2n5/1P2p3/P3q3/2p1B3/2P2PPP/1R1QKBNR b Kkq - 0 8', 'move1': Move.from_uci('b4b5')}
{'state': 'r1b1kbnr/ppp2ppp/8/1P2p3/P2nq3/2p1B3/2P2PPP/1R1QKBNR w Kkq - 1 9', 'move2': Move.from_uci('c6d4')}
{'state': 'r1b1kbnr/ppp2ppp/8/1P2p3/P2nqP2/2p1B3/2P3PP/1R1QKBNR b Kkq - 0 9', 'move1': Move.from_uci('f2f4')}
{'state': 'r1b1kbnr/ppp2ppp/8/1P2p3/P3qP2/2p1B3/2n3PP/1R1QKBNR w Kkq - 0 10', 'move2': Move.from_uci('d4c2')}
{'state': 'r1b1kbnr/ppp2ppp/8/1P2p3/P3qP2/2p1B3/2Q3PP/1R2KBNR b Kkq - 0 10', 'move1': Move.from_uci('d1c2')}
{'state': 'r1b1kbnr/ppp2ppp/8/1P2p3/P4P2/2p1B3/2q3PP/1R2KBNR w Kkq - 0 11', 'move2': Move.from_uci('e4c2')}
{'state': 'r1b1kbnr/ppp2ppp/8/1P2p3/P4PP1/2p1B3/2q4P/1R2KBNR b Kkq - 0 11', 'move1': Move.from_uci('g2g4')}
{'state': 'r1b1kbnr/ppp2ppp/8/1P2p3/P4PP1/2p1B3/7P/1q2KBNR w Kkq - 0 12', 'move2': Move.from_uci('c2b1')}
{'state': 'r1b1kbnr/ppp2ppp/8/1P2p3/P4PP1/2p5/7P/1qB1KBNR b Kkq - 1 12', 'move1': Move.from_uci('e3c1')}
{'state': 'r1b1kbnr/ppp2ppp/8/1P2p3/P4PP1/2p5/7P/2q1KBNR w Kkq - 0 13', 'move2': Move.from_uci('b1c1')}
{'state': 'r1b1kbnr/ppp2ppp/8/1P2p3/P4PP1/2p5/4K2P/2q2BNR b kq - 1 13', 'move1': Move.from_uci('e1e2')}
{'state': 'r1b1k1nr/ppp2ppp/8/1Pb1p3/P4PP1/2p5/4K2P/2q2BNR w kq - 2 14', 'move2': Move.from_uci('f8c5')}
{'state': 'r1b1k1nr/ppp2ppp/8/1Pb1p3/P4PPP/2p5/4K3/2q2BNR b kq - 0 14', 'move1': Move.from_uci('h2h4')}
{'state': 'r1b1k1nr/ppp2ppp/8/1Pb1p3/P4PPP/2p1q3/4K3/5BNR w kq - 1 15', 'move2': Move.from_uci('c1e3')}
{'state': 'r1b1k1nr/ppp2ppp/8/1Pb1p3/P4PPP/2p1q3/8/3K1BNR b kq - 2 15', 'move1': Move.from_uci('e2d1')}
{'state': 'r1b1k1nr/ppp2ppp/8/1Pb1p3/P4PPP/2p5/3q4/3K1BNR w kq - 3 16', 'move2': Move.from_uci('e3d2')}
END OF GAME, AGENT 3 (Winner.BLACK) won
{'state': 'rnbqkbnr/pppppppp/8/8/4P3/8/PPPP1PPP/RNBQKBNR b KQkq - 0 1', 'move1': Move.from_uci('e2e4')}
{'state': 'r1bqkbnr/pppppppp/2n5/8/4P3/8/PPPP1PPP/RNBQKBNR w KQkq - 1 2', 'move2': Move.from_uci('b8c6')}
{'state': 'r1bqkbnr/pppppppp/2n5/8/4P3/5N2/PPPP1PPP/RNBQKB1R b KQkq - 2 2', 'move1': Move.from_uci('g1f3')}
{'state': 'r1bqkb1r/pppppppp/2n2n2/8/4P3/5N2/PPPP1PPP/RNBQKB1R w KQkq - 3 3', 'move2': Move.from_uci('g8f6')}
{'state': 'r1bqkb1r/pppppppp/2n2n2/4P3/8/5N2/PPPP1PPP/RNBQKB1R b KQkq - 0 3', 'move1': Move.from_uci('e4e5')}
{'state': 'r1bqkb1r/pppppppp/2n5/4P3/6n1/5N2/PPPP1PPP/RNBQKB1R w KQkq - 1 4', 'move2': Move.from_uci('f6g4')}
{'state': 'r1bqkb1r/pppppppp/2n5/4P3/3P2n1/5N2/PPP2PPP/RNBQKB1R b KQkq - 0 4', 'move1': Move.from_uci('d2d4')}
{'state': 'r1bqkb1r/p1pppppp/1pn5/4P3/3P2n1/5N2/PPP2PPP/RNBQKB1R w KQkq - 0 5', 'move2': Move.from_uci('b7b6')}
{'state': 'r1bqkb1r/p1pppppp/1pn5/4P3/3P2n1/5N1P/PPP2PP1/RNBQKB1R b KQkq - 0 5', 'move1': Move.from_uci('h2h3')}
{'state': 'r1bqkb1r/2pppppp/ppn5/4P3/3P2n1/5N1P/PPP2PP1/RNBQKB1R w KQkq - 0 6', 'move2': Move.from_uci('a7a6')}
{'state': 'r1bqkb1r/2pppppp/ppn5/4P3/3P2P1/5N2/PPP2PP1/RNBQKB1R b KQkq - 0 6', 'move1': Move.from_uci('h3g4')}
{'state': 'r1bqkb1r/2p1pppp/ppn5/3pP3/3P2P1/5N2/PPP2PP1/RNBQKB1R w KQkq d6 0 7', 'move2': Move.from_uci('d7d5')}
{'state': 'r1bqkb1r/2p1pppp/ppn5/3pP1N1/3P2P1/8/PPP2PP1/RNBQKB1R b KQkq - 1 7', 'move1': Move.from_uci('f3g5')}
{'state': 'rnbqkb1r/2p1pppp/pp6/3pP1N1/3P2P1/8/PPP2PP1/RNBQKB1R w KQkq - 2 8', 'move2': Move.from_uci('c6b8')}
{'state': 'rnbqkb1r/2p1pppp/pp6/3pP1N1/3P2P1/5Q2/PPP2PP1/RNB1KB1R b KQkq - 3 8', 'move1': Move.from_uci('d1f3')}
{'state': 'rnbqkb1r/4pppp/pp6/2ppP1N1/3P2P1/5Q2/PPP2PP1/RNB1KB1R w KQkq - 0 9', 'move2': Move.from_uci('c7c5')}
{'state': 'rnbqkb1r/4pQpp/pp6/2ppP1N1/3P2P1/8/PPP2PP1/RNB1KB1R b KQkq - 0 9', 'move1': Move.from_uci('f3f7')}
{'state': 'rnbq1b1r/3kpQpp/pp6/2ppP1N1/3P2P1/8/PPP2PP1/RNB1KB1R w KQ - 1 10', 'move2': Move.from_uci('e8d7')}
{'state': 'rnbq1b1r/3kp1pp/pp6/2pQP1N1/3P2P1/8/PPP2PP1/RNB1KB1R b KQ - 0 10', 'move1': Move.from_uci('f7d5')}
{'state': 'rnbq1b1r/2k1p1pp/pp6/2pQP1N1/3P2P1/8/PPP2PP1/RNB1KB1R w KQ - 1 11', 'move2': Move.from_uci('d7c7')}
{'state': 'Qnbq1b1r/2k1p1pp/pp6/2p1P1N1/3P2P1/8/PPP2PP1/RNB1KB1R b KQ - 0 11', 'move1': Move.from_uci('d5a8')}
{'state': 'Qnbq1b1r/2k1p1p1/pp6/2p1P1Np/3P2P1/8/PPP2PP1/RNB1KB1R w KQ - 0 12', 'move2': Move.from_uci('h7h5')}
{'state': '1nbq1b1r/Q1k1p1p1/pp6/2p1P1Np/3P2P1/8/PPP2PP1/RNB1KB1R b KQ - 1 12', 'move1': Move.from_uci('a8a7')}
{'state': '1n1q1b1r/Qbk1p1p1/pp6/2p1P1Np/3P2P1/8/PPP2PP1/RNB1KB1R w KQ - 2 13', 'move2': Move.from_uci('c8b7')}
{'state': '1n1q1b1r/Qbk1p1p1/pp2N3/2p1P2p/3P2P1/8/PPP2PP1/RNB1KB1R b KQ - 3 13', 'move1': Move.from_uci('g5e6')}
{'state': '1n1q1b1r/Qb2p1p1/ppk1N3/2p1P2p/3P2P1/8/PPP2PP1/RNB1KB1R w KQ - 4 14', 'move2': Move.from_uci('c7c6')}
{'state': '1n1N1b1r/Qb2p1p1/ppk5/2p1P2p/3P2P1/8/PPP2PP1/RNB1KB1R b KQ - 0 14', 'move1': Move.from_uci('e6d8')}
{'state': '1n1N1b1r/Qb2p1p1/pp6/2pkP2p/3P2P1/8/PPP2PP1/RNB1KB1R w KQ - 1 15', 'move2': Move.from_uci('c6d5')}
{'state': '1n1N1b1r/Qb2p1p1/pp6/2pkP2p/3P2P1/2N5/PPP2PP1/R1B1KB1R b KQ - 2 15', 'move1': Move.from_uci('b1c3')}
{'state': '1n1N1b1r/Qb2p1p1/pp6/2p1P2p/3k2P1/2N5/PPP2PP1/R1B1KB1R w KQ - 0 16', 'move2': Move.from_uci('d5d4')}
{'state': '1Q1N1b1r/1b2p1p1/pp6/2p1P2p/3k2P1/2N5/PPP2PP1/R1B1KB1R b KQ - 0 16', 'move1': Move.from_uci('a7b8')}
{'state': '1Q1N1b1r/4p1p1/pp6/2p1P2p/3k2P1/2N5/PPP2Pb1/R1B1KB1R w KQ - 0 17', 'move2': Move.from_uci('b7g2')}
{'state': '1Q1N1b1r/4p1p1/pp6/2p1P2p/3k2P1/2N1B3/PPP2Pb1/R3KB1R b KQ - 1 17', 'move1': Move.from_uci('c1e3')}
END OF GAME, AGENT 3 (Winner.WHITE) won
{'state': 'rnbqkbnr/pppppppp/8/8/8/2N5/PPPPPPPP/R1BQKBNR b KQkq - 1 1', 'move1': Move.from_uci('b1c3')}
{'state': 'rnbqkbnr/ppp1pppp/8/3p4/8/2N5/PPPPPPPP/R1BQKBNR w KQkq - 0 2', 'move2': Move.from_uci('d7d5')}
{'state': 'rnbqkbnr/ppp1pppp/8/3p4/8/2N5/PPPPPPPP/1RBQKBNR b Kkq - 1 2', 'move1': Move.from_uci('a1b1')}
{'state': 'rnbqkbnr/ppp1pppp/8/8/3p4/2N5/PPPPPPPP/1RBQKBNR w Kkq - 0 3', 'move2': Move.from_uci('d5d4')}
{'state': 'rnbqkbnr/ppp1pppp/8/8/P2p4/2N5/1PPPPPPP/1RBQKBNR b Kkq - 0 3', 'move1': Move.from_uci('a2a4')}
{'state': 'rnbqkbnr/ppp1pppp/8/8/P7/2p5/1PPPPPPP/1RBQKBNR w Kkq - 0 4', 'move2': Move.from_uci('d4c3')}
{'state': 'rnbqkbnr/ppp1pppp/8/8/PP6/2p5/2PPPPPP/1RBQKBNR b Kkq - 0 4', 'move1': Move.from_uci('b2b4')}
{'state': 'rnbqkbnr/1pp1pppp/8/p7/PP6/2p5/2PPPPPP/1RBQKBNR w Kkq - 0 5', 'move2': Move.from_uci('a7a5')}
{'state': 'rnbqkbnr/1pp1pppp/8/p7/PP1P4/2p5/2P1PPPP/1RBQKBNR b Kkq - 0 5', 'move1': Move.from_uci('d2d4')}
{'state': 'rnbqkbnr/1pp1pppp/8/8/Pp1P4/2p5/2P1PPPP/1RBQKBNR w Kkq - 0 6', 'move2': Move.from_uci('a5b4')}
{'state': 'rnbqkbnr/1pp1pppp/8/8/PR1P4/2p5/2P1PPPP/2BQKBNR b Kkq - 0 6', 'move1': Move.from_uci('b1b4')}
{'state': 'rnbqkbnr/1pp2ppp/8/4p3/PR1P4/2p5/2P1PPPP/2BQKBNR w Kkq - 0 7', 'move2': Move.from_uci('e7e5')}
{'state': 'rnbqkbnr/1pp2ppp/8/4p1B1/PR1P4/2p5/2P1PPPP/3QKBNR b Kkq - 1 7', 'move1': Move.from_uci('c1g5')}
{'state': 'rnb1kbnr/1pp2ppp/8/4p1q1/PR1P4/2p5/2P1PPPP/3QKBNR w Kkq - 0 8', 'move2': Move.from_uci('d8g5')}
{'state': 'rnb1kbnr/1pp2ppp/8/4p1q1/PR1PP3/2p5/2P2PPP/3QKBNR b Kkq - 0 8', 'move1': Move.from_uci('e2e4')}
{'state': 'rnb1k1nr/1pp2ppp/8/4p1q1/Pb1PP3/2p5/2P2PPP/3QKBNR w Kkq - 0 9', 'move2': Move.from_uci('f8b4')}
{'state': 'rnb1k1nr/1pp2ppp/8/4p1q1/Pb1PPP2/2p5/2P3PP/3QKBNR b Kkq - 0 9', 'move1': Move.from_uci('f2f4')}
{'state': 'rnb1k1nr/1pp2ppp/8/4p3/Pb1PPq2/2p5/2P3PP/3QKBNR w Kkq - 0 10', 'move2': Move.from_uci('g5f4')}
{'state': 'rnb1k1nr/1pp2ppp/8/4p3/Pb1PPqP1/2p5/2P4P/3QKBNR b Kkq - 0 10', 'move1': Move.from_uci('g2g4')}
{'state': 'rnb1k1nr/1pp2ppp/8/4p3/Pb1Pq1P1/2p5/2P4P/3QKBNR w Kkq - 0 11', 'move2': Move.from_uci('f4e4')}
{'state': 'rnb1k1nr/1pp2ppp/8/4p3/Pb1Pq1P1/2p5/2P1Q2P/4KBNR b Kkq - 1 11', 'move1': Move.from_uci('d1e2')}
{'state': 'rnb1k1nr/1pp2ppp/8/4p3/Pb1P2P1/2p5/2P1Q2P/4KBNq w kq - 0 12', 'move2': Move.from_uci('e4h1')}
{'state': 'rnb1k1nr/1pp2ppp/8/4p3/Pb1P2PP/2p5/2P1Q3/4KBNq b kq - 0 12', 'move1': Move.from_uci('h2h4')}
{'state': 'rnb1k1nr/1pp2ppp/8/4p3/Pb1P2PP/2p5/2P1Q3/4KBq1 w kq - 0 13', 'move2': Move.from_uci('h1g1')}
{'state': 'rnb1k1nr/1pp2ppp/8/P3p3/1b1P2PP/2p5/2P1Q3/4KBq1 b kq - 0 13', 'move1': Move.from_uci('a4a5')}
{'state': '1nb1k1nr/1pp2ppp/8/r3p3/1b1P2PP/2p5/2P1Q3/4KBq1 w k - 0 14', 'move2': Move.from_uci('a8a5')}
{'state': '1nb1k1nr/1pp2ppp/8/r2Pp3/1b4PP/2p5/2P1Q3/4KBq1 b k - 0 14', 'move1': Move.from_uci('d4d5')}
{'state': '1nb1k1nr/1pp2ppp/8/3Pp3/1b4PP/2p5/2P1Q3/r3KBq1 w k - 1 15', 'move2': Move.from_uci('a5a1')}
{'state': '1nb1k1nr/1pp2ppp/8/3Pp3/1b4PP/2p5/2P5/r2QKBq1 b k - 2 15', 'move1': Move.from_uci('e2d1')}
{'state': '1nb1k1nr/1pp2ppp/8/3Pp3/1b4PP/2p5/2P5/3rKBq1 w k - 0 16', 'move2': Move.from_uci('a1d1')}
{'state': '1nb1k1nr/1pp2ppp/8/3Pp3/1b4PP/2p5/2P1K3/3r1Bq1 b k - 1 16', 'move1': Move.from_uci('e1e2')}
{'state': '1n2k1nr/1pp2ppp/8/3Pp3/1b4bP/2p5/2P1K3/3r1Bq1 w k - 0 17', 'move2': Move.from_uci('c8g4')}
END OF GAME, AGENT 3 (Winner.BLACK) won
{'state': 'rnbqkbnr/pppppppp/8/8/4P3/8/PPPP1PPP/RNBQKBNR b KQkq - 0 1', 'move1': Move.from_uci('e2e4')}
{'state': 'rnbqkb1r/pppppppp/5n2/8/4P3/8/PPPP1PPP/RNBQKBNR w KQkq - 1 2', 'move2': Move.from_uci('g8f6')}
{'state': 'rnbqkb1r/pppppppp/5n2/4P3/8/8/PPPP1PPP/RNBQKBNR b KQkq - 0 2', 'move1': Move.from_uci('e4e5')}
{'state': 'rnbqkb1r/ppp1pppp/5n2/3pP3/8/8/PPPP1PPP/RNBQKBNR w KQkq d6 0 3', 'move2': Move.from_uci('d7d5')}
{'state': 'rnbqkb1r/ppp1pppp/5P2/3p4/8/8/PPPP1PPP/RNBQKBNR b KQkq - 0 3', 'move1': Move.from_uci('e5f6')}
{'state': 'rnbqkb1r/1pp1pppp/p4P2/3p4/8/8/PPPP1PPP/RNBQKBNR w KQkq - 0 4', 'move2': Move.from_uci('a7a6')}
{'state': 'rnbqkb1r/1pp1ppPp/p7/3p4/8/8/PPPP1PPP/RNBQKBNR b KQkq - 0 4', 'move1': Move.from_uci('f6g7')}
{'state': 'rnbqkb1r/2p1ppPp/p7/1p1p4/8/8/PPPP1PPP/RNBQKBNR w KQkq - 0 5', 'move2': Move.from_uci('b7b5')}
{'state': 'rnbqkb1Q/2p1pp1p/p7/1p1p4/8/8/PPPP1PPP/RNBQKBNR b KQq - 0 5', 'move1': Move.from_uci('g7h8q')}
{'state': 'rnbqkb1Q/4pp1p/p7/1ppp4/8/8/PPPP1PPP/RNBQKBNR w KQq - 0 6', 'move2': Move.from_uci('c7c5')}
{'state': 'rnbqkb2/4pp1Q/p7/1ppp4/8/8/PPPP1PPP/RNBQKBNR b KQq - 0 6', 'move1': Move.from_uci('h8h7')}
{'state': 'rnbqkb2/5p1Q/p7/1pppp3/8/8/PPPP1PPP/RNBQKBNR w KQq - 0 7', 'move2': Move.from_uci('e7e5')}
{'state': 'rnbqkb2/5p1Q/p7/1pppp2Q/8/8/PPPP1PPP/RNB1KBNR b KQq - 1 7', 'move1': Move.from_uci('d1h5')}
{'state': '1nbqkb2/r4p1Q/p7/1pppp2Q/8/8/PPPP1PPP/RNB1KBNR w KQ - 2 8', 'move2': Move.from_uci('a8a7')}
{'state': '1nbqkb2/r4p1Q/p7/1pppp2Q/8/5N2/PPPP1PPP/RNB1KB1R b KQ - 3 8', 'move1': Move.from_uci('g1f3')}
{'state': '1nbqkb2/r4p1Q/p7/2ppp2Q/1p6/5N2/PPPP1PPP/RNB1KB1R w KQ - 0 9', 'move2': Move.from_uci('b5b4')}
{'state': '1nbqkb2/r4p1Q/p7/2ppN2Q/1p6/8/PPPP1PPP/RNB1KB1R b KQ - 0 9', 'move1': Move.from_uci('f3e5')}
{'state': '1nbqkb2/r4p1Q/p7/2ppN2Q/8/1p6/PPPP1PPP/RNB1KB1R w KQ - 0 10', 'move2': Move.from_uci('b4b3')}
{'state': '1nbqkb2/r4Q2/p7/2ppN2Q/8/1p6/PPPP1PPP/RNB1KB1R b KQ - 0 10', 'move1': Move.from_uci('h7f7')}
{'state': '1nbqkb2/5r2/p7/2ppN2Q/8/1p6/PPPP1PPP/RNB1KB1R w KQ - 0 11', 'move2': Move.from_uci('a7f7')}
{'state': '1nbqkb2/5Q2/p7/2ppN3/8/1p6/PPPP1PPP/RNB1KB1R b KQ - 0 11', 'move1': Move.from_uci('h5f7')}
END OF GAME, AGENT 3 (Winner.WHITE) won
{'state': 'rnbqkbnr/pppppppp/8/8/8/2N5/PPPPPPPP/R1BQKBNR b KQkq - 1 1', 'move1': Move.from_uci('b1c3')}
{'state': 'rnbqkbnr/ppp1pppp/8/3p4/8/2N5/PPPPPPPP/R1BQKBNR w KQkq - 0 2', 'move2': Move.from_uci('d7d5')}
{'state': 'rnbqkbnr/ppp1pppp/8/3p4/8/2N5/PPPPPPPP/1RBQKBNR b Kkq - 1 2', 'move1': Move.from_uci('a1b1')}
{'state': 'rnbqkbnr/ppp1pppp/8/8/3p4/2N5/PPPPPPPP/1RBQKBNR w Kkq - 0 3', 'move2': Move.from_uci('d5d4')}
{'state': 'rnbqkbnr/ppp1pppp/8/8/P2p4/2N5/1PPPPPPP/1RBQKBNR b Kkq - 0 3', 'move1': Move.from_uci('a2a4')}
{'state': 'rnbqkbnr/ppp1pppp/8/8/P7/2p5/1PPPPPPP/1RBQKBNR w Kkq - 0 4', 'move2': Move.from_uci('d4c3')}
{'state': 'rnbqkbnr/ppp1pppp/8/8/PP6/2p5/2PPPPPP/1RBQKBNR b Kkq - 0 4', 'move1': Move.from_uci('b2b4')}
{'state': 'rnbqkbnr/ppp2ppp/8/4p3/PP6/2p5/2PPPPPP/1RBQKBNR w Kkq - 0 5', 'move2': Move.from_uci('e7e5')}
{'state': 'rnbqkbnr/ppp2ppp/8/4p3/PP1P4/2p5/2P1PPPP/1RBQKBNR b Kkq - 0 5', 'move1': Move.from_uci('d2d4')}
{'state': 'rnb1kbnr/ppp2ppp/8/4p3/PP1q4/2p5/2P1PPPP/1RBQKBNR w Kkq - 0 6', 'move2': Move.from_uci('d8d4')}
{'state': 'rnb1kbnr/ppp2ppp/8/4p3/PP1qP3/2p5/2P2PPP/1RBQKBNR b Kkq - 0 6', 'move1': Move.from_uci('e2e4')}
{'state': 'rnb1kbnr/ppp2ppp/8/4p3/PP2q3/2p5/2P2PPP/1RBQKBNR w Kkq - 0 7', 'move2': Move.from_uci('d4e4')}
{'state': 'rnb1kbnr/ppp2ppp/8/4p3/PP2q3/2p1B3/2P2PPP/1R1QKBNR b Kkq - 1 7', 'move1': Move.from_uci('c1e3')}
{'state': 'r1b1kbnr/ppp2ppp/2n5/4p3/PP2q3/2p1B3/2P2PPP/1R1QKBNR w Kkq - 2 8', 'move2': Move.from_uci('b8c6')}
{'state': 'r1b1kbnr/ppp2ppp/2n5/4p3/PP2q3/2p1B3/2P2PPP/2RQKBNR b Kkq - 3 8', 'move1': Move.from_uci('b1c1')}
{'state': 'r1b1kbnr/ppp2ppp/8/4p3/Pn2q3/2p1B3/2P2PPP/2RQKBNR w Kkq - 0 9', 'move2': Move.from_uci('c6b4')}
{'state': 'r1b1kbnr/ppp2ppp/8/4p3/Pn2qP2/2p1B3/2P3PP/2RQKBNR b Kkq - 0 9', 'move1': Move.from_uci('f2f4')}
{'state': 'r1b1kbnr/ppp2ppp/8/4p3/Pn3P2/2p1q3/2P3PP/2RQKBNR w Kkq - 0 10', 'move2': Move.from_uci('e4e3')}
{'state': 'r1b1kbnr/ppp2ppp/8/4p3/Pn3P2/2p1q3/2P1Q1PP/2R1KBNR b Kkq - 1 10', 'move1': Move.from_uci('d1e2')}
{'state': 'r1b1kbnr/ppp2ppp/8/4p3/Pn3P2/2p5/2P1Q1PP/2q1KBNR w Kkq - 0 11', 'move2': Move.from_uci('e3c1')}
{'state': 'r1b1kbnr/ppp2ppp/8/4p3/Pn3P2/2p5/2P3PP/2qQKBNR b Kkq - 1 11', 'move1': Move.from_uci('e2d1')}
{'state': 'r1b1kbnr/ppp2ppp/8/4p3/P4P2/2p5/2n3PP/2qQKBNR w Kkq - 0 12', 'move2': Move.from_uci('b4c2')}
{'state': 'r1b1kbnr/ppp2ppp/8/4p3/P4P2/2p5/2n2KPP/2qQ1BNR b kq - 1 12', 'move1': Move.from_uci('e1f2')}
{'state': 'r1b1kbnr/ppp2ppp/8/4p3/P4P2/2p1q3/2n2KPP/3Q1BNR w kq - 2 13', 'move2': Move.from_uci('c1e3')}
END OF GAME, AGENT 3 (Winner.BLACK) won
{'state': 'rnbqkbnr/pppppppp/8/8/4P3/8/PPPP1PPP/RNBQKBNR b KQkq - 0 1', 'move1': Move.from_uci('e2e4')}
{'state': 'rnbqkb1r/pppppppp/5n2/8/4P3/8/PPPP1PPP/RNBQKBNR w KQkq - 1 2', 'move2': Move.from_uci('g8f6')}
{'state': 'rnbqkb1r/pppppppp/5n2/4P3/8/8/PPPP1PPP/RNBQKBNR b KQkq - 0 2', 'move1': Move.from_uci('e4e5')}
{'state': 'rnbqkb1r/ppppppp1/5n2/4P2p/8/8/PPPP1PPP/RNBQKBNR w KQkq - 0 3', 'move2': Move.from_uci('h7h5')}
{'state': 'rnbqkb1r/ppppppp1/5P2/7p/8/8/PPPP1PPP/RNBQKBNR b KQkq - 0 3', 'move1': Move.from_uci('e5f6')}
{'state': 'rnbqkb1r/1pppppp1/5P2/p6p/8/8/PPPP1PPP/RNBQKBNR w KQkq - 0 4', 'move2': Move.from_uci('a7a5')}
{'state': 'rnbqkb1r/1pppppP1/8/p6p/8/8/PPPP1PPP/RNBQKBNR b KQkq - 0 4', 'move1': Move.from_uci('f6g7')}
{'state': 'rnbqkb1r/2ppppP1/8/pp5p/8/8/PPPP1PPP/RNBQKBNR w KQkq - 0 5', 'move2': Move.from_uci('b7b5')}
{'state': 'rnbqkb1Q/2pppp2/8/pp5p/8/8/PPPP1PPP/RNBQKBNR b KQq - 0 5', 'move1': Move.from_uci('g7h8q')}
{'state': 'rnbqkb1Q/3ppp2/8/ppp4p/8/8/PPPP1PPP/RNBQKBNR w KQq - 0 6', 'move2': Move.from_uci('c7c5')}
{'state': 'rnbqkb1Q/3ppp2/8/ppp4Q/8/8/PPPP1PPP/RNB1KBNR b KQq - 0 6', 'move1': Move.from_uci('d1h5')}
{'state': 'rnbqkb1Q/4pp2/8/pppp3Q/8/8/PPPP1PPP/RNB1KBNR w KQq - 0 7', 'move2': Move.from_uci('d7d5')}
{'state': 'rnbqkQ2/4pp2/8/pppp3Q/8/8/PPPP1PPP/RNB1KBNR b KQq - 0 7', 'move1': Move.from_uci('h8f8')}
{'state': 'rnbq1Q2/3kpp2/8/pppp3Q/8/8/PPPP1PPP/RNB1KBNR w KQ - 1 8', 'move2': Move.from_uci('e8d7')}
{'state': 'rnbq1Q2/3kpp2/8/pppQ4/8/8/PPPP1PPP/RNB1KBNR b KQ - 0 8', 'move1': Move.from_uci('h5d5')}
{'state': 'rnbq1Q2/2k1pp2/8/pppQ4/8/8/PPPP1PPP/RNB1KBNR w KQ - 1 9', 'move2': Move.from_uci('d7c7')}
{'state': 'rnbQ4/2k1pp2/8/pppQ4/8/8/PPPP1PPP/RNB1KBNR b KQ - 0 9', 'move1': Move.from_uci('f8d8')}
END OF GAME, AGENT 3 (Winner.WHITE) won
{'state': 'rnbqkbnr/pppppppp/8/8/8/2N5/PPPPPPPP/R1BQKBNR b KQkq - 1 1', 'move1': Move.from_uci('b1c3')}
{'state': 'rnbqkbnr/ppp1pppp/8/3p4/8/2N5/PPPPPPPP/R1BQKBNR w KQkq - 0 2', 'move2': Move.from_uci('d7d5')}
{'state': 'rnbqkbnr/ppp1pppp/8/3p4/8/2N5/PPPPPPPP/1RBQKBNR b Kkq - 1 2', 'move1': Move.from_uci('a1b1')}
{'state': 'rnbqkbnr/ppp1pppp/8/8/3p4/2N5/PPPPPPPP/1RBQKBNR w Kkq - 0 3', 'move2': Move.from_uci('d5d4')}
{'state': 'rnbqkbnr/ppp1pppp/8/8/P2p4/2N5/1PPPPPPP/1RBQKBNR b Kkq - 0 3', 'move1': Move.from_uci('a2a4')}
{'state': 'rnbqkbnr/ppp1pppp/8/8/P7/2p5/1PPPPPPP/1RBQKBNR w Kkq - 0 4', 'move2': Move.from_uci('d4c3')}
{'state': 'rnbqkbnr/ppp1pppp/8/8/PP6/2p5/2PPPPPP/1RBQKBNR b Kkq - 0 4', 'move1': Move.from_uci('b2b4')}
{'state': 'rnbqkbnr/1pp1pppp/8/p7/PP6/2p5/2PPPPPP/1RBQKBNR w Kkq - 0 5', 'move2': Move.from_uci('a7a5')}
{'state': 'rnbqkbnr/1pp1pppp/8/p7/PP1P4/2p5/2P1PPPP/1RBQKBNR b Kkq - 0 5', 'move1': Move.from_uci('d2d4')}
{'state': 'rnbqkbnr/1pp1pppp/8/8/Pp1P4/2p5/2P1PPPP/1RBQKBNR w Kkq - 0 6', 'move2': Move.from_uci('a5b4')}
{'state': 'rnbqkbnr/1pp1pppp/8/8/PR1P4/2p5/2P1PPPP/2BQKBNR b Kkq - 0 6', 'move1': Move.from_uci('b1b4')}
{'state': 'rnbqkbnr/1pp2ppp/8/4p3/PR1P4/2p5/2P1PPPP/2BQKBNR w Kkq - 0 7', 'move2': Move.from_uci('e7e5')}
{'state': 'rnbqkbnr/1pp2ppp/8/4p3/PR1P4/2pQ4/2P1PPPP/2B1KBNR b Kkq - 1 7', 'move1': Move.from_uci('d1d3')}
{'state': 'rnbqk1nr/1pp2ppp/8/4p3/Pb1P4/2pQ4/2P1PPPP/2B1KBNR w Kkq - 0 8', 'move2': Move.from_uci('f8b4')}
{'state': 'rnbqk1nr/1pp2ppp/8/4p3/Pb1P4/2pQ3N/2P1PPPP/2B1KB1R b Kkq - 1 8', 'move1': Move.from_uci('g1h3')}
{'state': '1nbqk1nr/1pp2ppp/8/4p3/rb1P4/2pQ3N/2P1PPPP/2B1KB1R w Kk - 0 9', 'move2': Move.from_uci('a8a4')}
{'state': '1nbqk1nr/1pp2ppp/8/4P3/rb6/2pQ3N/2P1PPPP/2B1KB1R b Kk - 0 9', 'move1': Move.from_uci('d4e5')}
{'state': '1nb1k1nr/1pp2ppp/8/4P3/rb6/2pq3N/2P1PPPP/2B1KB1R w Kk - 0 10', 'move2': Move.from_uci('d8d3')}
{'state': '1nb1k1nr/1pp2ppp/8/4P3/rb2P3/2pq3N/2P2PPP/2B1KB1R b Kk - 0 10', 'move1': Move.from_uci('e2e4')}
{'state': '1nb1k1nr/1pp2ppp/8/4P3/rb2q3/2p4N/2P2PPP/2B1KB1R w Kk - 0 11', 'move2': Move.from_uci('d3e4')}
{'state': '1nb1k1nr/1pp2ppp/8/4P3/rb2q3/2p1B2N/2P2PPP/4KB1R b Kk - 1 11', 'move1': Move.from_uci('c1e3')}
{'state': '1nb1k1nr/1pp2ppp/8/4P3/1b2q3/2p1B2N/2P2PPP/r3KB1R w Kk - 2 12', 'move2': Move.from_uci('a4a1')}
{'state': '1nb1k1nr/1pp2ppp/8/4P3/1b2q3/2p1B2N/2P1KPPP/r4B1R b k - 3 12', 'move1': Move.from_uci('e1e2')}
{'state': '1nb1k1nr/1pp2ppp/8/4P3/1bq5/2p1B2N/2P1KPPP/r4B1R w k - 4 13', 'move2': Move.from_uci('e4c4')}
{'state': '1nb1k1nr/1pp2ppp/8/4P3/1bq5/2p1BK1N/2P2PPP/r4B1R b k - 5 13', 'move1': Move.from_uci('e2f3')}
{'state': '1nb1k1nr/1pp2ppp/8/4P3/1b4q1/2p1BK1N/2P2PPP/r4B1R w k - 6 14', 'move2': Move.from_uci('c4g4')}
END OF GAME, AGENT 3 (Winner.BLACK) won
{'state': 'rnbqkbnr/pppppppp/8/8/4P3/8/PPPP1PPP/RNBQKBNR b KQkq - 0 1', 'move1': Move.from_uci('e2e4')}
{'state': 'rnbqkb1r/pppppppp/5n2/8/4P3/8/PPPP1PPP/RNBQKBNR w KQkq - 1 2', 'move2': Move.from_uci('g8f6')}
{'state': 'rnbqkb1r/pppppppp/5n2/4P3/8/8/PPPP1PPP/RNBQKBNR b KQkq - 0 2', 'move1': Move.from_uci('e4e5')}
{'state': 'rnbqkb1r/p1pppppp/1p3n2/4P3/8/8/PPPP1PPP/RNBQKBNR w KQkq - 0 3', 'move2': Move.from_uci('b7b6')}
{'state': 'rnbqkb1r/p1pppppp/1p3P2/8/8/8/PPPP1PPP/RNBQKBNR b KQkq - 0 3', 'move1': Move.from_uci('e5f6')}
{'state': 'rnbqkb1r/p2ppppp/1p3P2/2p5/8/8/PPPP1PPP/RNBQKBNR w KQkq - 0 4', 'move2': Move.from_uci('c7c5')}
{'state': 'rnbqkb1r/p2ppppp/1p3P2/2p5/8/5N2/PPPP1PPP/RNBQKB1R b KQkq - 1 4', 'move1': Move.from_uci('g1f3')}
{'state': 'rnbqkb1r/p2p1ppp/1p2pP2/2p5/8/5N2/PPPP1PPP/RNBQKB1R w KQkq - 0 5', 'move2': Move.from_uci('e7e6')}
{'state': 'rnbqkb1r/p2p1pPp/1p2p3/2p5/8/5N2/PPPP1PPP/RNBQKB1R b KQkq - 0 5', 'move1': Move.from_uci('f6g7')}
{'state': 'rnbqkb1r/3p1pPp/1p2p3/p1p5/8/5N2/PPPP1PPP/RNBQKB1R w KQkq - 0 6', 'move2': Move.from_uci('a7a5')}
{'state': 'rnbqkb1Q/3p1p1p/1p2p3/p1p5/8/5N2/PPPP1PPP/RNBQKB1R b KQq - 0 6', 'move1': Move.from_uci('g7h8q')}
{'state': 'rnbqkb1Q/5p1p/1p2p3/p1pp4/8/5N2/PPPP1PPP/RNBQKB1R w KQq - 0 7', 'move2': Move.from_uci('d7d5')}
{'state': 'rnbqkb1Q/5p1p/1p2p3/p1ppN3/8/8/PPPP1PPP/RNBQKB1R b KQq - 1 7', 'move1': Move.from_uci('f3e5')}
{'state': 'rnbqkb1Q/7p/1p2p3/p1ppNp2/8/8/PPPP1PPP/RNBQKB1R w KQq - 0 8', 'move2': Move.from_uci('f7f5')}
{'state': 'rnbqkb1Q/7p/1p2p3/p1ppNp1Q/8/8/PPPP1PPP/RNB1KB1R b KQq - 1 8', 'move1': Move.from_uci('d1h5')}
{'state': 'rnbq1b1Q/4k2p/1p2p3/p1ppNp1Q/8/8/PPPP1PPP/RNB1KB1R w KQ - 2 9', 'move2': Move.from_uci('e8e7')}
{'state': 'rnbq1b1Q/4k2p/1p2p3/p1ppNpQ1/8/8/PPPP1PPP/RNB1KB1R b KQ - 3 9', 'move1': Move.from_uci('h5g5')}
{'state': 'rnbq1b1Q/7p/1p1kp3/p1ppNpQ1/8/8/PPPP1PPP/RNB1KB1R w KQ - 4 10', 'move2': Move.from_uci('e7d6')}
{'state': 'rnbQ1b1Q/7p/1p1kp3/p1ppNp2/8/8/PPPP1PPP/RNB1KB1R b KQ - 0 10', 'move1': Move.from_uci('g5d8')}
{'state': 'r1bQ1b1Q/3n3p/1p1kp3/p1ppNp2/8/8/PPPP1PPP/RNB1KB1R w KQ - 1 11', 'move2': Move.from_uci('b8d7')}
{'state': 'r1bQ1Q2/3n3p/1p1kp3/p1ppNp2/8/8/PPPP1PPP/RNB1KB1R b KQ - 0 11', 'move1': Move.from_uci('h8f8')}
{'state': 'r1bQ1Q2/3n3p/1p2p3/p1ppkp2/8/8/PPPP1PPP/RNB1KB1R w KQ - 0 12', 'move2': Move.from_uci('d6e5')}
{'state': 'r1b2Q2/2Qn3p/1p2p3/p1ppkp2/8/8/PPPP1PPP/RNB1KB1R b KQ - 1 12', 'move1': Move.from_uci('d8c7')}
{'state': 'r1b2Q2/2Qn3p/1p2p3/p1pp1p2/4k3/8/PPPP1PPP/RNB1KB1R w KQ - 2 13', 'move2': Move.from_uci('e5e4')}
{'state': 'r1b2Q2/2Qn3p/1p2p3/p1pp1p2/4k3/3P4/PPP2PPP/RNB1KB1R b KQ - 0 13', 'move1': Move.from_uci('d2d3')}
{'state': 'r1b2Q2/2Qn3p/1p2p3/p1pp1p2/3k4/3P4/PPP2PPP/RNB1KB1R w KQ - 1 14', 'move2': Move.from_uci('e4d4')}
{'state': 'r1b2Q2/2Qn3p/1p2p3/p1pp1p2/3k4/2PP4/PP3PPP/RNB1KB1R b KQ - 0 14', 'move1': Move.from_uci('c2c3')}
END OF GAME, AGENT 3 (Winner.WHITE) won
{'state': 'rnbqkbnr/pppppppp/8/8/8/2N5/PPPPPPPP/R1BQKBNR b KQkq - 1 1', 'move1': Move.from_uci('b1c3')}
{'state': 'rnbqkbnr/ppp1pppp/8/3p4/8/2N5/PPPPPPPP/R1BQKBNR w KQkq - 0 2', 'move2': Move.from_uci('d7d5')}
{'state': 'rnbqkbnr/ppp1pppp/8/3p4/8/2N5/PPPPPPPP/1RBQKBNR b Kkq - 1 2', 'move1': Move.from_uci('a1b1')}
{'state': 'rnbqkbnr/ppp1pppp/8/8/3p4/2N5/PPPPPPPP/1RBQKBNR w Kkq - 0 3', 'move2': Move.from_uci('d5d4')}
{'state': 'rnbqkbnr/ppp1pppp/8/8/P2p4/2N5/1PPPPPPP/1RBQKBNR b Kkq - 0 3', 'move1': Move.from_uci('a2a4')}
{'state': 'rnbqkbnr/ppp1pppp/8/8/P7/2p5/1PPPPPPP/1RBQKBNR w Kkq - 0 4', 'move2': Move.from_uci('d4c3')}
{'state': 'rnbqkbnr/ppp1pppp/8/8/PP6/2p5/2PPPPPP/1RBQKBNR b Kkq - 0 4', 'move1': Move.from_uci('b2b4')}
{'state': 'rnbqkbnr/1pp1pppp/8/p7/PP6/2p5/2PPPPPP/1RBQKBNR w Kkq - 0 5', 'move2': Move.from_uci('a7a5')}
{'state': 'rnbqkbnr/1pp1pppp/8/p7/PP1P4/2p5/2P1PPPP/1RBQKBNR b Kkq - 0 5', 'move1': Move.from_uci('d2d4')}
{'state': 'rnbqkbnr/1pp1pppp/8/8/Pp1P4/2p5/2P1PPPP/1RBQKBNR w Kkq - 0 6', 'move2': Move.from_uci('a5b4')}
{'state': 'rnbqkbnr/1pp1pppp/8/8/PR1P4/2p5/2P1PPPP/2BQKBNR b Kkq - 0 6', 'move1': Move.from_uci('b1b4')}
{'state': 'rnbqkbnr/1pp2ppp/8/4p3/PR1P4/2p5/2P1PPPP/2BQKBNR w Kkq - 0 7', 'move2': Move.from_uci('e7e5')}
{'state': 'rnbqkbnr/1pp2ppp/8/4p3/PR1P4/2p5/2PQPPPP/2B1KBNR b Kkq - 1 7', 'move1': Move.from_uci('d1d2')}
{'state': 'rnbqkbnr/1pp2ppp/8/4p3/PR1P4/8/2PpPPPP/2B1KBNR w Kkq - 0 8', 'move2': Move.from_uci('c3d2')}
{'state': 'rnbqkbnr/1pp2ppp/8/4p3/PR1P4/8/2PBPPPP/4KBNR b Kkq - 0 8', 'move1': Move.from_uci('c1d2')}
{'state': 'rnbqk1nr/1pp2ppp/8/4p3/Pb1P4/8/2PBPPPP/4KBNR w Kkq - 0 9', 'move2': Move.from_uci('f8b4')}
{'state': 'rnbqk1nr/1pp2ppp/8/4p3/PbPP4/8/3BPPPP/4KBNR b Kkq - 0 9', 'move1': Move.from_uci('c2c4')}
{'state': 'rnb1k1nr/1pp2ppp/8/4p3/PbPq4/8/3BPPPP/4KBNR w Kkq - 0 10', 'move2': Move.from_uci('d8d4')}
{'state': 'rnb1k1nr/1pp2ppp/8/4p3/PbPq1P2/8/3BP1PP/4KBNR b Kkq - 0 10', 'move1': Move.from_uci('f2f4')}
{'state': '1nb1k1nr/1pp2ppp/8/4p3/rbPq1P2/8/3BP1PP/4KBNR w Kk - 0 11', 'move2': Move.from_uci('a8a4')}
{'state': '1nb1k1nr/1pp2ppp/8/4p3/rBPq1P2/8/4P1PP/4KBNR b Kk - 0 11', 'move1': Move.from_uci('d2b4')}
{'state': '1nb1k1nr/1pp2ppp/8/4p3/1BPq1P2/8/4P1PP/r3KBNR w Kk - 1 12', 'move2': Move.from_uci('a4a1')}
END OF GAME, AGENT 3 (Winner.BLACK) won
{'state': 'rnbqkbnr/pppppppp/8/8/4P3/8/PPPP1PPP/RNBQKBNR b KQkq - 0 1', 'move1': Move.from_uci('e2e4')}
{'state': 'r1bqkbnr/pppppppp/2n5/8/4P3/8/PPPP1PPP/RNBQKBNR w KQkq - 1 2', 'move2': Move.from_uci('b8c6')}
{'state': 'r1bqkbnr/pppppppp/2n5/8/4P3/5N2/PPPP1PPP/RNBQKB1R b KQkq - 2 2', 'move1': Move.from_uci('g1f3')}
{'state': 'r1bqkb1r/pppppppp/2n2n2/8/4P3/5N2/PPPP1PPP/RNBQKB1R w KQkq - 3 3', 'move2': Move.from_uci('g8f6')}
{'state': 'r1bqkb1r/pppppppp/2n2n2/4P3/8/5N2/PPPP1PPP/RNBQKB1R b KQkq - 0 3', 'move1': Move.from_uci('e4e5')}
{'state': 'r1bqkb1r/pppppppp/2n5/4P3/6n1/5N2/PPPP1PPP/RNBQKB1R w KQkq - 1 4', 'move2': Move.from_uci('f6g4')}
{'state': 'r1bqkb1r/pppppppp/2n5/4P3/3P2n1/5N2/PPP2PPP/RNBQKB1R b KQkq - 0 4', 'move1': Move.from_uci('d2d4')}
{'state': 'r1bqkb1r/ppppp1pp/2n2p2/4P3/3P2n1/5N2/PPP2PPP/RNBQKB1R w KQkq - 0 5', 'move2': Move.from_uci('f7f6')}
{'state': 'r1bqkb1r/ppppp1pp/2n2p2/4P3/3P2n1/5N1P/PPP2PP1/RNBQKB1R b KQkq - 0 5', 'move1': Move.from_uci('h2h3')}
{'state': 'r1bqkb1r/pppp2pp/2n1pp2/4P3/3P2n1/5N1P/PPP2PP1/RNBQKB1R w KQkq - 0 6', 'move2': Move.from_uci('e7e6')}
{'state': 'r1bqkb1r/pppp2pp/2n1pp2/4P3/3P2P1/5N2/PPP2PP1/RNBQKB1R b KQkq - 0 6', 'move1': Move.from_uci('h3g4')}
{'state': 'r1bqkb1r/pppp2p1/2n1pp1p/4P3/3P2P1/5N2/PPP2PP1/RNBQKB1R w KQkq - 0 7', 'move2': Move.from_uci('h7h6')}
{'state': 'r1bqkb1r/pppp2p1/2n1pp1p/4P3/3P2P1/3B1N2/PPP2PP1/RNBQK2R b KQkq - 1 7', 'move1': Move.from_uci('f1d3')}
{'state': 'r1bqkb1r/1ppp2p1/2n1pp1p/p3P3/3P2P1/3B1N2/PPP2PP1/RNBQK2R w KQkq - 0 8', 'move2': Move.from_uci('a7a5')}
{'state': 'r1bqkb1r/1ppp2p1/2n1ppBp/p3P3/3P2P1/5N2/PPP2PP1/RNBQK2R b KQkq - 1 8', 'move1': Move.from_uci('d3g6')}
{'state': 'r1bq1b1r/1pppk1p1/2n1ppBp/p3P3/3P2P1/5N2/PPP2PP1/RNBQK2R w KQ - 2 9', 'move2': Move.from_uci('e8e7')}
{'state': 'r1bq1b1r/1pppk1p1/2n1ppBp/p2PP3/6P1/5N2/PPP2PP1/RNBQK2R b KQ - 0 9', 'move1': Move.from_uci('d4d5')}
{'state': 'r1bq1b1r/2ppk1p1/2n1ppBp/pp1PP3/6P1/5N2/PPP2PP1/RNBQK2R w KQ - 0 10', 'move2': Move.from_uci('b7b5')}
{'state': 'r1bq1b1r/2ppk1p1/2nPppBp/pp2P3/6P1/5N2/PPP2PP1/RNBQK2R b KQ - 0 10', 'move1': Move.from_uci('d5d6')}
{'state': 'r1bq1b1r/3pk1p1/2npppBp/pp2P3/6P1/5N2/PPP2PP1/RNBQK2R w KQ - 0 11', 'move2': Move.from_uci('c7d6')}
{'state': 'r1bq1b1r/3pk1p1/2nQppBp/pp2P3/6P1/5N2/PPP2PP1/RNB1K2R b KQ - 0 11', 'move1': Move.from_uci('d1d6')}
END OF GAME, AGENT 3 (Winner.WHITE) won
