{'state': 'rnbqkbnr/pppppppp/8/8/8/2P5/PP1PPPPP/RNBQKBNR b KQkq - 0 1', 'move1': Move.from_uci('c2c3')}
{'state': 'rnbqkb1r/pppppppp/5n2/8/8/2P5/PP1PPPPP/RNBQKBNR w KQkq - 1 2', 'move2': Move.from_uci('g8f6')}
{'state': 'rnbqkb1r/pppppppp/5n2/8/8/1QP5/PP1PPPPP/RNB1KBNR b KQkq - 2 2', 'move1': Move.from_uci('d1b3')}
{'state': 'rnbqkb1r/ppp1pppp/5n2/3p4/8/1QP5/PP1PPPPP/RNB1KBNR w KQkq - 0 3', 'move2': Move.from_uci('d7d5')}
{'state': 'rnbqkb1r/ppp1pppp/5n2/3p4/1Q6/2P5/PP1PPPPP/RNB1KBNR b KQkq - 1 3', 'move1': Move.from_uci('b3b4')}
{'state': 'rnbqkb1r/ppp1pppp/8/3p4/1Q2n3/2P5/PP1PPPPP/RNB1KBNR w KQkq - 2 4', 'move2': Move.from_uci('f6e4')}
{'state': 'rnbqkb1r/ppp1Qppp/8/3p4/4n3/2P5/PP1PPPPP/RNB1KBNR b KQkq - 0 4', 'move1': Move.from_uci('b4e7')}
{'state': 'rnbqk2r/ppp1bppp/8/3p4/4n3/2P5/PP1PPPPP/RNB1KBNR w KQkq - 0 5', 'move2': Move.from_uci('f8e7')}
{'state': 'rnbqk2r/ppp1bppp/8/3p4/4n3/1PP5/P2PPPPP/RNB1KBNR b KQkq - 0 5', 'move1': Move.from_uci('b2b3')}
{'state': 'rnbqk2r/ppp2ppp/8/3p4/4n2b/1PP5/P2PPPPP/RNB1KBNR w KQkq - 1 6', 'move2': Move.from_uci('e7h4')}
{'state': 'rnbqk2r/ppp2ppp/8/3p4/4n1Pb/1PP5/P2PPP1P/RNB1KBNR b KQkq - 0 6', 'move1': Move.from_uci('g2g4')}
{'state': 'rnbqk2r/ppp2ppp/8/3p4/4n1P1/1PP5/P2PPb1P/RNB1KBNR w KQkq - 0 7', 'move2': Move.from_uci('h4f2')}
{'state': 'rnbqk2r/ppp2ppp/8/3p4/4n1P1/1PP5/P2PPb1P/RNBK1BNR b kq - 1 7', 'move1': Move.from_uci('e1d1')}
{'state': 'rnbqk2r/ppp2ppp/8/3p4/6P1/1Pn5/P2PPb1P/RNBK1BNR w kq - 0 8', 'move2': Move.from_uci('e4c3')}
{'state': 'rnbqk2r/ppp2ppp/8/3p4/6P1/1Pn5/P1KPPb1P/RNB2BNR b kq - 1 8', 'move1': Move.from_uci('d1c2')}
{'state': 'rn1qk2r/ppp2ppp/8/3p1b2/6P1/1Pn5/P1KPPb1P/RNB2BNR w kq - 2 9', 'move2': Move.from_uci('c8f5')}
{'state': 'rn1qk2r/ppp2ppp/8/3p1b2/4P1P1/1Pn5/P1KP1b1P/RNB2BNR b kq - 0 9', 'move1': Move.from_uci('e2e4')}
{'state': 'rn1qk2r/ppp2ppp/8/3p4/4b1P1/1Pn5/P1KP1b1P/RNB2BNR w kq - 0 10', 'move2': Move.from_uci('f5e4')}
{'state': 'rn1qk2r/ppp2ppp/8/3p4/4b1P1/1PnP4/P1K2b1P/RNB2BNR b kq - 0 10', 'move1': Move.from_uci('d2d3')}
{'state': 'rn1qk2r/ppp2ppp/8/3p4/6P1/1Pnb4/P1K2b1P/RNB2BNR w kq - 0 11', 'move2': Move.from_uci('e4d3')}
{'state': 'rn1qk2r/ppp2ppp/8/3p4/6P1/1Pnb4/PK3b1P/RNB2BNR b kq - 1 11', 'move1': Move.from_uci('c2b2')}
{'state': 'rn1qk2r/ppp2ppp/8/3p4/6P1/1P1b4/PK3b1P/RNBn1BNR w kq - 2 12', 'move2': Move.from_uci('c3d1')}
{'state': 'rn1qk2r/ppp2ppp/8/3p4/6P1/KP1b4/P4b1P/RNBn1BNR b kq - 3 12', 'move1': Move.from_uci('b2a3')}
{'state': 'rn2k2r/ppp2ppp/3q4/3p4/6P1/KP1b4/P4b1P/RNBn1BNR w kq - 4 13', 'move2': Move.from_uci('d8d6')}
{'state': 'rn2k2r/ppp2ppp/3q4/3p4/1P4P1/K2b4/P4b1P/RNBn1BNR b kq - 0 13', 'move1': Move.from_uci('b3b4')}
{'state': 'rn2k2r/ppp2ppp/q7/3p4/1P4P1/K2b4/P4b1P/RNBn1BNR w kq - 1 14', 'move2': Move.from_uci('d6a6')}
{'state': 'rn2k2r/ppp2ppp/q7/3p4/1P4P1/1K1b4/P4b1P/RNBn1BNR b kq - 2 14', 'move1': Move.from_uci('a3b3')}
{'state': 'rn2k2r/ppp2ppp/q7/3p4/1P4P1/1K6/P1b2b1P/RNBn1BNR w kq - 3 15', 'move2': Move.from_uci('d3c2')}
{'state': 'rn2k2r/ppp2ppp/q7/3p4/1P4P1/8/P1K2b1P/RNBn1BNR b kq - 0 15', 'move1': Move.from_uci('b3c2')}
{'state': 'rn2k2r/ppp2ppp/8/3p4/qP4P1/8/P1K2b1P/RNBn1BNR w kq - 1 16', 'move2': Move.from_uci('a6a4')}
{'state': 'rn2k2r/ppp2ppp/8/3p4/qP4P1/3K4/P4b1P/RNBn1BNR b kq - 2 16', 'move1': Move.from_uci('c2d3')}
{'state': 'rn2k2r/ppp2ppp/8/1q1p4/1P4P1/3K4/P4b1P/RNBn1BNR w kq - 3 17', 'move2': Move.from_uci('a4b5')}
{'state': 'rn2k2r/ppp2ppp/8/1q1p4/1P4P1/8/P2K1b1P/RNBn1BNR b kq - 4 17', 'move1': Move.from_uci('d3d2')}
{'state': 'rn2k2r/ppp2ppp/8/1q1p4/1P4P1/4b3/P2K3P/RNBn1BNR w kq - 5 18', 'move2': Move.from_uci('f2e3')}
{'state': 'rn2k2r/ppp2ppp/8/1q1p4/1P4P1/4b3/P1K4P/RNBn1BNR b kq - 6 18', 'move1': Move.from_uci('d2c2')}
{'state': 'rn2k2r/ppp2ppp/8/3p4/qP4P1/4b3/P1K4P/RNBn1BNR w kq - 7 19', 'move2': Move.from_uci('b5a4')}
{'state': 'rn2k2r/ppp2ppp/8/3p4/qP4P1/3Kb3/P6P/RNBn1BNR b kq - 8 19', 'move1': Move.from_uci('c2d3')}
{'state': 'rn2k2r/ppp2ppp/8/1q1p4/1P4P1/3Kb3/P6P/RNBn1BNR w kq - 9 20', 'move2': Move.from_uci('a4b5')}
{'state': 'rn2k2r/ppp2ppp/8/1q1p4/1P4P1/4b3/P1K4P/RNBn1BNR b kq - 10 20', 'move1': Move.from_uci('d3c2')}
{'state': 'rn2k2r/ppp2ppp/8/3p4/qP4P1/4b3/P1K4P/RNBn1BNR w kq - 11 21', 'move2': Move.from_uci('b5a4')}
{'state': 'rn2k2r/ppp2ppp/8/3p4/qP4P1/3Kb3/P6P/RNBn1BNR b kq - 12 21', 'move1': Move.from_uci('c2d3')}
{'state': 'rn2k2r/ppp2ppp/8/1q1p4/1P4P1/3Kb3/P6P/RNBn1BNR w kq - 13 22', 'move2': Move.from_uci('a4b5')}
{'state': 'rn2k2r/ppp2ppp/8/1q1p4/1P4P1/4b3/P1K4P/RNBn1BNR b kq - 14 22', 'move1': Move.from_uci('d3c2')}
{'state': 'rn2k2r/ppp2ppp/8/3p4/qP4P1/4b3/P1K4P/RNBn1BNR w kq - 15 23', 'move2': Move.from_uci('b5a4')}
{'state': 'rn2k2r/ppp2ppp/8/3p4/qP4P1/3Kb3/P6P/RNBn1BNR b kq - 16 23', 'move1': Move.from_uci('c2d3')}
{'state': 'rn2k2r/ppp2ppp/8/1q1p4/1P4P1/3Kb3/P6P/RNBn1BNR w kq - 17 24', 'move2': Move.from_uci('a4b5')}
{'state': 'rn2k2r/ppp2ppp/8/1q1p4/1P4P1/4b3/P1K4P/RNBn1BNR b kq - 18 24', 'move1': Move.from_uci('d3c2')}
{'state': 'rn2k2r/ppp2ppp/8/3p4/qP4P1/4b3/P1K4P/RNBn1BNR w kq - 19 25', 'move2': Move.from_uci('b5a4')}
{'state': 'rn2k2r/ppp2ppp/8/3p4/qP4P1/3Kb3/P6P/RNBn1BNR b kq - 20 25', 'move1': Move.from_uci('c2d3')}
{'state': 'rn2k2r/ppp2ppp/8/1q1p4/1P4P1/3Kb3/P6P/RNBn1BNR w kq - 21 26', 'move2': Move.from_uci('a4b5')}
{'state': 'rn2k2r/ppp2ppp/8/1q1p4/1P4P1/4b3/P1K4P/RNBn1BNR b kq - 22 26', 'move1': Move.from_uci('d3c2')}
{'state': 'rn2k2r/ppp2ppp/8/3p4/qP4P1/4b3/P1K4P/RNBn1BNR w kq - 23 27', 'move2': Move.from_uci('b5a4')}
{'state': 'rn2k2r/ppp2ppp/8/3p4/qP4P1/3Kb3/P6P/RNBn1BNR b kq - 24 27', 'move1': Move.from_uci('c2d3')}
{'state': 'rn2k2r/ppp2ppp/8/1q1p4/1P4P1/3Kb3/P6P/RNBn1BNR w kq - 25 28', 'move2': Move.from_uci('a4b5')}
{'state': 'rn2k2r/ppp2ppp/8/1q1p4/1P4P1/4b3/P1K4P/RNBn1BNR b kq - 26 28', 'move1': Move.from_uci('d3c2')}
{'state': 'rn2k2r/ppp2ppp/8/3p4/qP4P1/4b3/P1K4P/RNBn1BNR w kq - 27 29', 'move2': Move.from_uci('b5a4')}
{'state': 'rn2k2r/ppp2ppp/8/3p4/qP4P1/3Kb3/P6P/RNBn1BNR b kq - 28 29', 'move1': Move.from_uci('c2d3')}
{'state': 'rn2k2r/ppp2ppp/8/1q1p4/1P4P1/3Kb3/P6P/RNBn1BNR w kq - 29 30', 'move2': Move.from_uci('a4b5')}
{'state': 'rn2k2r/ppp2ppp/8/1q1p4/1P4P1/4b3/P1K4P/RNBn1BNR b kq - 30 30', 'move1': Move.from_uci('d3c2')}
{'state': 'rn2k2r/ppp2ppp/8/3p4/qP4P1/4b3/P1K4P/RNBn1BNR w kq - 31 31', 'move2': Move.from_uci('b5a4')}
{'state': 'rn2k2r/ppp2ppp/8/3p4/qP4P1/3Kb3/P6P/RNBn1BNR b kq - 32 31', 'move1': Move.from_uci('c2d3')}
{'state': 'rn2k2r/ppp2ppp/8/1q1p4/1P4P1/3Kb3/P6P/RNBn1BNR w kq - 33 32', 'move2': Move.from_uci('a4b5')}
{'state': 'rn2k2r/ppp2ppp/8/1q1p4/1P4P1/4b3/P1K4P/RNBn1BNR b kq - 34 32', 'move1': Move.from_uci('d3c2')}
{'state': 'rn2k2r/ppp2ppp/8/3p4/qP4P1/4b3/P1K4P/RNBn1BNR w kq - 35 33', 'move2': Move.from_uci('b5a4')}
{'state': 'rn2k2r/ppp2ppp/8/3p4/qP4P1/3Kb3/P6P/RNBn1BNR b kq - 36 33', 'move1': Move.from_uci('c2d3')}
{'state': 'rn2k2r/ppp2ppp/8/1q1p4/1P4P1/3Kb3/P6P/RNBn1BNR w kq - 37 34', 'move2': Move.from_uci('a4b5')}
{'state': 'rn2k2r/ppp2ppp/8/1q1p4/1P4P1/4b3/P1K4P/RNBn1BNR b kq - 38 34', 'move1': Move.from_uci('d3c2')}
{'state': 'rn2k2r/ppp2ppp/8/3p4/qP4P1/4b3/P1K4P/RNBn1BNR w kq - 39 35', 'move2': Move.from_uci('b5a4')}
{'state': 'rn2k2r/ppp2ppp/8/3p4/qP4P1/3Kb3/P6P/RNBn1BNR b kq - 40 35', 'move1': Move.from_uci('c2d3')}
{'state': 'rn2k2r/ppp2ppp/8/1q1p4/1P4P1/3Kb3/P6P/RNBn1BNR w kq - 41 36', 'move2': Move.from_uci('a4b5')}
{'state': 'rn2k2r/ppp2ppp/8/1q1p4/1P4P1/4b3/P1K4P/RNBn1BNR b kq - 42 36', 'move1': Move.from_uci('d3c2')}
{'state': 'rn2k2r/ppp2ppp/8/3p4/qP4P1/4b3/P1K4P/RNBn1BNR w kq - 43 37', 'move2': Move.from_uci('b5a4')}
{'state': 'rn2k2r/ppp2ppp/8/3p4/qP4P1/3Kb3/P6P/RNBn1BNR b kq - 44 37', 'move1': Move.from_uci('c2d3')}
{'state': 'rn2k2r/ppp2ppp/8/1q1p4/1P4P1/3Kb3/P6P/RNBn1BNR w kq - 45 38', 'move2': Move.from_uci('a4b5')}
{'state': 'rn2k2r/ppp2ppp/8/1q1p4/1P4P1/4b3/P1K4P/RNBn1BNR b kq - 46 38', 'move1': Move.from_uci('d3c2')}
{'state': 'rn2k2r/ppp2ppp/8/3p4/qP4P1/4b3/P1K4P/RNBn1BNR w kq - 47 39', 'move2': Move.from_uci('b5a4')}
{'state': 'rn2k2r/ppp2ppp/8/3p4/qP4P1/3Kb3/P6P/RNBn1BNR b kq - 48 39', 'move1': Move.from_uci('c2d3')}
{'state': 'rn2k2r/ppp2ppp/8/1q1p4/1P4P1/3Kb3/P6P/RNBn1BNR w kq - 49 40', 'move2': Move.from_uci('a4b5')}
{'state': 'rn2k2r/ppp2ppp/8/1q1p4/1P4P1/4b3/P1K4P/RNBn1BNR b kq - 50 40', 'move1': Move.from_uci('d3c2')}
{'state': 'rn2k2r/ppp2ppp/8/3p4/qP4P1/4b3/P1K4P/RNBn1BNR w kq - 51 41', 'move2': Move.from_uci('b5a4')}
END OF GAME, AGENT -1 (Winner.DRAW) won
{'state': 'rnbqkbnr/pppppppp/8/8/8/2P5/PP1PPPPP/RNBQKBNR b KQkq - 0 1', 'move1': Move.from_uci('c2c3')}
{'state': 'r1bqkbnr/pppppppp/2n5/8/8/2P5/PP1PPPPP/RNBQKBNR w KQkq - 1 2', 'move2': Move.from_uci('b8c6')}
{'state': 'r1bqkbnr/pppppppp/2n5/8/8/1QP5/PP1PPPPP/RNB1KBNR b KQkq - 2 2', 'move1': Move.from_uci('d1b3')}
{'state': 'r1bqkbnr/ppp1pppp/2n5/3p4/8/1QP5/PP1PPPPP/RNB1KBNR w KQkq - 0 3', 'move2': Move.from_uci('d7d5')}
{'state': 'r1bqkbnr/ppp1pppp/1Qn5/3p4/8/2P5/PP1PPPPP/RNB1KBNR b KQkq - 1 3', 'move1': Move.from_uci('b3b6')}
{'state': 'r1bqkbnr/1pp1pppp/1pn5/3p4/8/2P5/PP1PPPPP/RNB1KBNR w KQkq - 0 4', 'move2': Move.from_uci('a7b6')}
{'state': 'r1bqkbnr/1pp1pppp/1pn5/3p4/6P1/2P5/PP1PPP1P/RNB1KBNR b KQkq - 0 4', 'move1': Move.from_uci('g2g4')}
{'state': '2bqkbnr/1pp1pppp/1pn5/3p4/6P1/2P5/rP1PPP1P/RNB1KBNR w KQk - 0 5', 'move2': Move.from_uci('a8a2')}
{'state': '2bqkbnr/1pp1pppp/1pn5/3p4/6P1/2P2P2/rP1PP2P/RNB1KBNR b KQk - 0 5', 'move1': Move.from_uci('f2f3')}
{'state': '2bqkbnr/1pp1pppp/1pn5/3p4/6P1/2P2P2/1P1PP2P/rNB1KBNR w Kk - 0 6', 'move2': Move.from_uci('a2a1')}
{'state': '2bqkbnr/1pp1pppp/1pn5/3p4/6P1/N1P2P2/1P1PP2P/r1B1KBNR b Kk - 1 6', 'move1': Move.from_uci('b1a3')}
{'state': '2bqkbnr/1pp1pppp/1pn5/3p4/6P1/N1P2P2/1P1PP2P/2r1KBNR w Kk - 0 7', 'move2': Move.from_uci('a1c1')}
{'state': '2bqkbnr/1pp1pppp/1pn5/3p4/6P1/N1P2P2/1P1PPK1P/2r2BNR b k - 1 7', 'move1': Move.from_uci('e1f2')}
{'state': '2bqkbnr/1pp1pppp/1pn5/3p4/6P1/N1P2P2/1P1PPK1P/5rNR w k - 0 8', 'move2': Move.from_uci('c1f1')}
{'state': '2bqkbnr/1pp1pppp/1pn5/3p4/6P1/N1P2PK1/1P1PP2P/5rNR b k - 1 8', 'move1': Move.from_uci('f2g3')}
{'state': '2b1kbnr/1pp1pppp/1pnq4/3p4/6P1/N1P2PK1/1P1PP2P/5rNR w k - 2 9', 'move2': Move.from_uci('d8d6')}
{'state': '2b1kbnr/1pp1pppp/1pnq4/3p4/5PP1/N1P3K1/1P1PP2P/5rNR b k - 0 9', 'move1': Move.from_uci('f3f4')}
{'state': '2b1kbnr/1pp1pppp/1pn5/3p4/5qP1/N1P3K1/1P1PP2P/5rNR w k - 0 10', 'move2': Move.from_uci('d6f4')}
{'state': '2b1kbnr/1pp1pppp/1pn5/3p4/5qP1/N1P5/1P1PP1KP/5rNR b k - 1 10', 'move1': Move.from_uci('g3g2')}
{'state': '2b1kbnr/1pp1pppp/1pn5/3p4/5qP1/N1P5/1P1PPrKP/6NR w k - 2 11', 'move2': Move.from_uci('f1f2')}
{'state': '2b1kbnr/1pp1pppp/1pn5/3p4/5qP1/N1P4K/1P1PPr1P/6NR b k - 3 11', 'move1': Move.from_uci('g2h3')}
{'state': '2b1kbnr/1pp1pppp/1pn5/3p4/6q1/N1P4K/1P1PPr1P/6NR w k - 0 12', 'move2': Move.from_uci('f4g4')}
END OF GAME, AGENT 1 (Winner.BLACK) won
{'state': 'rnbqkbnr/pppppppp/8/8/3P4/8/PPP1PPPP/RNBQKBNR b KQkq - 0 1', 'move1': Move.from_uci('d2d4')}
{'state': 'rnbqkb1r/pppppppp/7n/8/3P4/8/PPP1PPPP/RNBQKBNR w KQkq - 1 2', 'move2': Move.from_uci('g8h6')}
{'state': 'rnbqkb1r/pppppppp/7B/8/3P4/8/PPP1PPPP/RN1QKBNR b KQkq - 0 2', 'move1': Move.from_uci('c1h6')}
{'state': 'rnbqkb1r/pp1ppppp/2p4B/8/3P4/8/PPP1PPPP/RN1QKBNR w KQkq - 0 3', 'move2': Move.from_uci('c7c6')}
{'state': 'rnbqkb1r/pp1pppBp/2p5/8/3P4/8/PPP1PPPP/RN1QKBNR b KQkq - 0 3', 'move1': Move.from_uci('h6g7')}
{'state': 'rnb1kb1r/pp1pppBp/2p5/q7/3P4/8/PPP1PPPP/RN1QKBNR w KQkq - 1 4', 'move2': Move.from_uci('d8a5')}
{'state': 'rnb1kb1r/pp1pppBp/2p5/q7/1P1P4/8/P1P1PPPP/RN1QKBNR b KQkq - 0 4', 'move1': Move.from_uci('b2b4')}
{'state': 'rnb1kb1r/pp1pppBp/2p5/4q3/1P1P4/8/P1P1PPPP/RN1QKBNR w KQkq - 1 5', 'move2': Move.from_uci('a5e5')}
{'state': 'rnb1kb1r/pp1pppBp/2p5/4P3/1P6/8/P1P1PPPP/RN1QKBNR b KQkq - 0 5', 'move1': Move.from_uci('d4e5')}
{'state': 'rnb1kb1r/pp2ppBp/2pp4/4P3/1P6/8/P1P1PPPP/RN1QKBNR w KQkq - 0 6', 'move2': Move.from_uci('d7d6')}
{'state': 'rnb1kb1r/pp2ppBp/2ppP3/8/1P6/8/P1P1PPPP/RN1QKBNR b KQkq - 0 6', 'move1': Move.from_uci('e5e6')}
{'state': 'rnb1kb1r/p3ppBp/1pppP3/8/1P6/8/P1P1PPPP/RN1QKBNR w KQkq - 0 7', 'move2': Move.from_uci('b7b6')}
{'state': 'rnb1kb1r/p3pPBp/1ppp4/8/1P6/8/P1P1PPPP/RN1QKBNR b KQkq - 0 7', 'move1': Move.from_uci('e6f7')}
{'state': 'rnbk1b1r/p3pPBp/1ppp4/8/1P6/8/P1P1PPPP/RN1QKBNR w KQ - 1 8', 'move2': Move.from_uci('e8d8')}
{'state': 'rnbk1b1r/p3pPBp/1ppQ4/8/1P6/8/P1P1PPPP/RN2KBNR b KQ - 0 8', 'move1': Move.from_uci('d1d6')}
{'state': 'r1bk1b1r/p2npPBp/1ppQ4/8/1P6/8/P1P1PPPP/RN2KBNR w KQ - 1 9', 'move2': Move.from_uci('b8d7')}
{'state': 'r1bk1b1r/p1QnpPBp/1pp5/8/1P6/8/P1P1PPPP/RN2KBNR b KQ - 2 9', 'move1': Move.from_uci('d6c7')}
{'state': 'r1b2b1r/p1knpPBp/1pp5/8/1P6/8/P1P1PPPP/RN2KBNR w KQ - 0 10', 'move2': Move.from_uci('d8c7')}
{'state': 'r1b2b1r/p1knpP1p/1pp5/4B3/1P6/8/P1P1PPPP/RN2KBNR b KQ - 1 10', 'move1': Move.from_uci('g7e5')}
{'state': 'r1bk1b1r/p2npP1p/1pp5/4B3/1P6/8/P1P1PPPP/RN2KBNR w KQ - 2 11', 'move2': Move.from_uci('c7d8')}
{'state': 'r1bk1b1r/p1BnpP1p/1pp5/8/1P6/8/P1P1PPPP/RN2KBNR b KQ - 3 11', 'move1': Move.from_uci('e5c7')}
{'state': 'r1b2b1r/p1knpP1p/1pp5/8/1P6/8/P1P1PPPP/RN2KBNR w KQ - 0 12', 'move2': Move.from_uci('d8c7')}
{'state': 'r1b2b1r/p1knpP1p/1pp5/8/1P6/8/P1PNPPPP/R3KBNR b KQ - 1 12', 'move1': Move.from_uci('b1d2')}
{'state': 'r1b2br1/p1knpP1p/1pp5/8/1P6/8/P1PNPPPP/R3KBNR w KQ - 2 13', 'move2': Move.from_uci('h8g8')}
{'state': 'r1b2bQ1/p1knp2p/1pp5/8/1P6/8/P1PNPPPP/R3KBNR b KQ - 0 13', 'move1': Move.from_uci('f7g8q')}
{'state': 'r1b2bQ1/p1k1p2p/1pp5/2n5/1P6/8/P1PNPPPP/R3KBNR w KQ - 1 14', 'move2': Move.from_uci('d7c5')}
{'state': 'r1b2b2/p1k1p2p/1pp5/2n5/1P6/6Q1/P1PNPPPP/R3KBNR b KQ - 2 14', 'move1': Move.from_uci('g8g3')}
{'state': 'r1b2b2/p1k4p/1pp5/2n1p3/1P6/6Q1/P1PNPPPP/R3KBNR w KQ - 0 15', 'move2': Move.from_uci('e7e5')}
{'state': 'r1b2b2/p1k4p/1pp5/2n1Q3/1P6/8/P1PNPPPP/R3KBNR b KQ - 0 15', 'move1': Move.from_uci('g3e5')}
{'state': 'r1bk1b2/p6p/1pp5/2n1Q3/1P6/8/P1PNPPPP/R3KBNR w KQ - 1 16', 'move2': Move.from_uci('c7d8')}
{'state': 'r1bk1b2/p1Q4p/1pp5/2n5/1P6/8/P1PNPPPP/R3KBNR b KQ - 2 16', 'move1': Move.from_uci('e5c7')}
{'state': 'r1b1kb2/p1Q4p/1pp5/2n5/1P6/8/P1PNPPPP/R3KBNR w KQ - 3 17', 'move2': Move.from_uci('d8e8')}
{'state': 'r1b1kb2/p4Q1p/1pp5/2n5/1P6/8/P1PNPPPP/R3KBNR b KQ - 4 17', 'move1': Move.from_uci('c7f7')}
{'state': 'r1bk1b2/p4Q1p/1pp5/2n5/1P6/8/P1PNPPPP/R3KBNR w KQ - 5 18', 'move2': Move.from_uci('e8d8')}
{'state': 'r1bk1Q2/p6p/1pp5/2n5/1P6/8/P1PNPPPP/R3KBNR b KQ - 0 18', 'move1': Move.from_uci('f7f8')}
{'state': 'r1b2Q2/p1k4p/1pp5/2n5/1P6/8/P1PNPPPP/R3KBNR w KQ - 1 19', 'move2': Move.from_uci('d8c7')}
{'state': 'r1b5/p1k4p/1ppQ4/2n5/1P6/8/P1PNPPPP/R3KBNR b KQ - 2 19', 'move1': Move.from_uci('f8d6')}
{'state': 'r1b5/pk5p/1ppQ4/2n5/1P6/8/P1PNPPPP/R3KBNR w KQ - 3 20', 'move2': Move.from_uci('c7b7')}
{'state': 'r1b5/pkQ4p/1pp5/2n5/1P6/8/P1PNPPPP/R3KBNR b KQ - 4 20', 'move1': Move.from_uci('d6c7')}
{'state': 'r1b5/p1Q4p/kpp5/2n5/1P6/8/P1PNPPPP/R3KBNR w KQ - 5 21', 'move2': Move.from_uci('b7a6')}
{'state': 'r1b5/p1Q4p/kpp5/2n5/1P2P3/8/P1PN1PPP/R3KBNR b KQ - 0 21', 'move1': Move.from_uci('e2e4')}
{'state': 'r1b5/p1Q4p/k1p5/1pn5/1P2P3/8/P1PN1PPP/R3KBNR w KQ - 0 22', 'move2': Move.from_uci('b6b5')}
{'state': 'r1b5/p6p/k1Q5/1pn5/1P2P3/8/P1PN1PPP/R3KBNR b KQ - 0 22', 'move1': Move.from_uci('c7c6')}
END OF GAME, AGENT 1 (Winner.WHITE) won
{'state': 'rnbqkbnr/pppppppp/8/8/8/5P2/PPPPP1PP/RNBQKBNR b KQkq - 0 1', 'move1': Move.from_uci('f2f3')}
{'state': 'rnbqkbnr/ppp1pppp/8/3p4/8/5P2/PPPPP1PP/RNBQKBNR w KQkq - 0 2', 'move2': Move.from_uci('d7d5')}
{'state': 'rnbqkbnr/ppp1pppp/8/3p4/8/2P2P2/PP1PP1PP/RNBQKBNR b KQkq - 0 2', 'move1': Move.from_uci('c2c3')}
{'state': 'rnbqkb1r/ppp1pppp/5n2/3p4/8/2P2P2/PP1PP1PP/RNBQKBNR w KQkq - 1 3', 'move2': Move.from_uci('g8f6')}
{'state': 'rnbqkb1r/ppp1pppp/5n2/3p4/8/1QP2P2/PP1PP1PP/RNB1KBNR b KQkq - 2 3', 'move1': Move.from_uci('d1b3')}
{'state': 'rnbqkb1r/p1p1pppp/5n2/1p1p4/8/1QP2P2/PP1PP1PP/RNB1KBNR w KQkq - 0 4', 'move2': Move.from_uci('b7b5')}
{'state': 'rnbqkb1r/p1p1pppp/5n2/1p1p4/2Q5/2P2P2/PP1PP1PP/RNB1KBNR b KQkq - 1 4', 'move1': Move.from_uci('b3c4')}
{'state': 'rnbqkb1r/p1p1pppp/5n2/3p4/2p5/2P2P2/PP1PP1PP/RNB1KBNR w KQkq - 0 5', 'move2': Move.from_uci('b5c4')}
{'state': 'rnbqkb1r/p1p1pppp/5n2/3p4/2p5/1PP2P2/P2PP1PP/RNB1KBNR b KQkq - 0 5', 'move1': Move.from_uci('b2b3')}
{'state': 'rnbqkb1r/p1p1pppp/8/3p4/2p3n1/1PP2P2/P2PP1PP/RNB1KBNR w KQkq - 1 6', 'move2': Move.from_uci('f6g4')}
{'state': 'rnbqkb1r/p1p1pppp/8/3p4/2p3n1/1PP2PP1/P2PP2P/RNB1KBNR b KQkq - 0 6', 'move1': Move.from_uci('g2g3')}
{'state': 'rnbqkb1r/p1p1pppp/8/3p4/2p5/1PP1nPP1/P2PP2P/RNB1KBNR w KQkq - 1 7', 'move2': Move.from_uci('g4e3')}
{'state': 'rnbqkb1r/p1p1pppp/8/3p4/2p2P2/1PP1n1P1/P2PP2P/RNB1KBNR b KQkq - 0 7', 'move1': Move.from_uci('f3f4')}
{'state': 'rnbqkb1r/p1p1pppp/8/3p4/2p2P2/1PP3P1/P1nPP2P/RNB1KBNR w KQkq - 1 8', 'move2': Move.from_uci('e3c2')}
{'state': 'rnbqkb1r/p1p1pppp/8/3p4/2p2P2/1PP3P1/P1nPPK1P/RNB2BNR b kq - 2 8', 'move1': Move.from_uci('e1f2')}
{'state': 'rn1qkb1r/p1p1pppp/8/3p4/2p2P2/1PP3Pb/P1nPPK1P/RNB2BNR w kq - 3 9', 'move2': Move.from_uci('c8h3')}
{'state': 'rn1qkb1r/p1p1pppp/8/3p4/2p2P2/1PP2KPb/P1nPP2P/RNB2BNR b kq - 4 9', 'move1': Move.from_uci('f2f3')}
{'state': 'rn1qkb1r/p1p1pppp/8/3p4/2p2P2/1PP2KPb/P2PP2P/RNB1nBNR w kq - 5 10', 'move2': Move.from_uci('c2e1')}
{'state': 'rn1qkb1r/p1p1pppp/8/3p4/2p2P2/1PP1K1Pb/P2PP2P/RNB1nBNR b kq - 6 10', 'move1': Move.from_uci('f3e3')}
{'state': 'rn1qkb1r/p1p1pppp/8/3p4/2p2P2/1PP1K1Pb/P1nPP2P/RNB2BNR w kq - 7 11', 'move2': Move.from_uci('e1c2')}
{'state': 'rn1qkb1r/p1p1pppp/8/3p4/2p2P2/1PP2KPb/P1nPP2P/RNB2BNR b kq - 8 11', 'move1': Move.from_uci('e3f3')}
{'state': 'rn1qkb1r/p1p1pppp/8/3p4/2p2P2/1PP2KPb/P2PP2P/RNB1nBNR w kq - 9 12', 'move2': Move.from_uci('c2e1')}
{'state': 'rn1qkb1r/p1p1pppp/8/3p4/2p2P2/1PP1K1Pb/P2PP2P/RNB1nBNR b kq - 10 12', 'move1': Move.from_uci('f3e3')}
{'state': 'rn1qkb1r/p1p1pppp/8/3p4/2p2P2/1PP1K1Pb/P1nPP2P/RNB2BNR w kq - 11 13', 'move2': Move.from_uci('e1c2')}
{'state': 'rn1qkb1r/p1p1pppp/8/3p4/2p2P2/1PP3Pb/P1nPPK1P/RNB2BNR b kq - 12 13', 'move1': Move.from_uci('e3f2')}
{'state': 'rn1qkb1r/p1p1p1pp/8/3p1p2/2p2P2/1PP3Pb/P1nPPK1P/RNB2BNR w kq - 0 14', 'move2': Move.from_uci('f7f5')}
{'state': 'rn1qkb1r/p1p1p1pp/8/3p1p2/2p2PP1/1PP4b/P1nPPK1P/RNB2BNR b kq - 0 14', 'move1': Move.from_uci('g3g4')}
{'state': 'rn1qkb1r/p1p1p1pp/8/3p4/2p2Pp1/1PP4b/P1nPPK1P/RNB2BNR w kq - 0 15', 'move2': Move.from_uci('f5g4')}
{'state': 'rn1qkb1r/p1p1p1pp/8/3p4/1Pp2Pp1/2P4b/P1nPPK1P/RNB2BNR b kq - 0 15', 'move1': Move.from_uci('b3b4')}
{'state': 'rn1qkb1r/p1p1p1pp/8/3p4/1Pp2P2/2P3pb/P1nPPK1P/RNB2BNR w kq - 0 16', 'move2': Move.from_uci('g4g3')}
{'state': 'rn1qkb1r/p1p1p1pp/8/3p4/1Pp2P2/2P2Kpb/P1nPP2P/RNB2BNR b kq - 1 16', 'move1': Move.from_uci('f2f3')}
{'state': 'rn1qkb1r/p1p1p1pp/8/3p4/1Pp2P2/2P2Kpb/P2PP2P/RNB1nBNR w kq - 2 17', 'move2': Move.from_uci('c2e1')}
{'state': 'rn1qkb1r/p1p1p1pp/8/3p4/1Pp2P2/2P1K1pb/P2PP2P/RNB1nBNR b kq - 3 17', 'move1': Move.from_uci('f3e3')}
{'state': 'rn1qkb1r/p1p1p1pp/8/3p4/1Pp2P2/2P1K1pb/P1nPP2P/RNB2BNR w kq - 4 18', 'move2': Move.from_uci('e1c2')}
{'state': 'rn1qkb1r/p1p1p1pp/8/3p4/1Pp2P2/2P2Kpb/P1nPP2P/RNB2BNR b kq - 5 18', 'move1': Move.from_uci('e3f3')}
{'state': 'rn1qkb1r/p1p1p1pp/8/3p4/1Pp2P2/2P2Kpb/P2PP2P/RNB1nBNR w kq - 6 19', 'move2': Move.from_uci('c2e1')}
{'state': 'rn1qkb1r/p1p1p1pp/8/3p4/1Pp2P2/2P1K1pb/P2PP2P/RNB1nBNR b kq - 7 19', 'move1': Move.from_uci('f3e3')}
{'state': 'rn1qkb1r/p1p1p1pp/8/3p4/1Pp2P2/2P1K1pb/P1nPP2P/RNB2BNR w kq - 8 20', 'move2': Move.from_uci('e1c2')}
{'state': 'rn1qkb1r/p1p1p1pp/8/3p4/1Pp2P2/2P2Kpb/P1nPP2P/RNB2BNR b kq - 9 20', 'move1': Move.from_uci('e3f3')}
{'state': 'rn1qkb1r/p1p1p1pp/8/3p4/1Pp2P2/2P2Kpb/P2PP2P/RNB1nBNR w kq - 10 21', 'move2': Move.from_uci('c2e1')}
{'state': 'rn1qkb1r/p1p1p1pp/8/3p4/1Pp2P2/2P1K1pb/P2PP2P/RNB1nBNR b kq - 11 21', 'move1': Move.from_uci('f3e3')}
{'state': 'rn1qkb1r/p1p1p1pp/8/3p4/1Pp2P2/2P1K1pb/P1nPP2P/RNB2BNR w kq - 12 22', 'move2': Move.from_uci('e1c2')}
{'state': 'rn1qkb1r/p1p1p1pp/8/3p4/1Pp2P2/2P2Kpb/P1nPP2P/RNB2BNR b kq - 13 22', 'move1': Move.from_uci('e3f3')}
{'state': 'rn1qkb1r/p1p1p1pp/8/3p4/1Pp2P2/2P2Kpb/P2PP2P/RNB1nBNR w kq - 14 23', 'move2': Move.from_uci('c2e1')}
{'state': 'rn1qkb1r/p1p1p1pp/8/3p4/1Pp2P2/2P1K1pb/P2PP2P/RNB1nBNR b kq - 15 23', 'move1': Move.from_uci('f3e3')}
{'state': 'rn1qkb1r/p1p1p1pp/8/3p4/1Pp2P2/2P1K1pb/P1nPP2P/RNB2BNR w kq - 16 24', 'move2': Move.from_uci('e1c2')}
{'state': 'rn1qkb1r/p1p1p1pp/8/3p4/1Pp2P2/2P2Kpb/P1nPP2P/RNB2BNR b kq - 17 24', 'move1': Move.from_uci('e3f3')}
{'state': 'rn1qkb1r/p1p1p1pp/8/3p4/1Pp2P2/2P2Kpb/P2PP2P/RNB1nBNR w kq - 18 25', 'move2': Move.from_uci('c2e1')}
{'state': 'rn1qkb1r/p1p1p1pp/8/3p4/1Pp2P2/2P1K1pb/P2PP2P/RNB1nBNR b kq - 19 25', 'move1': Move.from_uci('f3e3')}
{'state': 'rn1qkb1r/p1p1p1pp/8/3p4/1Pp2P2/2P1K1pb/P1nPP2P/RNB2BNR w kq - 20 26', 'move2': Move.from_uci('e1c2')}
{'state': 'rn1qkb1r/p1p1p1pp/8/3p4/1Pp2P2/2P2Kpb/P1nPP2P/RNB2BNR b kq - 21 26', 'move1': Move.from_uci('e3f3')}
{'state': 'rn1qkb1r/p1p1p1pp/8/3p4/1Pp2P2/2P2Kpb/P2PP2P/RNB1nBNR w kq - 22 27', 'move2': Move.from_uci('c2e1')}
{'state': 'rn1qkb1r/p1p1p1pp/8/3p4/1Pp2P2/2P1K1pb/P2PP2P/RNB1nBNR b kq - 23 27', 'move1': Move.from_uci('f3e3')}
{'state': 'rn1qkb1r/p1p1p1pp/8/3p4/1Pp2P2/2P1K1pb/P1nPP2P/RNB2BNR w kq - 24 28', 'move2': Move.from_uci('e1c2')}
{'state': 'rn1qkb1r/p1p1p1pp/8/3p4/1Pp2P2/2P2Kpb/P1nPP2P/RNB2BNR b kq - 25 28', 'move1': Move.from_uci('e3f3')}
{'state': 'rn1qkb1r/p1p1p1pp/8/3p4/1Pp2P2/2P2Kpb/P2PP2P/RNB1nBNR w kq - 26 29', 'move2': Move.from_uci('c2e1')}
{'state': 'rn1qkb1r/p1p1p1pp/8/3p4/1Pp2P2/2P3Kb/P2PP2P/RNB1nBNR b kq - 0 29', 'move1': Move.from_uci('f3g3')}
{'state': 'rn2kb1r/p1pqp1pp/8/3p4/1Pp2P2/2P3Kb/P2PP2P/RNB1nBNR w kq - 1 30', 'move2': Move.from_uci('d8d7')}
{'state': 'rn2kb1r/p1pqp1pp/8/3p1P2/1Pp5/2P3Kb/P2PP2P/RNB1nBNR b kq - 0 30', 'move1': Move.from_uci('f4f5')}
{'state': 'rn2kb1r/p1p1p1pp/3q4/3p1P2/1Pp5/2P3Kb/P2PP2P/RNB1nBNR w kq - 1 31', 'move2': Move.from_uci('d7d6')}
{'state': 'rn2kb1r/p1p1p1pp/3q4/3p1P2/1Pp5/2P4b/P2PPK1P/RNB1nBNR b kq - 2 31', 'move1': Move.from_uci('g3f2')}
{'state': 'rn2kb1r/p1p1p1pp/8/3p1P2/1Pp2q2/2P4b/P2PPK1P/RNB1nBNR w kq - 3 32', 'move2': Move.from_uci('d6f4')}
{'state': 'rn2kb1r/p1p1p1pp/8/3p1P2/1Pp2q2/2P2N1b/P2PPK1P/RNB1nB1R b kq - 4 32', 'move1': Move.from_uci('g1f3')}
{'state': 'rn2kb1r/p1p1p1pp/8/3p1P2/1Pp5/2P2q1b/P2PPK1P/RNB1nB1R w kq - 0 33', 'move2': Move.from_uci('f4f3')}
{'state': 'rn2kb1r/p1p1p1pp/8/3p1P2/1Pp5/2P2q1b/P2PP2P/RNB1KB1R b kq - 0 33', 'move1': Move.from_uci('f2e1')}
{'state': 'rn2kb1r/p1p1p1pp/8/3p1P2/1Pp5/2P4b/P2PP2P/RNB1Kq1R w kq - 0 34', 'move2': Move.from_uci('f3f1')}
{'state': 'rn2kb1r/p1p1p1pp/8/3p1P2/1Pp5/2P4b/P2PP2P/RNB1KR2 b kq - 0 34', 'move1': Move.from_uci('h1f1')}
{'state': 'rn2kb1r/p1p1p1pp/8/3p1P2/1Pp5/2P5/P2PP2P/RNB1Kb2 w kq - 0 35', 'move2': Move.from_uci('h3f1')}
{'state': 'rn2kb1r/p1p1p1pp/8/3p1P2/1Pp5/2P5/P2PP2P/RNBK1b2 b kq - 1 35', 'move1': Move.from_uci('e1d1')}
{'state': 'rn2kb1r/p1p1p1pp/8/3p1P2/1Pp5/2P5/P2Pb2P/RNBK4 w kq - 0 36', 'move2': Move.from_uci('f1e2')}
{'state': 'rn2kb1r/p1p1p1pp/8/3p1P2/1Pp5/2P5/P1KPb2P/RNB5 b kq - 1 36', 'move1': Move.from_uci('d1c2')}
{'state': 'rn2kb1r/p1p1p1pp/8/3p1P2/1Pp5/2Pb4/P1KP3P/RNB5 w kq - 2 37', 'move2': Move.from_uci('e2d3')}
{'state': 'rn2kb1r/p1p1p1pp/8/3p1P2/1Pp5/2Pb4/P2P3P/RNBK4 b kq - 3 37', 'move1': Move.from_uci('c2d1')}
{'state': 'rn2kb1r/p1p1p1pp/8/3p1P2/1Pp5/2P5/P1bP3P/RNBK4 w kq - 4 38', 'move2': Move.from_uci('d3c2')}
{'state': 'rn2kb1r/p1p1p1pp/8/3p1P2/1Pp5/2P5/P1bPK2P/RNB5 b kq - 5 38', 'move1': Move.from_uci('d1e2')}
{'state': 'rn2kb1r/p1p1p1pp/8/3p1P2/1Pp5/2Pb4/P2PK2P/RNB5 w kq - 6 39', 'move2': Move.from_uci('c2d3')}
{'state': 'rn2kb1r/p1p1p1pp/8/3p1P2/1Pp5/2Pb1K2/P2P3P/RNB5 b kq - 7 39', 'move1': Move.from_uci('e2f3')}
{'state': 'rn2kb1r/p1p1p1pp/8/3p1P2/1Pp1b3/2P2K2/P2P3P/RNB5 w kq - 8 40', 'move2': Move.from_uci('d3e4')}
{'state': 'rn2kb1r/p1p1p1pp/8/3p1P2/1Pp1b1K1/2P5/P2P3P/RNB5 b kq - 9 40', 'move1': Move.from_uci('f3g4')}
{'state': 'rn2kb1r/p1p1p1p1/8/3p1P1p/1Pp1b1K1/2P5/P2P3P/RNB5 w kq - 0 41', 'move2': Move.from_uci('h7h5')}
{'state': 'rn2kb1r/p1p1p1p1/8/3p1PKp/1Pp1b3/2P5/P2P3P/RNB5 b kq - 1 41', 'move1': Move.from_uci('g4g5')}
{'state': 'rn2kb1r/p1p1p1p1/8/3p1PKp/1Pp5/2Pb4/P2P3P/RNB5 w kq - 2 42', 'move2': Move.from_uci('e4d3')}
{'state': 'rn2kb1r/p1p1p1p1/8/3p1PKp/PPp5/2Pb4/3P3P/RNB5 b kq - 0 42', 'move1': Move.from_uci('a2a4')}
{'state': 'rn3b1r/p1p1pkp1/8/3p1PKp/PPp5/2Pb4/3P3P/RNB5 w - - 1 43', 'move2': Move.from_uci('e8f7')}
{'state': 'rn3b1r/p1p1pkp1/8/3p1PKp/PPp5/2Pb4/R2P3P/1NB5 b - - 2 43', 'move1': Move.from_uci('a1a2')}
{'state': 'rn3b1r/p1p1pkp1/8/3p1PK1/PPp4p/2Pb4/R2P3P/1NB5 w - - 0 44', 'move2': Move.from_uci('h5h4')}
{'state': 'rn3b1r/p1p1pkp1/8/P2p1PK1/1Pp4p/2Pb4/R2P3P/1NB5 b - - 0 44', 'move1': Move.from_uci('a4a5')}
{'state': 'rn3b2/p1p1pkp1/8/P2p1PKr/1Pp4p/2Pb4/R2P3P/1NB5 w - - 1 45', 'move2': Move.from_uci('h8h5')}
{'state': 'rn3b2/p1p1pkp1/8/P2p1P1r/1Pp2K1p/2Pb4/R2P3P/1NB5 b - - 2 45', 'move1': Move.from_uci('g5f4')}
{'state': 'rn3b2/p1p1pkp1/8/P2p1r2/1Pp2K1p/2Pb4/R2P3P/1NB5 w - - 0 46', 'move2': Move.from_uci('h5f5')}
{'state': 'rn3b2/p1p1pkp1/8/P2p1r2/1Pp4p/2PbK3/R2P3P/1NB5 b - - 1 46', 'move1': Move.from_uci('f4e3')}
{'state': 'rn3b2/p1p1pkp1/8/P2p4/1Pp4p/2PbKr2/R2P3P/1NB5 w - - 2 47', 'move2': Move.from_uci('f5f3')}
{'state': 'rn3b2/p1p1pkp1/8/P2p4/1PpK3p/2Pb1r2/R2P3P/1NB5 b - - 3 47', 'move1': Move.from_uci('e3d4')}
{'state': 'r4b2/p1p1pkp1/2n5/P2p4/1PpK3p/2Pb1r2/R2P3P/1NB5 w - - 4 48', 'move2': Move.from_uci('b8c6')}
{'state': 'r4b2/p1p1pkp1/2n5/P1Kp4/1Pp4p/2Pb1r2/R2P3P/1NB5 b - - 5 48', 'move1': Move.from_uci('d4c5')}
{'state': 'r4b2/p1p2kp1/2n1p3/P1Kp4/1Pp4p/2Pb1r2/R2P3P/1NB5 w - - 0 49', 'move2': Move.from_uci('e7e6')}
{'state': 'r4b2/p1p2kp1/2n1p3/PK1p4/1Pp4p/2Pb1r2/R2P3P/1NB5 b - - 1 49', 'move1': Move.from_uci('c5b5')}
{'state': 'r4b2/2p2kp1/p1n1p3/PK1p4/1Pp4p/2Pb1r2/R2P3P/1NB5 w - - 0 50', 'move2': Move.from_uci('a7a6')}
{'state': 'r4b2/2p2kp1/p1K1p3/P2p4/1Pp4p/2Pb1r2/R2P3P/1NB5 b - - 0 50', 'move1': Move.from_uci('b5c6')}
{'state': '5b2/r1p2kp1/p1K1p3/P2p4/1Pp4p/2Pb1r2/R2P3P/1NB5 w - - 1 51', 'move2': Move.from_uci('a8a7')}
{'state': '5b2/r1p2kp1/p1K1p3/P2p4/1Pp4p/2Pb1r1P/R2P4/1NB5 b - - 0 51', 'move1': Move.from_uci('h2h3')}
{'state': '4kb2/r1p3p1/p1K1p3/P2p4/1Pp4p/2Pb1r1P/R2P4/1NB5 w - - 1 52', 'move2': Move.from_uci('f7e8')}
{'state': '4kb2/r1p3p1/p1K1p3/P2p4/1Pp4p/2Pb1r1P/2RP4/1NB5 b - - 2 52', 'move1': Move.from_uci('a2c2')}
{'state': '4kb2/r1p3p1/p1K1p3/P7/1Ppp3p/2Pb1r1P/2RP4/1NB5 w - - 0 53', 'move2': Move.from_uci('d5d4')}
{'state': '4kb2/r1p3p1/p1K1p3/P7/1PpP3p/3b1r1P/2RP4/1NB5 b - - 0 53', 'move1': Move.from_uci('c3d4')}
{'state': '4kb2/r1p3p1/p1K1p3/P7/1PpPb2p/5r1P/2RP4/1NB5 w - - 1 54', 'move2': Move.from_uci('d3e4')}
{'state': '4kb2/r1p3p1/p1K1p3/P2P4/1Pp1b2p/5r1P/2RP4/1NB5 b - - 0 54', 'move1': Move.from_uci('d4d5')}
{'state': '4kb2/r1p3p1/p1K1p3/P2b4/1Pp4p/5r1P/2RP4/1NB5 w - - 0 55', 'move2': Move.from_uci('e4d5')}
END OF GAME, AGENT 1 (Winner.BLACK) won
{'state': 'rnbqkbnr/pppppppp/8/8/8/3P4/PPP1PPPP/RNBQKBNR b KQkq - 0 1', 'move1': Move.from_uci('d2d3')}
{'state': 'rnbqkbnr/pp1ppppp/2p5/8/8/3P4/PPP1PPPP/RNBQKBNR w KQkq - 0 2', 'move2': Move.from_uci('c7c6')}
{'state': 'rnbqkbnr/pp1ppppp/2p5/6B1/8/3P4/PPP1PPPP/RN1QKBNR b KQkq - 1 2', 'move1': Move.from_uci('c1g5')}
{'state': 'rnbqkbnr/pp1p1ppp/2p5/4p1B1/8/3P4/PPP1PPPP/RN1QKBNR w KQkq - 0 3', 'move2': Move.from_uci('e7e5')}
{'state': 'rnbBkbnr/pp1p1ppp/2p5/4p3/8/3P4/PPP1PPPP/RN1QKBNR b KQkq - 0 3', 'move1': Move.from_uci('g5d8')}
{'state': 'rnbBk1nr/pp1p1ppp/2p5/4p3/8/b2P4/PPP1PPPP/RN1QKBNR w KQkq - 1 4', 'move2': Move.from_uci('f8a3')}
{'state': 'rnbBk1nr/pp1p1ppp/2p5/4p3/8/N2P4/PPP1PPPP/R2QKBNR b KQkq - 0 4', 'move1': Move.from_uci('b1a3')}
{'state': 'rnbBk1nr/p2p1ppp/1pp5/4p3/8/N2P4/PPP1PPPP/R2QKBNR w KQkq - 0 5', 'move2': Move.from_uci('b7b6')}
{'state': 'rnb1k1nr/p2p1ppp/1pp2B2/4p3/8/N2P4/PPP1PPPP/R2QKBNR b KQkq - 1 5', 'move1': Move.from_uci('d8f6')}
{'state': 'rnb1k1nr/p2p1p1p/1pp2Bp1/4p3/8/N2P4/PPP1PPPP/R2QKBNR w KQkq - 0 6', 'move2': Move.from_uci('g7g6')}
{'state': 'rnb1k1nr/p2p1p1p/1pp2Bp1/4p3/4P3/N2P4/PPP2PPP/R2QKBNR b KQkq - 0 6', 'move1': Move.from_uci('e2e4')}
{'state': 'rnb1k1nr/p4p1p/1ppp1Bp1/4p3/4P3/N2P4/PPP2PPP/R2QKBNR w KQkq - 0 7', 'move2': Move.from_uci('d7d6')}
{'state': 'rnb1k1nr/p4p1p/1ppp1Bp1/4p3/4P1Q1/N2P4/PPP2PPP/R3KBNR b KQkq - 1 7', 'move1': Move.from_uci('d1g4')}
{'state': 'rnb1k1nr/p4p2/1ppp1Bp1/4p2p/4P1Q1/N2P4/PPP2PPP/R3KBNR w KQkq - 0 8', 'move2': Move.from_uci('h7h5')}
{'state': 'rnQ1k1nr/p4p2/1ppp1Bp1/4p2p/4P3/N2P4/PPP2PPP/R3KBNR b KQkq - 0 8', 'move1': Move.from_uci('g4c8')}
END OF GAME, AGENT 1 (Winner.WHITE) won
{'state': 'rnbqkbnr/pppppppp/8/8/6P1/8/PPPPPP1P/RNBQKBNR b KQkq - 0 1', 'move1': Move.from_uci('g2g4')}
{'state': 'rnbqkb1r/pppppppp/5n2/8/6P1/8/PPPPPP1P/RNBQKBNR w KQkq - 1 2', 'move2': Move.from_uci('g8f6')}
{'state': 'rnbqkb1r/pppppppp/5n2/8/6P1/1P6/P1PPPP1P/RNBQKBNR b KQkq - 0 2', 'move1': Move.from_uci('b2b3')}
{'state': 'rnbqkb1r/pppppppp/8/8/6n1/1P6/P1PPPP1P/RNBQKBNR w KQkq - 0 3', 'move2': Move.from_uci('f6g4')}
{'state': 'rnbqkb1r/pppppppp/8/8/6n1/1PP5/P2PPP1P/RNBQKBNR b KQkq - 0 3', 'move1': Move.from_uci('c2c3')}
{'state': 'rnbqkb1r/pppppppp/8/8/8/1PP5/P2PPn1P/RNBQKBNR w KQkq - 0 4', 'move2': Move.from_uci('g4f2')}
{'state': 'rnbqkb1r/pppppppp/8/8/8/1PP4B/P2PPn1P/RNBQK1NR b KQkq - 1 4', 'move1': Move.from_uci('f1h3')}
{'state': 'rnbqkb1r/pppppppp/8/8/8/1PPn3B/P2PP2P/RNBQK1NR w KQkq - 2 5', 'move2': Move.from_uci('f2d3')}
{'state': 'rnbqkb1r/pppppppp/8/8/8/1PPn3B/P2PP2P/RNBQ1KNR b kq - 3 5', 'move1': Move.from_uci('e1f1')}
{'state': 'rnbqkb1r/pppp1ppp/4p3/8/8/1PPn3B/P2PP2P/RNBQ1KNR w kq - 0 6', 'move2': Move.from_uci('e7e6')}
{'state': 'rnbqkb1r/pppp1ppp/4p3/8/8/1PPn3B/P2PP2P/RNB1QKNR b kq - 1 6', 'move1': Move.from_uci('d1e1')}
{'state': 'rnb1kb1r/pppp1ppp/4pq2/8/8/1PPn3B/P2PP2P/RNB1QKNR w kq - 2 7', 'move2': Move.from_uci('d8f6')}
{'state': 'rnb1kb1r/pppp1ppp/4pq2/5B2/8/1PPn4/P2PP2P/RNB1QKNR b kq - 3 7', 'move1': Move.from_uci('h3f5')}
{'state': 'rnb1kb1r/pppp1ppp/4p3/5q2/8/1PPn4/P2PP2P/RNB1QKNR w kq - 0 8', 'move2': Move.from_uci('f6f5')}
{'state': 'rnb1kb1r/pppp1ppp/4p3/5q2/8/1PPn4/P2PP1KP/RNB1Q1NR b kq - 1 8', 'move1': Move.from_uci('f1g2')}
{'state': 'rnb1kb1r/pppp1ppp/4p3/5q2/8/1PP5/P2PP1KP/RNB1n1NR w kq - 0 9', 'move2': Move.from_uci('d3e1')}
{'state': 'rnb1kb1r/pppp1ppp/4p3/5q2/8/1PP3K1/P2PP2P/RNB1n1NR b kq - 1 9', 'move1': Move.from_uci('g2g3')}
{'state': 'rnb1k2r/pppp1ppp/3bp3/5q2/8/1PP3K1/P2PP2P/RNB1n1NR w kq - 2 10', 'move2': Move.from_uci('f8d6')}
{'state': 'rnb1k2r/pppp1ppp/3bp3/5q2/7K/1PP5/P2PP2P/RNB1n1NR b kq - 3 10', 'move1': Move.from_uci('g3h4')}
{'state': 'rnb1k2r/pppp1ppp/3bp3/5q2/7K/1PP5/P2PP1nP/RNB3NR w kq - 4 11', 'move2': Move.from_uci('e1g2')}
END OF GAME, AGENT 1 (Winner.BLACK) won
{'state': 'rnbqkbnr/pppppppp/8/8/8/5P2/PPPPP1PP/RNBQKBNR b KQkq - 0 1', 'move1': Move.from_uci('f2f3')}
{'state': 'rnbqkbnr/pppp1ppp/4p3/8/8/5P2/PPPPP1PP/RNBQKBNR w KQkq - 0 2', 'move2': Move.from_uci('e7e6')}
{'state': 'rnbqkbnr/pppp1ppp/4p3/8/8/2P2P2/PP1PP1PP/RNBQKBNR b KQkq - 0 2', 'move1': Move.from_uci('c2c3')}
{'state': 'rnb1kbnr/pppp1ppp/4p3/8/7q/2P2P2/PP1PP1PP/RNBQKBNR w KQkq - 1 3', 'move2': Move.from_uci('d8h4')}
{'state': 'rnb1kbnr/pppp1ppp/4p3/8/7q/2P2PP1/PP1PP2P/RNBQKBNR b KQkq - 0 3', 'move1': Move.from_uci('g2g3')}
{'state': 'rnb1kbnr/pppp1ppp/4p3/8/2q5/2P2PP1/PP1PP2P/RNBQKBNR w KQkq - 1 4', 'move2': Move.from_uci('h4c4')}
{'state': 'rnb1kbnr/pppp1ppp/4p3/8/2q5/2P2PP1/PPQPP2P/RNB1KBNR b KQkq - 2 4', 'move1': Move.from_uci('d1c2')}
{'state': 'rnb1kbnr/pppp2pp/4p3/5p2/2q5/2P2PP1/PPQPP2P/RNB1KBNR w KQkq - 0 5', 'move2': Move.from_uci('f7f5')}
{'state': 'rnb1kbnr/pppp2pp/4p3/5p2/2q5/2PQ1PP1/PP1PP2P/RNB1KBNR b KQkq - 1 5', 'move1': Move.from_uci('c2d3')}
{'state': 'rnb1kbnr/pppp2pp/4p3/5p2/8/2Pq1PP1/PP1PP2P/RNB1KBNR w KQkq - 0 6', 'move2': Move.from_uci('c4d3')}
{'state': 'rnb1kbnr/pppp2pp/4p3/5p2/8/1PPq1PP1/P2PP2P/RNB1KBNR b KQkq - 0 6', 'move1': Move.from_uci('b2b3')}
{'state': 'rnb1kbnr/pppp2pp/4p3/5p2/8/1PP2PP1/P2Pq2P/RNB1KBNR w KQkq - 0 7', 'move2': Move.from_uci('d3e2')}
{'state': 'rnb1kbnr/pppp2pp/4p3/5p2/8/1PP2PP1/P2PK2P/RNB2BNR b kq - 0 7', 'move1': Move.from_uci('e1e2')}
{'state': 'rnb1k1nr/pppp2pp/4p3/2b2p2/8/1PP2PP1/P2PK2P/RNB2BNR w kq - 1 8', 'move2': Move.from_uci('f8c5')}
{'state': 'rnb1k1nr/pppp2pp/4p3/2b2p2/P7/1PP2PP1/3PK2P/RNB2BNR b kq - 0 8', 'move1': Move.from_uci('a2a4')}
{'state': 'rnb1k1nr/1ppp2pp/4p3/p1b2p2/P7/1PP2PP1/3PK2P/RNB2BNR w kq - 0 9', 'move2': Move.from_uci('a7a5')}
{'state': 'rnb1k1nr/1ppp2pp/4p3/p1b2p2/P7/RPP2PP1/3PK2P/1NB2BNR b kq - 1 9', 'move1': Move.from_uci('a1a3')}
{'state': 'rnb1k1nr/1ppp2pp/4p3/p4p2/P7/RPP2PP1/3PK2P/1NB2BbR w kq - 0 10', 'move2': Move.from_uci('c5g1')}
{'state': 'rnb1k1nr/1ppp2pp/4p3/p4p2/P7/RPPK1PP1/3P3P/1NB2BbR b kq - 1 10', 'move1': Move.from_uci('e2d3')}
{'state': 'rnb1k1nr/1pp3pp/4p3/p2p1p2/P7/RPPK1PP1/3P3P/1NB2BbR w kq - 0 11', 'move2': Move.from_uci('d7d5')}
{'state': 'rnb1k1nr/1pp3pp/4p3/p2p1p2/P6P/RPPK1PP1/3P4/1NB2BbR b kq - 0 11', 'move1': Move.from_uci('h2h4')}
{'state': 'rnb1k1nr/1pp3p1/4p3/p2p1p1p/P6P/RPPK1PP1/3P4/1NB2BbR w kq - 0 12', 'move2': Move.from_uci('h7h5')}
{'state': 'rnb1k1nr/1pp3p1/4p3/p2p1p1p/P6P/RPPK1PP1/3P3R/1NB2Bb1 b kq - 1 12', 'move1': Move.from_uci('h1h2')}
{'state': 'rnb1k1nr/1pp3p1/4p3/p2p1p1p/P6P/RPPK1PP1/3P3b/1NB2B2 w kq - 0 13', 'move2': Move.from_uci('g1h2')}
{'state': 'rnb1k1nr/1pp3p1/4p3/p2p1p1p/P2K3P/RPP2PP1/3P3b/1NB2B2 b kq - 1 13', 'move1': Move.from_uci('d3d4')}
{'state': 'rnb1k1nr/1pp3p1/4p3/p2p1p1p/P2K3P/RPP2PP1/3P4/1NB2Bb1 w kq - 2 14', 'move2': Move.from_uci('h2g1')}
{'state': 'rnb1k1nr/1pp3p1/4p3/p2pKp1p/P6P/RPP2PP1/3P4/1NB2Bb1 b kq - 3 14', 'move1': Move.from_uci('d4e5')}
{'state': 'r1b1k1nr/1pp3p1/2n1p3/p2pKp1p/P6P/RPP2PP1/3P4/1NB2Bb1 w kq - 4 15', 'move2': Move.from_uci('b8c6')}
{'state': 'r1b1k1nr/1pp3p1/2n1p3/p2p1p1p/P4K1P/RPP2PP1/3P4/1NB2Bb1 b kq - 5 15', 'move1': Move.from_uci('e5f4')}
{'state': 'r1b1k1nr/1pp3p1/2n5/p2ppp1p/P4K1P/RPP2PP1/3P4/1NB2Bb1 w kq - 0 16', 'move2': Move.from_uci('e6e5')}
{'state': 'r1b1k1nr/1pp3p1/2n5/p2pppKp/P6P/RPP2PP1/3P4/1NB2Bb1 b kq - 1 16', 'move1': Move.from_uci('f4g5')}
{'state': 'r1b1k1nr/1pp3p1/2n5/p2pppKp/P6P/RPP1bPP1/3P4/1NB2B2 w kq - 2 17', 'move2': Move.from_uci('g1e3')}
{'state': 'r1b1k1nr/1pp3p1/2n5/p2pppKp/P4P1P/RPP1b1P1/3P4/1NB2B2 b kq - 0 17', 'move1': Move.from_uci('f3f4')}
{'state': 'r1b1k1nr/1pp3p1/2n5/p2pppKp/P4b1P/RPP3P1/3P4/1NB2B2 w kq - 0 18', 'move2': Move.from_uci('e3f4')}
{'state': 'r1b1k1nr/1pp3p1/2n5/p2pppKp/P4P1P/RPP5/3P4/1NB2B2 b kq - 0 18', 'move1': Move.from_uci('g3f4')}
{'state': 'r1b1k2r/1pp1n1p1/2n5/p2pppKp/P4P1P/RPP5/3P4/1NB2B2 w kq - 1 19', 'move2': Move.from_uci('g8e7')}
{'state': 'r1b1k2r/1pp1n1p1/2n5/p2pppKp/P4P1P/RPPB4/3P4/1NB5 b kq - 2 19', 'move1': Move.from_uci('f1d3')}
{'state': 'r1b1k2r/1pp1n1p1/2n5/p2p1pKp/P3pP1P/RPPB4/3P4/1NB5 w kq - 0 20', 'move2': Move.from_uci('e5e4')}
{'state': 'r1b1k2r/1pp1n1p1/B1n5/p2p1pKp/P3pP1P/RPP5/3P4/1NB5 b kq - 1 20', 'move1': Move.from_uci('d3a6')}
{'state': '2b1k2r/1pp1n1p1/r1n5/p2p1pKp/P3pP1P/RPP5/3P4/1NB5 w k - 0 21', 'move2': Move.from_uci('a8a6')}
{'state': '2b1k2r/1pp1n1p1/r1n5/p2p1pKp/P1P1pP1P/RP6/3P4/1NB5 b k - 0 21', 'move1': Move.from_uci('c3c4')}
{'state': '2b1k2r/1pp1n1p1/r7/p2p1pKp/P1PnpP1P/RP6/3P4/1NB5 w k - 1 22', 'move2': Move.from_uci('c6d4')}
{'state': '2b1k2r/1pp1n1p1/r7/p2p1pKp/P1PnpP1P/RPN5/3P4/2B5 b k - 2 22', 'move1': Move.from_uci('b1c3')}
{'state': '2b1k2r/1pp1n1p1/6r1/p2p1pKp/P1PnpP1P/RPN5/3P4/2B5 w k - 3 23', 'move2': Move.from_uci('a6g6')}
END OF GAME, AGENT 1 (Winner.BLACK) won
{'state': 'rnbqkbnr/pppppppp/8/8/8/4P3/PPPP1PPP/RNBQKBNR b KQkq - 0 1', 'move1': Move.from_uci('e2e3')}
{'state': 'r1bqkbnr/pppppppp/n7/8/8/4P3/PPPP1PPP/RNBQKBNR w KQkq - 1 2', 'move2': Move.from_uci('b8a6')}
{'state': 'r1bqkbnr/pppppppp/B7/8/8/4P3/PPPP1PPP/RNBQK1NR b KQkq - 0 2', 'move1': Move.from_uci('f1a6')}
{'state': 'r1bqkbnr/pppppp1p/B7/6p1/8/4P3/PPPP1PPP/RNBQK1NR w KQkq - 0 3', 'move2': Move.from_uci('g7g5')}
{'state': 'r1bqkbnr/pppppp1p/B7/6pQ/8/4P3/PPPP1PPP/RNB1K1NR b KQkq - 1 3', 'move1': Move.from_uci('d1h5')}
{'state': 'r1bqk1nr/pppppp1p/B6b/6pQ/8/4P3/PPPP1PPP/RNB1K1NR w KQkq - 2 4', 'move2': Move.from_uci('f8h6')}
{'state': 'r1bqk1nr/pppppp1p/7b/1B4pQ/8/4P3/PPPP1PPP/RNB1K1NR b KQkq - 3 4', 'move1': Move.from_uci('a6b5')}
{'state': 'r1bqk1nr/pp1ppp1p/7b/1Bp3pQ/8/4P3/PPPP1PPP/RNB1K1NR w KQkq - 0 5', 'move2': Move.from_uci('c7c5')}
{'state': 'r1bqk1nr/pp1Bpp1p/7b/2p3pQ/8/4P3/PPPP1PPP/RNB1K1NR b KQkq - 0 5', 'move1': Move.from_uci('b5d7')}
{'state': 'r1bq1knr/pp1Bpp1p/7b/2p3pQ/8/4P3/PPPP1PPP/RNB1K1NR w KQ - 1 6', 'move2': Move.from_uci('e8f8')}
{'state': 'r1bq1knr/pp1Bpp1p/7b/2p3pQ/6P1/4P3/PPPP1P1P/RNB1K1NR b KQ - 0 6', 'move1': Move.from_uci('g2g4')}
{'state': 'r1bq1knr/1p1Bpp1p/p6b/2p3pQ/6P1/4P3/PPPP1P1P/RNB1K1NR w KQ - 0 7', 'move2': Move.from_uci('a7a6')}
{'state': 'r1bq1knr/1p1Bpp1p/p6b/2p3pQ/2P3P1/4P3/PP1P1P1P/RNB1K1NR b KQ - 0 7', 'move1': Move.from_uci('c2c4')}
{'state': 'r1bq1knr/1p1Bp2p/p6b/2p2ppQ/2P3P1/4P3/PP1P1P1P/RNB1K1NR w KQ - 0 8', 'move2': Move.from_uci('f7f5')}
{'state': 'r1bqQknr/1p1Bp2p/p6b/2p2pp1/2P3P1/4P3/PP1P1P1P/RNB1K1NR b KQ - 1 8', 'move1': Move.from_uci('h5e8')}
{'state': 'r1bqQ1nr/1p1Bp1kp/p6b/2p2pp1/2P3P1/4P3/PP1P1P1P/RNB1K1NR w KQ - 2 9', 'move2': Move.from_uci('f8g7')}
{'state': 'r1bQ2nr/1p1Bp1kp/p6b/2p2pp1/2P3P1/4P3/PP1P1P1P/RNB1K1NR b KQ - 0 9', 'move1': Move.from_uci('e8d8')}
{'state': 'r1bQ2nr/1p1Bp2p/p5kb/2p2pp1/2P3P1/4P3/PP1P1P1P/RNB1K1NR w KQ - 1 10', 'move2': Move.from_uci('g7g6')}
{'state': 'r1b1Q1nr/1p1Bp2p/p5kb/2p2pp1/2P3P1/4P3/PP1P1P1P/RNB1K1NR b KQ - 2 10', 'move1': Move.from_uci('d8e8')}
{'state': 'r1b1Q1nr/1p1Bp1kp/p6b/2p2pp1/2P3P1/4P3/PP1P1P1P/RNB1K1NR w KQ - 3 11', 'move2': Move.from_uci('g6g7')}
{'state': 'r1b3nr/1p1BpQkp/p6b/2p2pp1/2P3P1/4P3/PP1P1P1P/RNB1K1NR b KQ - 4 11', 'move1': Move.from_uci('e8f7')}
{'state': 'r1b3nr/1p1Bpk1p/p6b/2p2pp1/2P3P1/4P3/PP1P1P1P/RNB1K1NR w KQ - 0 12', 'move2': Move.from_uci('g7f7')}
{'state': 'r1b1B1nr/1p2pk1p/p6b/2p2pp1/2P3P1/4P3/PP1P1P1P/RNB1K1NR b KQ - 1 12', 'move1': Move.from_uci('d7e8')}
{'state': 'r1b1B1nr/1p2p2p/p4k1b/2p2pp1/2P3P1/4P3/PP1P1P1P/RNB1K1NR w KQ - 2 13', 'move2': Move.from_uci('f7f6')}
{'state': 'r1b1B1nr/1p2p2p/p4k1b/2p2pp1/2P3P1/4PN2/PP1P1P1P/RNB1K2R b KQ - 3 13', 'move1': Move.from_uci('g1f3')}
{'state': 'r1b1B1nr/4p2p/pp3k1b/2p2pp1/2P3P1/4PN2/PP1P1P1P/RNB1K2R w KQ - 0 14', 'move2': Move.from_uci('b7b6')}
{'state': 'r1b1B1nr/4p2p/pp3k1b/2p2Pp1/2P5/4PN2/PP1P1P1P/RNB1K2R b KQ - 0 14', 'move1': Move.from_uci('g4f5')}
{'state': 'r3B1nr/3bp2p/pp3k1b/2p2Pp1/2P5/4PN2/PP1P1P1P/RNB1K2R w KQ - 1 15', 'move2': Move.from_uci('c8d7')}
{'state': 'r5nr/3Bp2p/pp3k1b/2p2Pp1/2P5/4PN2/PP1P1P1P/RNB1K2R b KQ - 0 15', 'move1': Move.from_uci('e8d7')}
{'state': '2r3nr/3Bp2p/pp3k1b/2p2Pp1/2P5/4PN2/PP1P1P1P/RNB1K2R w KQ - 1 16', 'move2': Move.from_uci('a8c8')}
{'state': '2B3nr/4p2p/pp3k1b/2p2Pp1/2P5/4PN2/PP1P1P1P/RNB1K2R b KQ - 0 16', 'move1': Move.from_uci('d7c8')}
{'state': '2B3nr/4pk1p/pp5b/2p2Pp1/2P5/4PN2/PP1P1P1P/RNB1K2R w KQ - 1 17', 'move2': Move.from_uci('f6f7')}
{'state': '2B3nr/4pk1p/pp5b/2p1NPp1/2P5/4P3/PP1P1P1P/RNB1K2R b KQ - 2 17', 'move1': Move.from_uci('f3e5')}
{'state': '2B3nr/4p2p/pp3k1b/2p1NPp1/2P5/4P3/PP1P1P1P/RNB1K2R w KQ - 3 18', 'move2': Move.from_uci('f7f6')}
{'state': '2B3nr/4p2p/pp3k1b/2p2Pp1/2P3N1/4P3/PP1P1P1P/RNB1K2R b KQ - 4 18', 'move1': Move.from_uci('e5g4')}
{'state': '2B3nr/4pk1p/pp5b/2p2Pp1/2P3N1/4P3/PP1P1P1P/RNB1K2R w KQ - 5 19', 'move2': Move.from_uci('f6f7')}
{'state': '6nr/4pk1p/pp2B2b/2p2Pp1/2P3N1/4P3/PP1P1P1P/RNB1K2R b KQ - 6 19', 'move1': Move.from_uci('c8e6')}
{'state': '6nr/4p1kp/pp2B2b/2p2Pp1/2P3N1/4P3/PP1P1P1P/RNB1K2R w KQ - 7 20', 'move2': Move.from_uci('f7g7')}
{'state': '6nr/4p1kp/pp2BP1b/2p3p1/2P3N1/4P3/PP1P1P1P/RNB1K2R b KQ - 0 20', 'move1': Move.from_uci('f5f6')}
{'state': '6nr/4p2p/pp2BPkb/2p3p1/2P3N1/4P3/PP1P1P1P/RNB1K2R w KQ - 1 21', 'move2': Move.from_uci('g7g6')}
{'state': '6nr/4p2p/pp2BPkb/2p1N1p1/2P5/4P3/PP1P1P1P/RNB1K2R b KQ - 2 21', 'move1': Move.from_uci('g4e5')}
{'state': '6nr/4p2p/pp2BP1b/2p1N1pk/2P5/4P3/PP1P1P1P/RNB1K2R w KQ - 3 22', 'move2': Move.from_uci('g6h5')}
{'state': '6nr/4pB1p/pp3P1b/2p1N1pk/2P5/4P3/PP1P1P1P/RNB1K2R b KQ - 4 22', 'move1': Move.from_uci('e6f7')}
{'state': '6nr/4pB1p/pp3P1b/2p1N1p1/2P4k/4P3/PP1P1P1P/RNB1K2R w KQ - 5 23', 'move2': Move.from_uci('h5h4')}
{'state': '6nr/4pB1p/pp3P1b/2p3p1/2P4k/4PN2/PP1P1P1P/RNB1K2R b KQ - 6 23', 'move1': Move.from_uci('e5f3')}
{'state': '6nr/4pB1p/pp3P1b/2p3p1/2P5/4PN1k/PP1P1P1P/RNB1K2R w KQ - 7 24', 'move2': Move.from_uci('h4h3')}
{'state': '6nr/4p2p/pp2BP1b/2p3p1/2P5/4PN1k/PP1P1P1P/RNB1K2R b KQ - 8 24', 'move1': Move.from_uci('f7e6')}
{'state': '6nr/4p2p/pp2BP1b/2p5/2P3p1/4PN1k/PP1P1P1P/RNB1K2R w KQ - 0 25', 'move2': Move.from_uci('g5g4')}
{'state': '6nr/4p2p/pp2BP1b/2p5/2P3p1/4P2k/PP1P1P1P/RNB1K1NR b KQ - 1 25', 'move1': Move.from_uci('f3g1')}
{'state': '6nr/4p2p/pp2BP1b/2p5/2P3p1/4P3/PP1P1PkP/RNB1K1NR w KQ - 2 26', 'move2': Move.from_uci('h3g2')}
{'state': '6nr/4p2p/pp3P1b/2pB4/2P3p1/4P3/PP1P1PkP/RNB1K1NR b KQ - 3 26', 'move1': Move.from_uci('e6d5')}
END OF GAME, AGENT 1 (Winner.WHITE) won
{'state': 'rnbqkbnr/pppppppp/8/8/8/5P2/PPPPP1PP/RNBQKBNR b KQkq - 0 1', 'move1': Move.from_uci('f2f3')}
{'state': 'rnbqkbnr/ppp1pppp/3p4/8/8/5P2/PPPPP1PP/RNBQKBNR w KQkq - 0 2', 'move2': Move.from_uci('d7d6')}
{'state': 'rnbqkbnr/ppp1pppp/3p4/8/8/2P2P2/PP1PP1PP/RNBQKBNR b KQkq - 0 2', 'move1': Move.from_uci('c2c3')}
{'state': 'rnbqkbnr/ppp1pppp/8/3p4/8/2P2P2/PP1PP1PP/RNBQKBNR w KQkq - 0 3', 'move2': Move.from_uci('d6d5')}
{'state': 'rnbqkbnr/ppp1pppp/8/3p4/8/2P2PP1/PP1PP2P/RNBQKBNR b KQkq - 0 3', 'move1': Move.from_uci('g2g3')}
{'state': 'r1bqkbnr/ppp1pppp/2n5/3p4/8/2P2PP1/PP1PP2P/RNBQKBNR w KQkq - 1 4', 'move2': Move.from_uci('b8c6')}
{'state': 'r1bqkbnr/ppp1pppp/2n5/3p4/Q7/2P2PP1/PP1PP2P/RNB1KBNR b KQkq - 2 4', 'move1': Move.from_uci('d1a4')}
{'state': 'r1bqkbnr/ppp1pppp/2n5/8/Q2p4/2P2PP1/PP1PP2P/RNB1KBNR w KQkq - 0 5', 'move2': Move.from_uci('d5d4')}
{'state': 'r1bqkbnr/ppp1pppp/Q1n5/8/3p4/2P2PP1/PP1PP2P/RNB1KBNR b KQkq - 1 5', 'move1': Move.from_uci('a4a6')}
{'state': 'r1bqkbnr/p1p1pppp/p1n5/8/3p4/2P2PP1/PP1PP2P/RNB1KBNR w KQkq - 0 6', 'move2': Move.from_uci('b7a6')}
{'state': 'r1bqkbnr/p1p1pppp/p1n5/8/1P1p4/2P2PP1/P2PP2P/RNB1KBNR b KQkq - 0 6', 'move1': Move.from_uci('b2b4')}
{'state': 'r2qkbnr/p1p1pppp/p1n5/8/1P1p4/2P2PPb/P2PP2P/RNB1KBNR w KQkq - 1 7', 'move2': Move.from_uci('c8h3')}
{'state': 'r2qkbnr/p1p1pppp/p1n5/8/1PPp4/5PPb/P2PP2P/RNB1KBNR b KQkq - 0 7', 'move1': Move.from_uci('c3c4')}
{'state': 'r2qkbnr/p1p1pppp/p7/8/1nPp4/5PPb/P2PP2P/RNB1KBNR w KQkq - 0 8', 'move2': Move.from_uci('c6b4')}
{'state': 'r2qkbnr/p1p1pppp/p7/8/1nPp4/4PPPb/P2P3P/RNB1KBNR b KQkq - 0 8', 'move1': Move.from_uci('e2e3')}
{'state': 'r2qkbnr/p1p1pppp/p7/8/2Pp4/4PPPb/P1nP3P/RNB1KBNR w KQkq - 1 9', 'move2': Move.from_uci('b4c2')}
{'state': 'r2qkbnr/p1p1pppp/p7/8/2Pp4/4PPPb/P1nPK2P/RNB2BNR b kq - 2 9', 'move1': Move.from_uci('e1e2')}
{'state': 'r2qkbnr/p1p1pppp/p7/8/2P5/3pPPPb/P1nPK2P/RNB2BNR w kq - 0 10', 'move2': Move.from_uci('d4d3')}
{'state': 'r2qkbnr/p1p1pppp/p7/8/2P5/3pPPPb/P1nP3P/RNBK1BNR b kq - 1 10', 'move1': Move.from_uci('e2d1')}
{'state': 'r2qkbnr/p1p1pppp/p7/8/2P5/3pnPPb/P2P3P/RNBK1BNR w kq - 0 11', 'move2': Move.from_uci('c2e3')}
{'state': 'r2qkbnr/p1p1pppp/p7/8/2P5/3pnPPb/P2P3P/RNB1KBNR b kq - 1 11', 'move1': Move.from_uci('d1e1')}
{'state': 'r2qkbnr/p1p1pppp/p7/8/2P5/3p1PPb/P1nP3P/RNB1KBNR w kq - 2 12', 'move2': Move.from_uci('e3c2')}
{'state': 'r2qkbnr/p1p1pppp/p7/8/2P5/3p1PPb/P1nP3P/RNBK1BNR b kq - 3 12', 'move1': Move.from_uci('e1d1')}
{'state': 'r2qkbnr/p1p1pppp/p7/8/2P5/3pnPPb/P2P3P/RNBK1BNR w kq - 4 13', 'move2': Move.from_uci('c2e3')}
{'state': 'r2qkbnr/p1p1pppp/p7/8/2P5/3pPPPb/P6P/RNBK1BNR b kq - 0 13', 'move1': Move.from_uci('d2e3')}
{'state': 'r2qkbnr/p1p1pppp/p7/8/2P5/3pPPP1/P6P/RNBK1bNR w kq - 0 14', 'move2': Move.from_uci('h3f1')}
{'state': 'r2qkbnr/p1p1pppp/p7/8/2P4P/3pPPP1/P7/RNBK1bNR b kq - 0 14', 'move1': Move.from_uci('h2h4')}
{'state': 'r2qkbnr/p1p1pppp/p7/8/2P4P/3pPPP1/P3b3/RNBK2NR w kq - 1 15', 'move2': Move.from_uci('f1e2')}
{'state': 'r2qkbnr/p1p1pppp/p7/8/2P4P/3pPPP1/P2Kb3/RNB3NR b kq - 2 15', 'move1': Move.from_uci('d1d2')}
{'state': 'r2qkbnr/p1p1ppp1/p7/7p/2P4P/3pPPP1/P2Kb3/RNB3NR w kq - 0 16', 'move2': Move.from_uci('h7h5')}
{'state': 'r2qkbnr/p1p1ppp1/p7/7p/2P4P/3pPPP1/P3b3/RNB1K1NR b kq - 1 16', 'move1': Move.from_uci('d2e1')}
{'state': 'r2qkbnr/p1p1ppp1/p7/7p/2P4P/4PPP1/P2pb3/RNB1K1NR w kq - 0 17', 'move2': Move.from_uci('d3d2')}
{'state': 'r2qkbnr/p1p1ppp1/p7/7p/2P4P/4PPP1/P2pbK2/RNB3NR b kq - 1 17', 'move1': Move.from_uci('e1f2')}
{'state': 'r2qkbnr/p1p1ppp1/p7/7p/2P4P/4PPP1/P3bK2/RNBn2NR w kq - 0 18', 'move2': Move.from_uci('d2d1n')}
{'state': 'r2qkbnr/p1p1ppp1/p7/7p/2P4P/4PPP1/P3b1K1/RNBn2NR b kq - 1 18', 'move1': Move.from_uci('f2g2')}
{'state': 'r2qkbnr/p1p1ppp1/p7/7p/2P4P/4PPP1/P5K1/RNBn1bNR w kq - 2 19', 'move2': Move.from_uci('e2f1')}
{'state': 'r2qkbnr/p1p1ppp1/p7/7p/2P4P/4PPP1/P6K/RNBn1bNR b kq - 3 19', 'move1': Move.from_uci('g2h2')}
{'state': 'r3kbnr/p1p1ppp1/p7/7p/2P4P/4PPP1/P2q3K/RNBn1bNR w kq - 4 20', 'move2': Move.from_uci('d8d2')}
{'state': 'r3kbnr/p1p1ppp1/p7/7p/2P4P/4PPP1/P2qN2K/RNBn1b1R b kq - 5 20', 'move1': Move.from_uci('g1e2')}
{'state': 'r3kbnr/p1p1ppp1/p7/7p/2P4P/4PPP1/P3q2K/RNBn1b1R w kq - 0 21', 'move2': Move.from_uci('d2e2')}
{'state': 'r3kbnr/p1p1ppp1/p7/7p/2P4P/4PPP1/P3q3/RNBn1bKR b kq - 1 21', 'move1': Move.from_uci('h2g1')}
{'state': 'r3kbnr/p1p1ppp1/p7/7p/2P4P/4PPP1/P5q1/RNBn1bKR w kq - 2 22', 'move2': Move.from_uci('e2g2')}
END OF GAME, AGENT 1 (Winner.BLACK) won
{'state': 'rnbqkbnr/pppppppp/8/8/8/7N/PPPPPPPP/RNBQKB1R b KQkq - 1 1', 'move1': Move.from_uci('g1h3')}
{'state': 'rnbqkbnr/ppppp1pp/5p2/8/8/7N/PPPPPPPP/RNBQKB1R w KQkq - 0 2', 'move2': Move.from_uci('f7f6')}
{'state': 'rnbqkbnr/ppppp1pp/5p2/8/5N2/8/PPPPPPPP/RNBQKB1R b KQkq - 1 2', 'move1': Move.from_uci('h3f4')}
{'state': 'rnbqkbnr/p1ppp1pp/1p3p2/8/5N2/8/PPPPPPPP/RNBQKB1R w KQkq - 0 3', 'move2': Move.from_uci('b7b6')}
{'state': 'rnbqkbnr/p1ppp1pp/1p3p2/3N4/8/8/PPPPPPPP/RNBQKB1R b KQkq - 1 3', 'move1': Move.from_uci('f4d5')}
{'state': 'rnbqkbnr/p1ppp2p/1p3pp1/3N4/8/8/PPPPPPPP/RNBQKB1R w KQkq - 0 4', 'move2': Move.from_uci('g7g6')}
{'state': 'rnbqkbnr/p1ppp2p/1p3pp1/3N4/8/2N5/PPPPPPPP/R1BQKB1R b KQkq - 1 4', 'move1': Move.from_uci('b1c3')}
{'state': 'rnbqkbnr/p1ppp2p/1p3p2/3N2p1/8/2N5/PPPPPPPP/R1BQKB1R w KQkq - 0 5', 'move2': Move.from_uci('g6g5')}
{'state': 'rnbqkbnr/p1ppp2p/1p3p2/1N1N2p1/8/8/PPPPPPPP/R1BQKB1R b KQkq - 1 5', 'move1': Move.from_uci('c3b5')}
{'state': 'r1bqkbnr/p1ppp2p/np3p2/1N1N2p1/8/8/PPPPPPPP/R1BQKB1R w KQkq - 2 6', 'move2': Move.from_uci('b8a6')}
{'state': 'r1bqkbnr/p1ppp2p/np3p2/3N2p1/3N4/8/PPPPPPPP/R1BQKB1R b KQkq - 3 6', 'move1': Move.from_uci('b5d4')}
{'state': 'r1bqkbnr/p1ppp3/np3p1p/3N2p1/3N4/8/PPPPPPPP/R1BQKB1R w KQkq - 0 7', 'move2': Move.from_uci('h7h6')}
{'state': 'r1bqkbnr/p1ppp3/np3p1p/3N2p1/3N2P1/8/PPPPPP1P/R1BQKB1R b KQkq - 0 7', 'move1': Move.from_uci('g2g4')}
{'state': 'r1bqkbnr/p1ppp3/np3p2/3N2pp/3N2P1/8/PPPPPP1P/R1BQKB1R w KQkq - 0 8', 'move2': Move.from_uci('h6h5')}
{'state': 'r1bqkbnr/p1ppp3/np3p2/3N2pP/3N4/8/PPPPPP1P/R1BQKB1R b KQkq - 0 8', 'move1': Move.from_uci('g4h5')}
{'state': 'rnbqkbnr/p1ppp3/1p3p2/3N2pP/3N4/8/PPPPPP1P/R1BQKB1R w KQkq - 1 9', 'move2': Move.from_uci('a6b8')}
{'state': 'rnbqkbnr/p1Npp3/1p3p2/6pP/3N4/8/PPPPPP1P/R1BQKB1R b KQkq - 0 9', 'move1': Move.from_uci('d5c7')}
{'state': 'rnbq1bnr/p1Nppk2/1p3p2/6pP/3N4/8/PPPPPP1P/R1BQKB1R w KQ - 1 10', 'move2': Move.from_uci('e8f7')}
{'state': 'rnbq1bnr/p1Nppk2/1p2Np2/6pP/8/8/PPPPPP1P/R1BQKB1R b KQ - 2 10', 'move1': Move.from_uci('d4e6')}
{'state': 'rnb1qbnr/p1Nppk2/1p2Np2/6pP/8/8/PPPPPP1P/R1BQKB1R w KQ - 3 11', 'move2': Move.from_uci('d8e8')}
{'state': 'rnb1qbnr/p1Nppk2/1p3p2/6NP/8/8/PPPPPP1P/R1BQKB1R b KQ - 0 11', 'move1': Move.from_uci('e6g5')}
{'state': 'rnb1qbnr/p1Npp1k1/1p3p2/6NP/8/8/PPPPPP1P/R1BQKB1R w KQ - 1 12', 'move2': Move.from_uci('f7g7')}
{'state': 'rnb1Nbnr/p2pp1k1/1p3p2/6NP/8/8/PPPPPP1P/R1BQKB1R b KQ - 0 12', 'move1': Move.from_uci('c7e8')}
{'state': 'rnb1Nbnr/p2pp3/1p3p1k/6NP/8/8/PPPPPP1P/R1BQKB1R w KQ - 1 13', 'move2': Move.from_uci('g7h6')}
{'state': 'rnb1Nbnr/p2ppN2/1p3p1k/7P/8/8/PPPPPP1P/R1BQKB1R b KQ - 2 13', 'move1': Move.from_uci('g5f7')}
{'state': 'rnb1Nbnr/p2ppN1k/1p3p2/7P/8/8/PPPPPP1P/R1BQKB1R w KQ - 3 14', 'move2': Move.from_uci('h6h7')}
{'state': 'rnb1Nbnr/p2pp2k/1p3p2/6NP/8/8/PPPPPP1P/R1BQKB1R b KQ - 4 14', 'move1': Move.from_uci('f7g5')}
{'state': 'rnb1Nbnr/p2pp3/1p3p1k/6NP/8/8/PPPPPP1P/R1BQKB1R w KQ - 5 15', 'move2': Move.from_uci('h7h6')}
{'state': 'rnb1Nbnr/p2ppN2/1p3p1k/7P/8/8/PPPPPP1P/R1BQKB1R b KQ - 6 15', 'move1': Move.from_uci('g5f7')}
{'state': 'rnb1Nbnr/p2ppN1k/1p3p2/7P/8/8/PPPPPP1P/R1BQKB1R w KQ - 7 16', 'move2': Move.from_uci('h6h7')}
{'state': 'rnb1Nbnr/p2pp2k/1p3p2/6NP/8/8/PPPPPP1P/R1BQKB1R b KQ - 8 16', 'move1': Move.from_uci('f7g5')}
{'state': 'rnb1Nbnr/p2pp3/1p3p1k/6NP/8/8/PPPPPP1P/R1BQKB1R w KQ - 9 17', 'move2': Move.from_uci('h7h6')}
{'state': 'rnb1Nbnr/p2ppN2/1p3p1k/7P/8/8/PPPPPP1P/R1BQKB1R b KQ - 10 17', 'move1': Move.from_uci('g5f7')}
{'state': 'rnb1Nbnr/p2ppN2/1p3p2/7k/8/8/PPPPPP1P/R1BQKB1R w KQ - 0 18', 'move2': Move.from_uci('h6h5')}
{'state': 'rnb1Nbnr/p2ppN2/1p3p2/7k/4P3/8/PPPP1P1P/R1BQKB1R b KQ - 0 18', 'move1': Move.from_uci('e2e4')}
{'state': 'rnb1Nbnr/p2ppN2/1p3p2/8/4P2k/8/PPPP1P1P/R1BQKB1R w KQ - 1 19', 'move2': Move.from_uci('h5h4')}
{'state': 'rnb1Nbnr/p2ppN2/1p3p2/8/4P1Qk/8/PPPP1P1P/R1B1KB1R b KQ - 2 19', 'move1': Move.from_uci('d1g4')}
{'state': 'rnb1Nbnr/p2ppN2/1p3p2/8/4P1k1/8/PPPP1P1P/R1B1KB1R w KQ - 0 20', 'move2': Move.from_uci('h4g4')}
{'state': 'rnb1Nbnr/p2ppN2/1p3p2/8/4P1k1/8/PPPPBP1P/R1B1K2R b KQ - 1 20', 'move1': Move.from_uci('f1e2')}
{'state': 'rnb1Nbnr/p2ppN2/1p3p2/8/4Pk2/8/PPPPBP1P/R1B1K2R w KQ - 2 21', 'move2': Move.from_uci('g4f4')}
{'state': 'rnb1Nbnr/p2ppN2/1p3p2/8/4Pk2/3P4/PPP1BP1P/R1B1K2R b KQ - 0 21', 'move1': Move.from_uci('d2d3')}
END OF GAME, AGENT 1 (Winner.WHITE) won
