{'state': 'rnbqkbnr/pppppppp/8/8/8/2N5/PPPPPPPP/R1BQKBNR b KQkq - 1 1', 'move1': Move.from_uci('b1c3')}
{'state': 'rnbqkbnr/ppp1pppp/8/3p4/8/2N5/PPPPPPPP/R1BQKBNR w KQkq - 0 2', 'move2': Move.from_uci('d7d5')}
{'state': 'rnbqkbnr/ppp1pppp/8/3p4/8/2N5/PPPPPPPP/1RBQKBNR b Kkq - 1 2', 'move1': Move.from_uci('a1b1')}
{'state': 'rnbqkbnr/ppp1pppp/8/8/3p4/2N5/PPPPPPPP/1RBQKBNR w Kkq - 0 3', 'move2': Move.from_uci('d5d4')}
{'state': 'rnbqkbnr/ppp1pppp/8/8/P2p4/2N5/1PPPPPPP/1RBQKBNR b Kkq - 0 3', 'move1': Move.from_uci('a2a4')}
{'state': 'rnbqkbnr/ppp1pppp/8/8/P7/2p5/1PPPPPPP/1RBQKBNR w Kkq - 0 4', 'move2': Move.from_uci('d4c3')}
{'state': 'rnbqkbnr/ppp1pppp/8/8/PP6/2p5/2PPPPPP/1RBQKBNR b Kkq - 0 4', 'move1': Move.from_uci('b2b4')}
{'state': 'rnbqkbnr/ppp2ppp/8/4p3/PP6/2p5/2PPPPPP/1RBQKBNR w Kkq - 0 5', 'move2': Move.from_uci('e7e5')}
{'state': 'rnbqkbnr/ppp2ppp/8/4p3/PP1P4/2p5/2P1PPPP/1RBQKBNR b Kkq - 0 5', 'move1': Move.from_uci('d2d4')}
{'state': 'rnb1kbnr/ppp2ppp/8/4p3/PP1q4/2p5/2P1PPPP/1RBQKBNR w Kkq - 0 6', 'move2': Move.from_uci('d8d4')}
{'state': 'rnb1kbnr/ppp2ppp/8/4p3/PP1qP3/2p5/2P2PPP/1RBQKBNR b Kkq - 0 6', 'move1': Move.from_uci('e2e4')}
{'state': 'rnb1kbnr/ppp2ppp/8/4p3/PP2q3/2p5/2P2PPP/1RBQKBNR w Kkq - 0 7', 'move2': Move.from_uci('d4e4')}
{'state': 'rnb1kbnr/ppp2ppp/8/4p3/PP2q3/2p1B3/2P2PPP/1R1QKBNR b Kkq - 1 7', 'move1': Move.from_uci('c1e3')}
{'state': 'r1b1kbnr/ppp2ppp/2n5/4p3/PP2q3/2p1B3/2P2PPP/1R1QKBNR w Kkq - 2 8', 'move2': Move.from_uci('b8c6')}
{'state': 'r1b1kbnr/ppp2ppp/2n5/4p3/PP2q3/1Rp1B3/2P2PPP/3QKBNR b Kkq - 3 8', 'move1': Move.from_uci('b1b3')}
{'state': 'r1b1kbnr/ppp2ppp/8/4p3/PP1nq3/1Rp1B3/2P2PPP/3QKBNR w Kkq - 4 9', 'move2': Move.from_uci('c6d4')}
{'state': 'r1b1kbnr/ppp2ppp/8/4p3/PP1nqP2/1Rp1B3/2P3PP/3QKBNR b Kkq - 0 9', 'move1': Move.from_uci('f2f4')}
{'state': 'r1b1kbnr/ppp2ppp/8/4p3/PP2qP2/1Rp1B3/2n3PP/3QKBNR w Kkq - 0 10', 'move2': Move.from_uci('d4c2')}
{'state': 'r1b1kbnr/ppp2ppp/8/4p3/PP2qP2/1Rp1B3/2Q3PP/4KBNR b Kkq - 0 10', 'move1': Move.from_uci('d1c2')}
{'state': 'r1b1kbnr/ppp2ppp/8/4p3/PP3P2/1Rp1B3/2q3PP/4KBNR w Kkq - 0 11', 'move2': Move.from_uci('e4c2')}
{'state': 'r1b1kbnr/ppp2ppp/8/4p3/PP3PP1/1Rp1B3/2q4P/4KBNR b Kkq - 0 11', 'move1': Move.from_uci('g2g4')}
{'state': 'r1b1kbnr/ppp2ppp/8/4p3/PP3PP1/1qp1B3/7P/4KBNR w Kkq - 0 12', 'move2': Move.from_uci('c2b3')}
{'state': 'r1b1kbnr/ppp2ppp/8/4p3/PP3PPP/1qp1B3/8/4KBNR b Kkq - 0 12', 'move1': Move.from_uci('h2h4')}
{'state': 'r1b1kbnr/ppp2ppp/8/8/PP3pPP/1qp1B3/8/4KBNR w Kkq - 0 13', 'move2': Move.from_uci('e5f4')}
{'state': 'r1b1kbnr/ppp2ppp/8/P7/1P3pPP/1qp1B3/8/4KBNR b Kkq - 0 13', 'move1': Move.from_uci('a4a5')}
{'state': 'r1b1kbnr/ppp2ppp/8/P7/1P4PP/1qp1p3/8/4KBNR w Kkq - 0 14', 'move2': Move.from_uci('f4e3')}
{'state': 'r1b1kbnr/ppp2ppp/8/PP6/6PP/1qp1p3/8/4KBNR b Kkq - 0 14', 'move1': Move.from_uci('b4b5')}
{'state': 'r1b1kbnr/ppp2ppp/8/PP6/6PP/1q2p3/2p5/4KBNR w Kkq - 0 15', 'move2': Move.from_uci('c3c2')}
{'state': 'r1b1kbnr/ppp2ppp/8/PP4P1/7P/1q2p3/2p5/4KBNR b Kkq - 0 15', 'move1': Move.from_uci('g4g5')}
{'state': 'r1b1kbnr/ppp2ppp/8/PP4P1/7P/1q2p3/8/2q1KBNR w Kkq - 0 16', 'move2': Move.from_uci('c2c1q')}
{'state': 'r1b1kbnr/ppp2ppp/8/PP4P1/7P/1q2p3/4K3/2q2BNR b kq - 1 16', 'move1': Move.from_uci('e1e2')}
{'state': 'r1b1kbnr/ppp2ppp/8/PP4P1/7P/4p3/4K3/2qq1BNR w kq - 2 17', 'move2': Move.from_uci('b3d1')}
END OF GAME, AGENT 3 (Winner.BLACK) won
{'state': 'rnbqkbnr/pppppppp/8/8/4P3/8/PPPP1PPP/RNBQKBNR b KQkq - 0 1', 'move1': Move.from_uci('e2e4')}
{'state': 'r1bqkbnr/pppppppp/2n5/8/4P3/8/PPPP1PPP/RNBQKBNR w KQkq - 1 2', 'move2': Move.from_uci('b8c6')}
{'state': 'r1bqkbnr/pppppppp/2n5/8/4P3/5N2/PPPP1PPP/RNBQKB1R b KQkq - 2 2', 'move1': Move.from_uci('g1f3')}
{'state': 'r1bqkb1r/pppppppp/2n2n2/8/4P3/5N2/PPPP1PPP/RNBQKB1R w KQkq - 3 3', 'move2': Move.from_uci('g8f6')}
{'state': 'r1bqkb1r/pppppppp/2n2n2/4P3/8/5N2/PPPP1PPP/RNBQKB1R b KQkq - 0 3', 'move1': Move.from_uci('e4e5')}
{'state': 'r1bqkb1r/pppppppp/2n5/4P3/6n1/5N2/PPPP1PPP/RNBQKB1R w KQkq - 1 4', 'move2': Move.from_uci('f6g4')}
{'state': 'r1bqkb1r/pppppppp/2n5/4P3/3P2n1/5N2/PPP2PPP/RNBQKB1R b KQkq - 0 4', 'move1': Move.from_uci('d2d4')}
{'state': 'r1bqkb1r/ppppppp1/2n4p/4P3/3P2n1/5N2/PPP2PPP/RNBQKB1R w KQkq - 0 5', 'move2': Move.from_uci('h7h6')}
{'state': 'r1bqkb1r/ppppppp1/2n4p/4P3/3P2n1/5N1P/PPP2PP1/RNBQKB1R b KQkq - 0 5', 'move1': Move.from_uci('h2h3')}
{'state': 'r1bqkb1r/pppp1pp1/2n1p2p/4P3/3P2n1/5N1P/PPP2PP1/RNBQKB1R w KQkq - 0 6', 'move2': Move.from_uci('e7e6')}
{'state': 'r1bqkb1r/pppp1pp1/2n1p2p/4P3/3P2P1/5N2/PPP2PP1/RNBQKB1R b KQkq - 0 6', 'move1': Move.from_uci('h3g4')}
{'state': 'r1bqkb1r/pppp1pp1/4p2p/4n3/3P2P1/5N2/PPP2PP1/RNBQKB1R w KQkq - 0 7', 'move2': Move.from_uci('c6e5')}
{'state': 'r1bqkb1r/pppp1pp1/4p2p/4N3/3P2P1/8/PPP2PP1/RNBQKB1R b KQkq - 0 7', 'move1': Move.from_uci('f3e5')}
{'state': 'r1bqkb1r/pp1p1pp1/2p1p2p/4N3/3P2P1/8/PPP2PP1/RNBQKB1R w KQkq - 0 8', 'move2': Move.from_uci('c7c6')}
{'state': 'r1bqkb1r/pp1p1pp1/2p1p2p/4N3/3P2P1/5Q2/PPP2PP1/RNB1KB1R b KQkq - 1 8', 'move1': Move.from_uci('d1f3')}
{'state': 'r1bqkb1r/pp1p2p1/2p1p2p/4Np2/3P2P1/5Q2/PPP2PP1/RNB1KB1R w KQkq - 0 9', 'move2': Move.from_uci('f7f5')}
{'state': 'r1bqkb1r/pp1p2p1/2p1p2p/4NP2/3P4/5Q2/PPP2PP1/RNB1KB1R b KQkq - 0 9', 'move1': Move.from_uci('g4f5')}
{'state': 'r1bqkb1r/1p1p2p1/2p1p2p/p3NP2/3P4/5Q2/PPP2PP1/RNB1KB1R w KQkq - 0 10', 'move2': Move.from_uci('a7a5')}
{'state': 'r1bqkb1r/1p1p2p1/2p1p2p/p3NP1Q/3P4/8/PPP2PP1/RNB1KB1R b KQkq - 1 10', 'move1': Move.from_uci('f3h5')}
{'state': 'r1bqkb1r/1p1p4/2p1p1pp/p3NP1Q/3P4/8/PPP2PP1/RNB1KB1R w KQkq - 0 11', 'move2': Move.from_uci('g7g6')}
{'state': 'r1bqkb1r/1p1p4/2p1p1Qp/p3NP2/3P4/8/PPP2PP1/RNB1KB1R b KQkq - 0 11', 'move1': Move.from_uci('h5g6')}
{'state': 'r1bq1b1r/1p1pk3/2p1p1Qp/p3NP2/3P4/8/PPP2PP1/RNB1KB1R w KQ - 1 12', 'move2': Move.from_uci('e8e7')}
{'state': 'r1bq1b1r/1p1pkQ2/2p1p2p/p3NP2/3P4/8/PPP2PP1/RNB1KB1R b KQ - 2 12', 'move1': Move.from_uci('g6f7')}
{'state': 'r1bq1b1r/1p1p1Q2/2pkp2p/p3NP2/3P4/8/PPP2PP1/RNB1KB1R w KQ - 3 13', 'move2': Move.from_uci('e7d6')}
{'state': 'r1bq1b1r/1p1p1Q2/2pkp2p/p4P2/2NP4/8/PPP2PP1/RNB1KB1R b KQ - 4 13', 'move1': Move.from_uci('e5c4')}
{'state': 'r1bq1b1r/1p1p1Q2/2p1p2p/p2k1P2/2NP4/8/PPP2PP1/RNB1KB1R w KQ - 5 14', 'move2': Move.from_uci('d6d5')}
{'state': 'r1bq1b1r/1p1p1Q2/2p1p2p/p2k1P2/2NP4/2N5/PPP2PP1/R1B1KB1R b KQ - 6 14', 'move1': Move.from_uci('b1c3')}
{'state': 'r1bq1b1r/1p1p1Q2/2p1p2p/p4P2/2Nk4/2N5/PPP2PP1/R1B1KB1R w KQ - 0 15', 'move2': Move.from_uci('d5d4')}
{'state': 'r1bq1b1r/1p1p1Q2/2p1p2p/p4P2/2Nk4/2N1B3/PPP2PP1/R3KB1R b KQ - 1 15', 'move1': Move.from_uci('c1e3')}
END OF GAME, AGENT 3 (Winner.WHITE) won
{'state': 'rnbqkbnr/pppppppp/8/8/8/2N5/PPPPPPPP/R1BQKBNR b KQkq - 1 1', 'move1': Move.from_uci('b1c3')}
{'state': 'rnbqkbnr/ppp1pppp/8/3p4/8/2N5/PPPPPPPP/R1BQKBNR w KQkq - 0 2', 'move2': Move.from_uci('d7d5')}
{'state': 'rnbqkbnr/ppp1pppp/8/3p4/8/2N5/PPPPPPPP/1RBQKBNR b Kkq - 1 2', 'move1': Move.from_uci('a1b1')}
{'state': 'rnbqkbnr/ppp1pppp/8/8/3p4/2N5/PPPPPPPP/1RBQKBNR w Kkq - 0 3', 'move2': Move.from_uci('d5d4')}
{'state': 'rnbqkbnr/ppp1pppp/8/8/P2p4/2N5/1PPPPPPP/1RBQKBNR b Kkq - 0 3', 'move1': Move.from_uci('a2a4')}
{'state': 'rnbqkbnr/ppp1pppp/8/8/P7/2p5/1PPPPPPP/1RBQKBNR w Kkq - 0 4', 'move2': Move.from_uci('d4c3')}
{'state': 'rnbqkbnr/ppp1pppp/8/8/PP6/2p5/2PPPPPP/1RBQKBNR b Kkq - 0 4', 'move1': Move.from_uci('b2b4')}
{'state': 'rnbqkb1r/ppp1pppp/5n2/8/PP6/2p5/2PPPPPP/1RBQKBNR w Kkq - 1 5', 'move2': Move.from_uci('g8f6')}
{'state': 'rnbqkb1r/ppp1pppp/5n2/8/PP1P4/2p5/2P1PPPP/1RBQKBNR b Kkq - 0 5', 'move1': Move.from_uci('d2d4')}
{'state': 'rnbqkb1r/ppp2ppp/5n2/4p3/PP1P4/2p5/2P1PPPP/1RBQKBNR w Kkq - 0 6', 'move2': Move.from_uci('e7e5')}
{'state': 'rnbqkb1r/ppp2ppp/5n2/4p3/PP1P4/2p5/2PBPPPP/1R1QKBNR b Kkq - 1 6', 'move1': Move.from_uci('c1d2')}
{'state': 'rnbqkb1r/ppp2ppp/5n2/4p3/PP1P4/8/2PpPPPP/1R1QKBNR w Kkq - 0 7', 'move2': Move.from_uci('c3d2')}
{'state': 'rnbqkb1r/ppp2ppp/5n2/4p3/PP1P4/8/2PQPPPP/1R2KBNR b Kkq - 0 7', 'move1': Move.from_uci('d1d2')}
{'state': 'rnbqkb1r/ppp2ppp/8/4p3/PP1Pn3/8/2PQPPPP/1R2KBNR w Kkq - 1 8', 'move2': Move.from_uci('f6e4')}
{'state': 'rnbqkb1r/ppp2ppp/8/4p3/PPPPn3/8/3QPPPP/1R2KBNR b Kkq - 0 8', 'move1': Move.from_uci('c2c4')}
{'state': 'rnbqkb1r/ppp2ppp/8/4p3/PPPP4/8/3nPPPP/1R2KBNR w Kkq - 0 9', 'move2': Move.from_uci('e4d2')}
{'state': 'rnbqkb1r/ppp2ppp/8/4p3/PPPPP3/8/3n1PPP/1R2KBNR b Kkq - 0 9', 'move1': Move.from_uci('e2e4')}
{'state': 'rnbqkb1r/ppp2ppp/8/4p3/PPPPP3/8/5PPP/1n2KBNR w Kkq - 0 10', 'move2': Move.from_uci('d2b1')}
{'state': 'rnbqkb1r/ppp2ppp/8/4p3/PPPPPP2/8/6PP/1n2KBNR b Kkq - 0 10', 'move1': Move.from_uci('f2f4')}
{'state': 'rnb1kb1r/ppp2ppp/8/4p3/PPPqPP2/8/6PP/1n2KBNR w Kkq - 0 11', 'move2': Move.from_uci('d8d4')}
{'state': 'rnb1kb1r/ppp2ppp/8/4p3/PPPqPP2/8/4K1PP/1n3BNR b kq - 1 11', 'move1': Move.from_uci('e1e2')}
{'state': 'rn2kb1r/ppp2ppp/8/4p3/PPPqPPb1/8/4K1PP/1n3BNR w kq - 2 12', 'move2': Move.from_uci('c8g4')}
{'state': 'rn2kb1r/ppp2ppp/8/4p3/PPPqPPb1/5N2/4K1PP/1n3B1R b kq - 3 12', 'move1': Move.from_uci('g1f3')}
{'state': 'rn2kb1r/ppp2ppp/8/4p3/PPP1PPb1/5N2/3qK1PP/1n3B1R w kq - 4 13', 'move2': Move.from_uci('d4d2')}
END OF GAME, AGENT 3 (Winner.BLACK) won
{'state': 'rnbqkbnr/pppppppp/8/8/4P3/8/PPPP1PPP/RNBQKBNR b KQkq - 0 1', 'move1': Move.from_uci('e2e4')}
{'state': 'r1bqkbnr/pppppppp/2n5/8/4P3/8/PPPP1PPP/RNBQKBNR w KQkq - 1 2', 'move2': Move.from_uci('b8c6')}
{'state': 'r1bqkbnr/pppppppp/2n5/8/4P3/5N2/PPPP1PPP/RNBQKB1R b KQkq - 2 2', 'move1': Move.from_uci('g1f3')}
{'state': 'r1bqkb1r/pppppppp/2n2n2/8/4P3/5N2/PPPP1PPP/RNBQKB1R w KQkq - 3 3', 'move2': Move.from_uci('g8f6')}
{'state': 'r1bqkb1r/pppppppp/2n2n2/4P3/8/5N2/PPPP1PPP/RNBQKB1R b KQkq - 0 3', 'move1': Move.from_uci('e4e5')}
{'state': 'r1bqkb1r/pppppppp/2n5/4P3/6n1/5N2/PPPP1PPP/RNBQKB1R w KQkq - 1 4', 'move2': Move.from_uci('f6g4')}
{'state': 'r1bqkb1r/pppppppp/2n5/4P3/3P2n1/5N2/PPP2PPP/RNBQKB1R b KQkq - 0 4', 'move1': Move.from_uci('d2d4')}
{'state': 'r1bqkb1r/ppppppp1/2n4p/4P3/3P2n1/5N2/PPP2PPP/RNBQKB1R w KQkq - 0 5', 'move2': Move.from_uci('h7h6')}
{'state': 'r1bqkb1r/ppppppp1/2n4p/4P3/3P2n1/5N1P/PPP2PP1/RNBQKB1R b KQkq - 0 5', 'move1': Move.from_uci('h2h3')}
{'state': 'r1bqkb1r/ppppp1p1/2n2p1p/4P3/3P2n1/5N1P/PPP2PP1/RNBQKB1R w KQkq - 0 6', 'move2': Move.from_uci('f7f6')}
{'state': 'r1bqkb1r/ppppp1p1/2n2p1p/4P3/3P2n1/3B1N1P/PPP2PP1/RNBQK2R b KQkq - 1 6', 'move1': Move.from_uci('f1d3')}
{'state': 'r1bqkb1r/ppp1p1p1/2n2p1p/3pP3/3P2n1/3B1N1P/PPP2PP1/RNBQK2R w KQkq d6 0 7', 'move2': Move.from_uci('d7d5')}
{'state': 'r1bqkb1r/ppp1p1p1/2n2pBp/3pP3/3P2n1/5N1P/PPP2PP1/RNBQK2R b KQkq - 1 7', 'move1': Move.from_uci('d3g6')}
{'state': 'r1bq1b1r/pppkp1p1/2n2pBp/3pP3/3P2n1/5N1P/PPP2PP1/RNBQK2R w KQ - 2 8', 'move2': Move.from_uci('e8d7')}
{'state': 'r1bq1b1r/pppkp1p1/2n1PpBp/3p4/3P2n1/5N1P/PPP2PP1/RNBQK2R b KQ - 0 8', 'move1': Move.from_uci('e5e6')}
{'state': 'r1bq1b1r/ppp1p1p1/2nkPpBp/3p4/3P2n1/5N1P/PPP2PP1/RNBQK2R w KQ - 1 9', 'move2': Move.from_uci('d7d6')}
{'state': 'r1bq1b1r/ppp1p1p1/2nkPpBp/3p4/3P1Bn1/5N1P/PPP2PP1/RN1QK2R b KQ - 2 9', 'move1': Move.from_uci('c1f4')}
{'state': 'r1bq1b1r/ppp1p1p1/2nkPpBp/3pn3/3P1B2/5N1P/PPP2PP1/RN1QK2R w KQ - 3 10', 'move2': Move.from_uci('g4e5')}
{'state': 'r1bq1b1r/ppp1p1p1/2nkPpBp/3pP3/5B2/5N1P/PPP2PP1/RN1QK2R b KQ - 0 10', 'move1': Move.from_uci('d4e5')}
{'state': 'r1bq1b1r/ppp1p1p1/2nkP1Bp/3pp3/5B2/5N1P/PPP2PP1/RN1QK2R w KQ - 0 11', 'move2': Move.from_uci('f6e5')}
{'state': 'r1bq1b1r/ppp1p1p1/2nkP1Bp/3pp3/5B2/2N2N1P/PPP2PP1/R2QK2R b KQ - 1 11', 'move1': Move.from_uci('b1c3')}
{'state': 'r1bq1b1r/ppp1p1p1/2nkP1Bp/4p3/3p1B2/2N2N1P/PPP2PP1/R2QK2R w KQ - 0 12', 'move2': Move.from_uci('d5d4')}
{'state': 'r1bq1b1r/ppp1p1p1/2nkP1Bp/4N3/3p1B2/2N4P/PPP2PP1/R2QK2R b KQ - 0 12', 'move1': Move.from_uci('f3e5')}
{'state': 'r1bq1b1r/1pp1p1p1/2nkP1Bp/p3N3/3p1B2/2N4P/PPP2PP1/R2QK2R w KQ - 0 13', 'move2': Move.from_uci('a7a5')}
{'state': 'r1bq1b1r/1ppNp1p1/2nkP1Bp/p7/3p1B2/2N4P/PPP2PP1/R2QK2R b KQ - 1 13', 'move1': Move.from_uci('e5d7')}
{'state': 'r1bq1b1r/1ppNp1p1/3kP1Bp/p3n3/3p1B2/2N4P/PPP2PP1/R2QK2R w KQ - 2 14', 'move2': Move.from_uci('c6e5')}
{'state': 'r1bq1b1r/1ppNp1p1/3kP1Bp/p3B3/3p4/2N4P/PPP2PP1/R2QK2R b KQ - 0 14', 'move1': Move.from_uci('f4e5')}
{'state': 'r1bq1b1r/1ppNp1p1/4k1Bp/p3B3/3p4/2N4P/PPP2PP1/R2QK2R w KQ - 0 15', 'move2': Move.from_uci('d6e6')}
{'state': 'r1bq1b1r/1ppNp1p1/4k1Bp/p3B3/3p2Q1/2N4P/PPP2PP1/R3K2R b KQ - 1 15', 'move1': Move.from_uci('d1g4')}
END OF GAME, AGENT 3 (Winner.WHITE) won
