{'state': 'rnbqkbnr/pppppppp/8/8/4P3/8/PPPP1PPP/RNBQKBNR b KQkq - 0 1', 'move1': Move.from_uci('e2e4')}
{'state': 'rnbqkbnr/pp1ppppp/2p5/8/4P3/8/PPPP1PPP/RNBQKBNR w KQkq - 0 2', 'move2': Move.from_uci('c7c6')}
{'state': 'rnbqkbnr/pp1ppppp/2p5/8/3PP3/8/PPP2PPP/RNBQKBNR b KQkq - 0 2', 'move1': Move.from_uci('d2d4')}
{'state': 'rnbqkbnr/pp2pppp/2p5/3p4/3PP3/8/PPP2PPP/RNBQKBNR w KQkq - 0 3', 'move2': Move.from_uci('d7d5')}
{'state': 'rnbqkbnr/pp2pppp/2p5/3p4/3PP3/2N5/PPP2PPP/R1BQKBNR b KQkq - 1 3', 'move1': Move.from_uci('b1c3')}
{'state': 'rnbqkbnr/pp3ppp/2p1p3/3p4/3PP3/2N5/PPP2PPP/R1BQKBNR w KQkq - 0 4', 'move2': Move.from_uci('e7e6')}
{'state': 'rnbqkbnr/pp3ppp/2p1p3/3p4/3PP3/2N2N2/PPP2PPP/R1BQKB1R b KQkq - 1 4', 'move1': Move.from_uci('g1f3')}
{'state': 'rnbqk1nr/pp3ppp/2p1p3/3p4/1b1PP3/2N2N2/PPP2PPP/R1BQKB1R w KQkq - 2 5', 'move2': Move.from_uci('f8b4')}
{'state': 'rnbqk1nr/pp3ppp/2p1p3/3P4/1b1P4/2N2N2/PPP2PPP/R1BQKB1R b KQkq - 0 5', 'move1': Move.from_uci('e4d5')}
{'state': 'rnbqk1nr/pp3ppp/4p3/3p4/1b1P4/2N2N2/PPP2PPP/R1BQKB1R w KQkq - 0 6', 'move2': Move.from_uci('c6d5')}
{'state': 'rnbqk1nr/pp3ppp/4p3/3p4/1b1P4/2NB1N2/PPP2PPP/R1BQK2R b KQkq - 1 6', 'move1': Move.from_uci('f1d3')}
{'state': 'r1bqk1nr/pp3ppp/2n1p3/3p4/1b1P4/2NB1N2/PPP2PPP/R1BQK2R w KQkq - 2 7', 'move2': Move.from_uci('b8c6')}
{'state': 'r1bqk1nr/pp3ppp/2n1p3/3p4/1b1P4/2NB1N2/PPP2PPP/R1BQ1RK1 b kq - 3 7', 'move1': Move.from_uci('e1g1')}
{'state': 'r1bqk2r/pp3ppp/2n1pn2/3p4/1b1P4/2NB1N2/PPP2PPP/R1BQ1RK1 w kq - 4 8', 'move2': Move.from_uci('g8f6')}
{'state': 'r1bqk2r/pp3ppp/2n1pn2/3p4/1b1P4/3B1N2/PPP1NPPP/R1BQ1RK1 b kq - 5 8', 'move1': Move.from_uci('c3e2')}
{'state': 'r1bqk2r/pp3ppp/2nbpn2/3p4/3P4/3B1N2/PPP1NPPP/R1BQ1RK1 w kq - 6 9', 'move2': Move.from_uci('b4d6')}
{'state': 'r1bqk2r/pp3ppp/2nbpn2/3p4/3P1B2/3B1N2/PPP1NPPP/R2Q1RK1 b kq - 7 9', 'move1': Move.from_uci('c1f4')}
{'state': 'r1bqk2r/pp3ppp/2n1pn2/3p4/3P1b2/3B1N2/PPP1NPPP/R2Q1RK1 w kq - 0 10', 'move2': Move.from_uci('d6f4')}
{'state': 'r1bqk2r/pp3ppp/2n1pn2/3p4/3P1N2/3B1N2/PPP2PPP/R2Q1RK1 b kq - 0 10', 'move1': Move.from_uci('e2f4')}
{'state': 'r1b1k2r/ppq2ppp/2n1pn2/3p4/3P1N2/3B1N2/PPP2PPP/R2Q1RK1 w kq - 1 11', 'move2': Move.from_uci('d8c7')}
{'state': 'r1b1k2r/ppq2ppp/2n1pn2/3p4/3P1N2/3B1N2/PPPQ1PPP/R4RK1 b kq - 2 11', 'move1': Move.from_uci('d1d2')}
{'state': 'r1b2rk1/ppq2ppp/2n1pn2/3p4/3P1N2/3B1N2/PPPQ1PPP/R4RK1 w - - 3 12', 'move2': Move.from_uci('e8g8')}
{'state': 'r1b2rk1/ppq2ppp/2n1pn2/3p4/3P1N2/2PB1N2/PP1Q1PPP/R4RK1 b - - 0 12', 'move1': Move.from_uci('c2c3')}
{'state': 'r4rk1/ppqb1ppp/2n1pn2/3p4/3P1N2/2PB1N2/PP1Q1PPP/R4RK1 w - - 1 13', 'move2': Move.from_uci('c8d7')}
{'state': 'r4rk1/ppqb1ppp/2n1pn2/3p4/3P1N2/2PB1N2/PP1Q1PPP/R3R1K1 b - - 2 13', 'move1': Move.from_uci('f1e1')}
{'state': 'r3r1k1/ppqb1ppp/2n1pn2/3p4/3P1N2/2PB1N2/PP1Q1PPP/R3R1K1 w - - 3 14', 'move2': Move.from_uci('f8e8')}
{'state': 'r3r1k1/ppqb1ppp/2n1pn2/3pN3/3P1N2/2PB4/PP1Q1PPP/R3R1K1 b - - 4 14', 'move1': Move.from_uci('f3e5')}
{'state': 'r1r3k1/ppqb1ppp/2n1pn2/3pN3/3P1N2/2PB4/PP1Q1PPP/R3R1K1 w - - 5 15', 'move2': Move.from_uci('e8c8')}
{'state': 'r1r3k1/ppqb1ppp/2n1pn2/3pN3/3P1N2/2PBQ3/PP3PPP/R3R1K1 b - - 6 15', 'move1': Move.from_uci('d2e3')}
{'state': 'r1r3k1/ppqb1ppp/4pn2/3pn3/3P1N2/2PBQ3/PP3PPP/R3R1K1 w - - 0 16', 'move2': Move.from_uci('c6e5')}
{'state': 'r1r3k1/ppqb1ppp/4pn2/3pP3/5N2/2PBQ3/PP3PPP/R3R1K1 b - - 0 16', 'move1': Move.from_uci('d4e5')}
{'state': 'r1r3k1/ppqb1ppp/4p3/3pP3/4nN2/2PBQ3/PP3PPP/R3R1K1 w - - 1 17', 'move2': Move.from_uci('f6e4')}
{'state': 'r1r3k1/ppqb1ppp/4p3/3pP3/4BN2/2P1Q3/PP3PPP/R3R1K1 b - - 0 17', 'move1': Move.from_uci('d3e4')}
{'state': 'r1r3k1/ppqb1ppp/4p3/4P3/4pN2/2P1Q3/PP3PPP/R3R1K1 w - - 0 18', 'move2': Move.from_uci('d5e4')}
{'state': 'r1r3k1/ppqb1ppp/4p3/4P3/4QN2/2P5/PP3PPP/R3R1K1 b - - 0 18', 'move1': Move.from_uci('e3e4')}
{'state': 'r2r2k1/ppqb1ppp/4p3/4P3/4QN2/2P5/PP3PPP/R3R1K1 w - - 1 19', 'move2': Move.from_uci('c8d8')}
{'state': 'r2r2k1/ppqb1ppp/4p3/4P2N/4Q3/2P5/PP3PPP/R3R1K1 b - - 2 19', 'move1': Move.from_uci('f4h5')}
{'state': 'r2r3k/ppqb1ppp/4p3/4P2N/4Q3/2P5/PP3PPP/R3R1K1 w - - 3 20', 'move2': Move.from_uci('g8h8')}
{'state': 'r2r3k/ppqb1ppp/4p3/4P2N/6Q1/2P5/PP3PPP/R3R1K1 b - - 4 20', 'move1': Move.from_uci('e4g4')}
{'state': 'r5rk/ppqb1ppp/4p3/4P2N/6Q1/2P5/PP3PPP/R3R1K1 w - - 5 21', 'move2': Move.from_uci('d8g8')}
{'state': 'r5rk/ppqb1ppp/4p3/4P2N/6Q1/2P5/PP3PPP/3RR1K1 b - - 6 21', 'move1': Move.from_uci('a1d1')}
{'state': 'r5rk/ppq2ppp/2b1p3/4P2N/6Q1/2P5/PP3PPP/3RR1K1 w - - 7 22', 'move2': Move.from_uci('d7c6')}
{'state': 'r5rk/ppq2ppp/2bRp3/4P2N/6Q1/2P5/PP3PPP/4R1K1 b - - 8 22', 'move1': Move.from_uci('d1d6')}
{'state': '2r3rk/ppq2ppp/2bRp3/4P2N/6Q1/2P5/PP3PPP/4R1K1 w - - 9 23', 'move2': Move.from_uci('a8c8')}
{'state': '2r3rk/ppq2ppp/2bRp3/4P2N/6Q1/P1P5/1P3PPP/4R1K1 b - - 0 23', 'move1': Move.from_uci('a2a3')}
{'state': '2r3rk/ppq2pp1/2bRp2p/4P2N/6Q1/P1P5/1P3PPP/4R1K1 w - - 0 24', 'move2': Move.from_uci('h7h6')}
{'state': '2r3rk/ppq2pp1/2bRp2p/4P2N/6Q1/P1P5/1P3PPP/3R2K1 b - - 1 24', 'move1': Move.from_uci('e1d1')}
{'state': '2r3rk/pp3pp1/1qbRp2p/4P2N/6Q1/P1P5/1P3PPP/3R2K1 w - - 2 25', 'move2': Move.from_uci('c7b6')}
{'state': '2r3rk/pp3pp1/1qbRp2p/4P2N/6Q1/P1P5/1P1R1PPP/6K1 b - - 3 25', 'move1': Move.from_uci('d1d2')}
{'state': '2r3rk/pp3pp1/2bRp2p/4P2N/6Q1/PqP5/1P1R1PPP/6K1 w - - 4 26', 'move2': Move.from_uci('b6b3')}
{'state': '2rR2rk/pp3pp1/2b1p2p/4P2N/6Q1/PqP5/1P1R1PPP/6K1 b - - 5 26', 'move1': Move.from_uci('d6d8')}
{'state': '3r2rk/pp3pp1/2b1p2p/4P2N/6Q1/PqP5/1P1R1PPP/6K1 w - - 0 27', 'move2': Move.from_uci('c8d8')}
{'state': '3R2rk/pp3pp1/2b1p2p/4P2N/6Q1/PqP5/1P3PPP/6K1 b - - 0 27', 'move1': Move.from_uci('d2d8')}
{'state': '3R2rk/pp3p2/2b1p2p/4P1pN/6Q1/PqP5/1P3PPP/6K1 w - - 0 28', 'move2': Move.from_uci('g7g5')}
{'state': '6rk/pp3p2/2b1p2p/4P1pN/6Q1/PqP5/1P1R1PPP/6K1 b - - 1 28', 'move1': Move.from_uci('d8d2')}
{'state': '6rk/pp3p2/2b1p2p/1q2P1pN/6Q1/P1P5/1P1R1PPP/6K1 w - - 2 29', 'move2': Move.from_uci('b3b5')}
{'state': '6rk/pp3p2/2b1p2p/1q2P1pN/8/P1P3Q1/1P1R1PPP/6K1 b - - 3 29', 'move1': Move.from_uci('g4g3')}
{'state': '6rk/pp3p2/2b1p2p/q3P1pN/8/P1P3Q1/1P1R1PPP/6K1 w - - 4 30', 'move2': Move.from_uci('b5a5')}
{'state': '6rk/pp3p2/2b1p2p/q3P1pN/8/P1P3QP/1P1R1PP1/6K1 b - - 0 30', 'move1': Move.from_uci('h2h3')}
{'state': '7k/pp3p2/2b1p1rp/q3P1pN/8/P1P3QP/1P1R1PP1/6K1 w - - 1 31', 'move2': Move.from_uci('g8g6')}
{'state': '7k/pp3p2/2b1p1rp/q3P1pN/8/P1P1Q2P/1P1R1PP1/6K1 b - - 2 31', 'move1': Move.from_uci('g3e3')}
{'state': '7k/pp3p2/2b1p1rp/1q2P1pN/8/P1P1Q2P/1P1R1PP1/6K1 w - - 3 32', 'move2': Move.from_uci('a5b5')}
{'state': '3R3k/pp3p2/2b1p1rp/1q2P1pN/8/P1P1Q2P/1P3PP1/6K1 b - - 4 32', 'move1': Move.from_uci('d2d8')}
{'state': '3R2rk/pp3p2/2b1p2p/1q2P1pN/8/P1P1Q2P/1P3PP1/6K1 w - - 5 33', 'move2': Move.from_uci('g6g8')}
{'state': '3R2rk/pp3p2/2b1p2p/1q2P1pN/3Q4/P1P4P/1P3PP1/6K1 b - - 6 33', 'move1': Move.from_uci('e3d4')}
{'state': '3R2rk/pp3p2/4p2p/1q1bP1pN/3Q4/P1P4P/1P3PP1/6K1 w - - 7 34', 'move2': Move.from_uci('c6d5')}
{'state': '6Rk/pp3p2/4p2p/1q1bP1pN/3Q4/P1P4P/1P3PP1/6K1 b - - 0 34', 'move1': Move.from_uci('d8g8')}
{'state': '6k1/pp3p2/4p2p/1q1bP1pN/3Q4/P1P4P/1P3PP1/6K1 w - - 0 35', 'move2': Move.from_uci('h8g8')}
{'state': '6k1/Qp3p2/4p2p/1q1bP1pN/8/P1P4P/1P3PP1/6K1 b - - 0 35', 'move1': Move.from_uci('d4a7')}
{'state': '5k2/Qp3p2/4p2p/1q1bP1pN/8/P1P4P/1P3PP1/6K1 w - - 1 36', 'move2': Move.from_uci('g8f8')}
{'state': '1Q3k2/1p3p2/4p2p/1q1bP1pN/8/P1P4P/1P3PP1/6K1 b - - 2 36', 'move1': Move.from_uci('a7b8')}
{'state': '1Q2qk2/1p3p2/4p2p/3bP1pN/8/P1P4P/1P3PP1/6K1 w - - 3 37', 'move2': Move.from_uci('b5e8')}
{'state': '4qk2/1p3p2/3Qp2p/3bP1pN/8/P1P4P/1P3PP1/6K1 b - - 4 37', 'move1': Move.from_uci('b8d6')}
{'state': '5k2/1p2qp2/3Qp2p/3bP1pN/8/P1P4P/1P3PP1/6K1 w - - 5 38', 'move2': Move.from_uci('e8e7')}
{'state': '5k2/1p2qp2/3QpN1p/3bP1p1/8/P1P4P/1P3PP1/6K1 b - - 6 38', 'move1': Move.from_uci('h5f6')}
{'state': '5k2/1p3p2/3qpN1p/3bP1p1/8/P1P4P/1P3PP1/6K1 w - - 0 39', 'move2': Move.from_uci('e7d6')}
{'state': '5k2/1p3p2/3PpN1p/3b2p1/8/P1P4P/1P3PP1/6K1 b - - 0 39', 'move1': Move.from_uci('e5d6')}
{'state': '5k2/1p3p2/3PpN1p/6p1/8/PbP4P/1P3PP1/6K1 w - - 1 40', 'move2': Move.from_uci('d5b3')}
{'state': '5k2/1p3p2/3PpN1p/6p1/8/PbP2P1P/1P4P1/6K1 b - - 0 40', 'move1': Move.from_uci('f2f3')}
{'state': '5k2/1p3p2/3PpN1p/6p1/2b5/P1P2P1P/1P4P1/6K1 w - - 1 41', 'move2': Move.from_uci('b3c4')}
{'state': '5k2/1p3p2/3PpN1p/6p1/2b5/P1P2P1P/1P3KP1/8 b - - 2 41', 'move1': Move.from_uci('g1f2')}
{'state': '5k2/1p3p2/3PpN2/6pp/2b5/P1P2P1P/1P3KP1/8 w - - 0 42', 'move2': Move.from_uci('h6h5')}
{'state': '5k2/1p3p2/3PpN2/6pp/2b5/P1P2PKP/1P4P1/8 b - - 1 42', 'move1': Move.from_uci('f2g3')}
{'state': '5k2/1p3p2/3PpN2/6pp/8/P1P2PKP/1P4P1/5b2 w - - 2 43', 'move2': Move.from_uci('c4f1')}
{'state': '5k2/1p3p2/3PpN2/6pp/P7/2P2PKP/1P4P1/5b2 b - - 0 43', 'move1': Move.from_uci('a3a4')}
{'state': '5k2/1p3p2/3PpN2/6pp/P7/2Pb1PKP/1P4P1/8 w - - 1 44', 'move2': Move.from_uci('f1d3')}
{'state': '5k2/1p3p2/3Pp3/6pN/P7/2Pb1PKP/1P4P1/8 b - - 0 44', 'move1': Move.from_uci('f6h5')}
{'state': '5k2/1p6/3Pp3/5ppN/P7/2Pb1PKP/1P4P1/8 w - - 0 45', 'move2': Move.from_uci('f7f5')}
{'state': '5k2/1p6/3Pp3/5ppN/P4P2/2Pb2KP/1P4P1/8 b - - 0 45', 'move1': Move.from_uci('f3f4')}
{'state': '5k2/1p6/3P4/4pppN/P4P2/2Pb2KP/1P4P1/8 w - - 0 46', 'move2': Move.from_uci('e6e5')}
{'state': '5k2/1p6/3P4/4PppN/P7/2Pb2KP/1P4P1/8 b - - 0 46', 'move1': Move.from_uci('f4e5')}
{'state': '8/1p3k2/3P4/4PppN/P7/2Pb2KP/1P4P1/8 w - - 1 47', 'move2': Move.from_uci('f8f7')}
{'state': '8/1p3kN1/3P4/4Ppp1/P7/2Pb2KP/1P4P1/8 b - - 2 47', 'move1': Move.from_uci('h5g7')}
{'state': '8/1p3kN1/3P4/4Ppp1/P7/2P3KP/1Pb3P1/8 w - - 3 48', 'move2': Move.from_uci('d3c2')}
{'state': '8/1p3kN1/3PP3/5pp1/P7/2P3KP/1Pb3P1/8 b - - 0 48', 'move1': Move.from_uci('e5e6')}
{'state': '8/1p4N1/3PPk2/5pp1/P7/2P3KP/1Pb3P1/8 w - - 1 49', 'move2': Move.from_uci('f7f6')}
{'state': '8/1p4N1/3PPk2/P4pp1/8/2P3KP/1Pb3P1/8 b - - 0 49', 'move1': Move.from_uci('a4a5')}
{'state': '8/1p4N1/3PPk2/P5p1/5p2/2P3KP/1Pb3P1/8 w - - 0 50', 'move2': Move.from_uci('f5f4')}
{'state': '8/1p4N1/3PPk2/P5p1/5p2/2P4P/1Pb2KP1/8 b - - 1 50', 'move1': Move.from_uci('g3f2')}
{'state': '8/1p4N1/3PPk2/P5p1/b4p2/2P4P/1P3KP1/8 w - - 2 51', 'move2': Move.from_uci('c2a4')}
{'state': '8/1p4N1/3PPk2/P5p1/b1P2p2/7P/1P3KP1/8 b - - 0 51', 'move1': Move.from_uci('c3c4')}
{'state': '8/1p4N1/3PPk2/P5p1/b1P5/5p1P/1P3KP1/8 w - - 0 52', 'move2': Move.from_uci('f4f3')}
{'state': '8/1p4N1/3PPk2/P5p1/b1P5/5P1P/1P3K2/8 b - - 0 52', 'move1': Move.from_uci('g2f3')}
{'state': '8/1p4N1/2bPPk2/P5p1/2P5/5P1P/1P3K2/8 w - - 1 53', 'move2': Move.from_uci('a4c6')}
{'state': '8/1p4N1/2bPPk2/P5p1/1PP5/5P1P/5K2/8 b - - 0 53', 'move1': Move.from_uci('b2b4')}
{'state': '8/6N1/1pbPPk2/P5p1/1PP5/5P1P/5K2/8 w - - 0 54', 'move2': Move.from_uci('b7b6')}
{'state': '8/6N1/1PbPPk2/6p1/1PP5/5P1P/5K2/8 b - - 0 54', 'move1': Move.from_uci('a5b6')}
{'state': '8/6N1/1PbPP3/4k1p1/1PP5/5P1P/5K2/8 w - - 1 55', 'move2': Move.from_uci('f6e5')}
{'state': '8/3P2N1/1Pb1P3/4k1p1/1PP5/5P1P/5K2/8 b - - 0 55', 'move1': Move.from_uci('d6d7')}
{'state': '8/3P2N1/1Pb1Pk2/6p1/1PP5/5P1P/5K2/8 w - - 1 56', 'move2': Move.from_uci('e5f6')}
{'state': '3Q4/6N1/1Pb1Pk2/6p1/1PP5/5P1P/5K2/8 b - - 0 56', 'move1': Move.from_uci('d7d8q')}
{'state': '3Q4/6k1/1Pb1P3/6p1/1PP5/5P1P/5K2/8 w - - 0 57', 'move2': Move.from_uci('f6g7')}
{'state': '8/6k1/1Pb1P3/6Q1/1PP5/5P1P/5K2/8 b - - 0 57', 'move1': Move.from_uci('d8g5')}
{'state': '8/7k/1Pb1P3/6Q1/1PP5/5P1P/5K2/8 w - - 1 58', 'move2': Move.from_uci('g7h7')}
{'state': '8/4P2k/1Pb5/6Q1/1PP5/5P1P/5K2/8 b - - 0 58', 'move1': Move.from_uci('e6e7')}
{'state': '4b3/4P2k/1P6/6Q1/1PP5/5P1P/5K2/8 w - - 1 59', 'move2': Move.from_uci('c6e8')}
{'state': '4b3/1P2P2k/8/6Q1/1PP5/5P1P/5K2/8 b - - 0 59', 'move1': Move.from_uci('b6b7')}
{'state': '8/1P2P2k/8/6Q1/bPP5/5P1P/5K2/8 w - - 1 60', 'move2': Move.from_uci('e8a4')}
{'state': '1Q6/4P2k/8/6Q1/bPP5/5P1P/5K2/8 b - - 0 60', 'move1': Move.from_uci('b7b8q')}
{'state': '1Q2b3/4P2k/8/6Q1/1PP5/5P1P/5K2/8 w - - 1 61', 'move2': Move.from_uci('a4e8')}
{'state': '4b3/4P2k/8/4Q1Q1/1PP5/5P1P/5K2/8 b - - 2 61', 'move1': Move.from_uci('b8e5')}
{'state': '8/4P2k/6b1/4Q1Q1/1PP5/5P1P/5K2/8 w - - 3 62', 'move2': Move.from_uci('e8g6')}
{'state': '4Q3/7k/6b1/4Q1Q1/1PP5/5P1P/5K2/8 b - - 0 62', 'move1': Move.from_uci('e7e8q')}
{'state': '4Q3/7k/8/4Q1Q1/1PP5/5P1P/5K2/1b6 w - - 1 63', 'move2': Move.from_uci('g6b1')}
{'state': '7Q/7k/8/4Q1Q1/1PP5/5P1P/5K2/1b6 b - - 2 63', 'move1': Move.from_uci('e8h8')}
END OF GAME, AGENT 3 (Winner.WHITE) won
{'state': 'rnbqkbnr/pppppppp/8/8/4P3/8/PPPP1PPP/RNBQKBNR b KQkq - 0 1', 'move1': Move.from_uci('e2e4')}
{'state': 'rnbqkbnr/pppp1ppp/4p3/8/4P3/8/PPPP1PPP/RNBQKBNR w KQkq - 0 2', 'move2': Move.from_uci('e7e6')}
{'state': 'rnbqkbnr/pppp1ppp/4p3/8/3PP3/8/PPP2PPP/RNBQKBNR b KQkq - 0 2', 'move1': Move.from_uci('d2d4')}
{'state': 'rnbqkbnr/ppp2ppp/4p3/3p4/3PP3/8/PPP2PPP/RNBQKBNR w KQkq - 0 3', 'move2': Move.from_uci('d7d5')}
{'state': 'rnbqkbnr/ppp2ppp/4p3/3p4/3PP3/2N5/PPP2PPP/R1BQKBNR b KQkq - 1 3', 'move1': Move.from_uci('b1c3')}
{'state': 'rnbqkb1r/ppp2ppp/4pn2/3p4/3PP3/2N5/PPP2PPP/R1BQKBNR w KQkq - 2 4', 'move2': Move.from_uci('g8f6')}
{'state': 'rnbqkb1r/ppp2ppp/4pn2/3p2B1/3PP3/2N5/PPP2PPP/R2QKBNR b KQkq - 3 4', 'move1': Move.from_uci('c1g5')}
{'state': 'rnbqk2r/ppp1bppp/4pn2/3p2B1/3PP3/2N5/PPP2PPP/R2QKBNR w KQkq - 4 5', 'move2': Move.from_uci('f8e7')}
{'state': 'rnbqk2r/ppp1bppp/4pn2/3pP1B1/3P4/2N5/PPP2PPP/R2QKBNR b KQkq - 0 5', 'move1': Move.from_uci('e4e5')}
{'state': 'rnbqk2r/pppnbppp/4p3/3pP1B1/3P4/2N5/PPP2PPP/R2QKBNR w KQkq - 1 6', 'move2': Move.from_uci('f6d7')}
{'state': 'rnbqk2r/pppnBppp/4p3/3pP3/3P4/2N5/PPP2PPP/R2QKBNR b KQkq - 0 6', 'move1': Move.from_uci('g5e7')}
{'state': 'rnb1k2r/pppnqppp/4p3/3pP3/3P4/2N5/PPP2PPP/R2QKBNR w KQkq - 0 7', 'move2': Move.from_uci('d8e7')}
{'state': 'rnb1k2r/pppnqppp/4p3/3pP3/3P2Q1/2N5/PPP2PPP/R3KBNR b KQkq - 1 7', 'move1': Move.from_uci('d1g4')}
{'state': 'rnb1k2r/pppnq1pp/4pp2/3pP3/3P2Q1/2N5/PPP2PPP/R3KBNR w KQkq - 0 8', 'move2': Move.from_uci('f7f6')}
{'state': 'rnb1k2r/pppnq1pp/4pp2/3pP3/3P2Q1/2N2N2/PPP2PPP/R3KB1R b KQkq - 1 8', 'move1': Move.from_uci('g1f3')}
{'state': 'rnb1k2r/pp1nq1pp/4pp2/2ppP3/3P2Q1/2N2N2/PPP2PPP/R3KB1R w KQkq - 0 9', 'move2': Move.from_uci('c7c5')}
{'state': 'rnb1k2r/pp1nq1pp/4pP2/2pp4/3P2Q1/2N2N2/PPP2PPP/R3KB1R b KQkq - 0 9', 'move1': Move.from_uci('e5f6')}
{'state': 'rnb1k2r/pp2q1pp/4pn2/2pp4/3P2Q1/2N2N2/PPP2PPP/R3KB1R w KQkq - 0 10', 'move2': Move.from_uci('d7f6')}
{'state': 'rnb1k2r/pp2q1pp/4pn2/1Bpp4/3P2Q1/2N2N2/PPP2PPP/R3K2R b KQkq - 1 10', 'move1': Move.from_uci('f1b5')}
{'state': 'r1b1k2r/pp2q1pp/2n1pn2/1Bpp4/3P2Q1/2N2N2/PPP2PPP/R3K2R w KQkq - 2 11', 'move2': Move.from_uci('b8c6')}
{'state': 'r1b1k2r/pp2q1pp/2n1pn2/1Bpp4/3P4/2N2NQ1/PPP2PPP/R3K2R b KQkq - 3 11', 'move1': Move.from_uci('g4g3')}
{'state': 'r1b2rk1/pp2q1pp/2n1pn2/1Bpp4/3P4/2N2NQ1/PPP2PPP/R3K2R w KQ - 4 12', 'move2': Move.from_uci('e8g8')}
{'state': 'r1b2rk1/pp2q1pp/2n1pn2/1BPp4/8/2N2NQ1/PPP2PPP/R3K2R b KQ - 0 12', 'move1': Move.from_uci('d4c5')}
{'state': 'r1b2rk1/pp4pp/2n1pn2/1Bqp4/8/2N2NQ1/PPP2PPP/R3K2R w KQ - 0 13', 'move2': Move.from_uci('e7c5')}
{'state': 'r1b2rk1/pp4pp/2B1pn2/2qp4/8/2N2NQ1/PPP2PPP/R3K2R b KQ - 0 13', 'move1': Move.from_uci('b5c6')}
{'state': 'r1b2rk1/p5pp/2p1pn2/2qp4/8/2N2NQ1/PPP2PPP/R3K2R w KQ - 0 14', 'move2': Move.from_uci('b7c6')}
{'state': 'r1b2rk1/p5pp/2p1pn2/2qp4/8/2N2NQ1/PPP2PPP/R4RK1 b - - 1 14', 'move1': Move.from_uci('e1g1')}
{'state': 'r1b2rk1/p5pp/2p1p3/2qp3n/8/2N2NQ1/PPP2PPP/R4RK1 w - - 2 15', 'move2': Move.from_uci('f6h5')}
{'state': 'r1b2rk1/p5pp/2p1p3/2qpQ2n/8/2N2N2/PPP2PPP/R4RK1 b - - 3 15', 'move1': Move.from_uci('g3e5')}
{'state': 'r1b2rk1/p5pp/2p1p3/2qpQ3/5n2/2N2N2/PPP2PPP/R4RK1 w - - 4 16', 'move2': Move.from_uci('h5f4')}
{'state': 'r1b2rk1/p5pp/2p1p3/2qp4/5n2/2N1QN2/PPP2PPP/R4RK1 b - - 5 16', 'move1': Move.from_uci('e5e3')}
{'state': 'r1b2rk1/p5pp/2p1p3/3p4/1q3n2/2N1QN2/PPP2PPP/R4RK1 w - - 6 17', 'move2': Move.from_uci('c5b4')}
{'state': 'r1b2rk1/p5pp/2p1p3/3p4/1q3n2/4QN2/PPP1NPPP/R4RK1 b - - 7 17', 'move1': Move.from_uci('c3e2')}
{'state': 'r1b2rk1/p5pp/2p1p3/3p4/1q6/4QN2/PPP1nPPP/R4RK1 w - - 0 18', 'move2': Move.from_uci('f4e2')}
{'state': 'r1b2rk1/p5pp/2p1p3/3p4/1q6/5N2/PPP1QPPP/R4RK1 b - - 0 18', 'move1': Move.from_uci('e3e2')}
{'state': 'r1b2rk1/p5pp/2p1p3/3p4/8/5N2/PqP1QPPP/R4RK1 w - - 0 19', 'move2': Move.from_uci('b4b2')}
{'state': 'r1b2rk1/p5pp/2p1p3/3p4/8/5N2/PqP1QPPP/RR4K1 b - - 1 19', 'move1': Move.from_uci('f1b1')}
{'state': 'r1b2rk1/p5pp/2p1p3/3p4/8/2q2N2/P1P1QPPP/RR4K1 w - - 2 20', 'move2': Move.from_uci('b2c3')}
{'state': 'r1b2rk1/p5pp/2p1p3/3p4/8/2qQ1N2/P1P2PPP/RR4K1 b - - 3 20', 'move1': Move.from_uci('e2d3')}
{'state': 'r1b2rk1/p5pp/2p1p3/q2p4/8/3Q1N2/P1P2PPP/RR4K1 w - - 4 21', 'move2': Move.from_uci('c3a5')}
{'state': 'r1b2rk1/p5pp/2p1p3/q2p4/8/4QN2/P1P2PPP/RR4K1 b - - 5 21', 'move1': Move.from_uci('d3e3')}
{'state': 'r1b2rk1/p1q3pp/2p1p3/3p4/8/4QN2/P1P2PPP/RR4K1 w - - 6 22', 'move2': Move.from_uci('a5c7')}
{'state': 'r1b2rk1/p1q3pp/2p1p3/3pQ3/8/5N2/P1P2PPP/RR4K1 b - - 7 22', 'move1': Move.from_uci('e3e5')}
{'state': 'r1b2rk1/p5pp/2p1p3/3pq3/8/5N2/P1P2PPP/RR4K1 w - - 0 23', 'move2': Move.from_uci('c7e5')}
{'state': 'r1b2rk1/p5pp/2p1p3/3pN3/8/8/P1P2PPP/RR4K1 b - - 0 23', 'move1': Move.from_uci('f3e5')}
{'state': 'r1b3k1/p5pp/2p1p3/3pN3/5r2/8/P1P2PPP/RR4K1 w - - 1 24', 'move2': Move.from_uci('f8f4')}
{'state': 'r1b3k1/p5pp/2p1p3/3pN3/5r2/6P1/P1P2P1P/RR4K1 b - - 0 24', 'move1': Move.from_uci('g2g3')}
{'state': 'r1b3k1/p5pp/2p1p3/3pN3/4r3/6P1/P1P2P1P/RR4K1 w - - 1 25', 'move2': Move.from_uci('f4e4')}
{'state': 'r1b3k1/p5pp/2p1p3/3pN3/4rP2/6P1/P1P4P/RR4K1 b - - 0 25', 'move1': Move.from_uci('f2f4')}
{'state': 'r1b3k1/p5p1/2p1p2p/3pN3/4rP2/6P1/P1P4P/RR4K1 w - - 0 26', 'move2': Move.from_uci('h7h6')}
{'state': 'r1b3k1/p5p1/2N1p2p/3p4/4rP2/6P1/P1P4P/RR4K1 b - - 0 26', 'move1': Move.from_uci('e5c6')}
{'state': 'r1b3k1/p5p1/2N1p2p/3p4/2r2P2/6P1/P1P4P/RR4K1 w - - 1 27', 'move2': Move.from_uci('e4c4')}
{'state': 'r1b3k1/p5p1/4p2p/3pN3/2r2P2/6P1/P1P4P/RR4K1 b - - 2 27', 'move1': Move.from_uci('c6e5')}
{'state': 'r1b3k1/p5p1/4p2p/3pN3/5P2/6P1/P1r4P/RR4K1 w - - 0 28', 'move2': Move.from_uci('c4c2')}
{'state': 'r1b3k1/p5p1/4p2p/3pN3/5P2/6P1/P1r4P/R1R3K1 b - - 1 28', 'move1': Move.from_uci('b1c1')}
{'state': 'r1b3k1/p5p1/4p2p/3pN3/5P2/6P1/P3r2P/R1R3K1 w - - 2 29', 'move2': Move.from_uci('c2e2')}
{'state': 'r1b3k1/p5p1/4p2p/3pN3/P4P2/6P1/4r2P/R1R3K1 b - - 0 29', 'move1': Move.from_uci('a2a4')}
{'state': 'r1b3k1/p5p1/4p2p/4N3/P2p1P2/6P1/4r2P/R1R3K1 w - - 0 30', 'move2': Move.from_uci('d5d4')}
{'state': 'r1b3k1/p5p1/4p2p/4N3/P2p1P2/6P1/4r2P/1RR3K1 b - - 1 30', 'move1': Move.from_uci('a1b1')}
{'state': 'r1b5/p5pk/4p2p/4N3/P2p1P2/6P1/4r2P/1RR3K1 w - - 2 31', 'move2': Move.from_uci('g8h7')}
{'state': 'r1b5/p1R3pk/4p2p/4N3/P2p1P2/6P1/4r2P/1R4K1 b - - 3 31', 'move1': Move.from_uci('c1c7')}
{'state': 'r1b5/2R3pk/4p2p/p3N3/P2p1P2/6P1/4r2P/1R4K1 w - - 0 32', 'move2': Move.from_uci('a7a5')}
{'state': 'r1b5/2R3pk/4p2p/p3N3/P2p1P2/6P1/4r2P/2R3K1 b - - 1 32', 'move1': Move.from_uci('b1c1')}
{'state': 'r7/2R3pk/b3p2p/p3N3/P2p1P2/6P1/4r2P/2R3K1 w - - 2 33', 'move2': Move.from_uci('c8a6')}
{'state': 'r7/2R3pk/b3p2p/p3N3/P2p1P2/6P1/2R1r2P/6K1 b - - 3 33', 'move1': Move.from_uci('c1c2')}
{'state': 'r7/2R3pk/b3p2p/p3N3/P2p1P2/6P1/2r4P/6K1 w - - 0 34', 'move2': Move.from_uci('e2c2')}
{'state': 'r7/6pk/b3p2p/p3N3/P2p1P2/6P1/2R4P/6K1 b - - 0 34', 'move1': Move.from_uci('c7c2')}
{'state': '3r4/6pk/b3p2p/p3N3/P2p1P2/6P1/2R4P/6K1 w - - 1 35', 'move2': Move.from_uci('a8d8')}
{'state': '3r4/6pk/b3p2p/p3N3/P2p1P2/6P1/3R3P/6K1 b - - 2 35', 'move1': Move.from_uci('c2d2')}
{'state': '3r4/6pk/b3p2p/p3N3/P4P2/3p2P1/3R3P/6K1 w - - 0 36', 'move2': Move.from_uci('d4d3')}
{'state': '3r4/6pk/b3p2p/p3N3/P4P2/3p2P1/3R1K1P/8 b - - 1 36', 'move1': Move.from_uci('g1f2')}
{'state': '8/6pk/b3p2p/p3N3/P2r1P2/3p2P1/3R1K1P/8 w - - 2 37', 'move2': Move.from_uci('d8d4')}
{'state': '8/6pk/b3p2p/p3N3/P2r1P2/3pK1P1/3R3P/8 b - - 3 37', 'move1': Move.from_uci('f2e3')}
{'state': '8/6pk/b3p2p/p3N3/r4P2/3pK1P1/3R3P/8 w - - 0 38', 'move2': Move.from_uci('d4a4')}
{'state': '8/3N2pk/b3p2p/p7/r4P2/3pK1P1/3R3P/8 b - - 1 38', 'move1': Move.from_uci('e5d7')}
{'state': '8/3N2pk/b3p2p/p7/5P2/3pK1P1/3R3P/r7 w - - 2 39', 'move2': Move.from_uci('a4a1')}
{'state': '8/6pk/b3p2p/p1N5/5P2/3pK1P1/3R3P/r7 b - - 3 39', 'move1': Move.from_uci('d7c5')}
{'state': '8/6pk/4p2p/pbN5/5P2/3pK1P1/3R3P/r7 w - - 4 40', 'move2': Move.from_uci('a6b5')}
{'state': '8/6pk/4p2p/pbN5/3K1P2/3p2P1/3R3P/r7 b - - 5 40', 'move1': Move.from_uci('e3d4')}
{'state': '8/6pk/4p2p/pbN5/3K1P2/3p2P1/3R3P/2r5 w - - 6 41', 'move2': Move.from_uci('a1c1')}
{'state': '8/6pk/4p2p/pb6/3K1P2/3N2P1/3R3P/2r5 b - - 0 41', 'move1': Move.from_uci('c5d3')}
{'state': '8/6pk/4p2p/pb6/2rK1P2/3N2P1/3R3P/8 w - - 1 42', 'move2': Move.from_uci('c1c4')}
{'state': '8/6pk/4p2p/pb2K3/2r2P2/3N2P1/3R3P/8 b - - 2 42', 'move1': Move.from_uci('d4e5')}
{'state': '8/6pk/4p2p/pb2K3/5P2/2rN2P1/3R3P/8 w - - 3 43', 'move2': Move.from_uci('c4c3')}
{'state': '8/6pk/4p2p/pb2K3/5P2/2r3P1/3R1N1P/8 b - - 4 43', 'move1': Move.from_uci('d3f2')}
{'state': '8/6pk/4p2p/1b2K3/p4P2/2r3P1/3R1N1P/8 w - - 0 44', 'move2': Move.from_uci('a5a4')}
{'state': '8/6pk/4p2p/1b2K3/p4P2/2r3P1/R4N1P/8 b - - 1 44', 'move1': Move.from_uci('d2a2')}
{'state': '8/6pk/4p2p/1b2K3/5P2/p1r3P1/R4N1P/8 w - - 0 45', 'move2': Move.from_uci('a4a3')}
{'state': '8/6pk/4p2p/1b6/3K1P2/p1r3P1/R4N1P/8 b - - 1 45', 'move1': Move.from_uci('e5d4')}
{'state': '8/6pk/4p2p/1b6/2rK1P2/p5P1/R4N1P/8 w - - 2 46', 'move2': Move.from_uci('c3c4')}
{'state': '8/6pk/4p2p/1b6/2r2P2/p2K2P1/R4N1P/8 b - - 3 46', 'move1': Move.from_uci('d4d3')}
{'state': '8/6pk/4p2p/1b6/r4P2/p2K2P1/R4N1P/8 w - - 4 47', 'move2': Move.from_uci('c4a4')}
{'state': '8/6pk/4p2p/1b6/r4P2/p1K3P1/R4N1P/8 b - - 5 47', 'move1': Move.from_uci('d3c3')}
{'state': '8/6pk/4p2p/8/r1b2P2/p1K3P1/R4N1P/8 w - - 6 48', 'move2': Move.from_uci('b5c4')}
{'state': '8/6pk/4p2p/8/r1b2P2/p1K3P1/5N1P/R7 b - - 7 48', 'move1': Move.from_uci('a2a1')}
{'state': '8/6pk/4p2p/8/r1b2P2/2K3P1/p4N1P/R7 w - - 0 49', 'move2': Move.from_uci('a3a2')}
{'state': '8/6pk/4p2p/8/r1b2PN1/2K3P1/p6P/R7 b - - 1 49', 'move1': Move.from_uci('f2g4')}
{'state': '8/6pk/4p2p/3b4/r4PN1/2K3P1/p6P/R7 w - - 2 50', 'move2': Move.from_uci('c4d5')}
{'state': '8/6pk/4p2p/3b4/r4P2/2K1N1P1/p6P/R7 b - - 3 50', 'move1': Move.from_uci('g4e3')}
{'state': '8/6pk/4p2p/3b4/5P2/r1K1N1P1/p6P/R7 w - - 4 51', 'move2': Move.from_uci('a4a3')}
{'state': '8/6pk/4p2p/3b4/3K1P2/r3N1P1/p6P/R7 b - - 5 51', 'move1': Move.from_uci('c3d4')}
{'state': '8/6pk/4p2p/3b4/r2K1P2/4N1P1/p6P/R7 w - - 6 52', 'move2': Move.from_uci('a3a4')}
{'state': '8/6pk/4p2p/3b4/r4P2/2K1N1P1/p6P/R7 b - - 7 52', 'move1': Move.from_uci('d4c3')}
{'state': '8/6pk/4p2p/3b4/5P2/r1K1N1P1/p6P/R7 w - - 8 53', 'move2': Move.from_uci('a4a3')}
{'state': '8/6pk/4p2p/3b4/3K1P2/r3N1P1/p6P/R7 b - - 9 53', 'move1': Move.from_uci('c3d4')}
{'state': '8/6pk/4p2p/8/3K1P2/rb2N1P1/p6P/R7 w - - 10 54', 'move2': Move.from_uci('d5b3')}
{'state': '8/6pk/4p2p/8/5P2/rbK1N1P1/p6P/R7 b - - 11 54', 'move1': Move.from_uci('d4c3')}
{'state': '8/6pk/4p2p/8/b4P2/r1K1N1P1/p6P/R7 w - - 12 55', 'move2': Move.from_uci('b3a4')}
{'state': '8/6pk/4p2p/8/b2K1P2/r3N1P1/p6P/R7 b - - 13 55', 'move1': Move.from_uci('c3d4')}
{'state': '8/6pk/4p2p/1b6/3K1P2/r3N1P1/p6P/R7 w - - 14 56', 'move2': Move.from_uci('a4b5')}
{'state': '8/6pk/4p2p/1b6/3K1P2/r5P1/p6P/R2N4 b - - 15 56', 'move1': Move.from_uci('e3d1')}
{'state': '8/6pk/4p2p/1b6/r2K1P2/6P1/p6P/R2N4 w - - 16 57', 'move2': Move.from_uci('a3a4')}
{'state': '8/6pk/4p2p/1b6/r4P2/2K3P1/p6P/R2N4 b - - 17 57', 'move1': Move.from_uci('d4c3')}
{'state': '8/6pk/4p2p/8/r4P2/2K3P1/p3b2P/R2N4 w - - 18 58', 'move2': Move.from_uci('b5e2')}
{'state': '8/6pk/4p2p/8/r4P2/2K3P1/p3bN1P/R7 b - - 19 58', 'move1': Move.from_uci('d1f2')}
{'state': '8/6p1/4p1kp/8/r4P2/2K3P1/p3bN1P/R7 w - - 20 59', 'move2': Move.from_uci('h7g6')}
{'state': '8/6p1/4p1kp/8/r4P2/1K4P1/p3bN1P/R7 b - - 21 59', 'move1': Move.from_uci('c3b3')}
{'state': 'r7/6p1/4p1kp/8/5P2/1K4P1/p3bN1P/R7 w - - 22 60', 'move2': Move.from_uci('a4a8')}
{'state': 'r7/6p1/4p1kp/8/5P2/6P1/pK2bN1P/R7 b - - 23 60', 'move1': Move.from_uci('b3b2')}
{'state': 'r7/6p1/4p1kp/8/2b2P2/6P1/pK3N1P/R7 w - - 24 61', 'move2': Move.from_uci('e2c4')}
{'state': 'r7/6p1/4p1kp/8/2b2P2/6P1/pK3N1P/2R5 b - - 25 61', 'move1': Move.from_uci('a1c1')}
{'state': 'r7/6p1/4p2p/5k2/2b2P2/6P1/pK3N1P/2R5 w - - 26 62', 'move2': Move.from_uci('g6f5')}
{'state': 'r7/6p1/4p2p/5k2/2b2P2/6P1/p4N1P/K1R5 b - - 27 62', 'move1': Move.from_uci('b2a1')}
{'state': 'r7/6p1/4p2p/3b1k2/5P2/6P1/p4N1P/K1R5 w - - 28 63', 'move2': Move.from_uci('c4d5')}
{'state': 'r7/6p1/4p2p/3b1k2/5P2/6P1/p6P/K1RN4 b - - 29 63', 'move1': Move.from_uci('f2d1')}
{'state': 'r7/6p1/4p2p/5k2/5P2/1b4P1/p6P/K1RN4 w - - 30 64', 'move2': Move.from_uci('d5b3')}
{'state': 'r7/6p1/4p2p/5k2/5P2/1b2N1P1/p6P/K1R5 b - - 31 64', 'move1': Move.from_uci('d1e3')}
{'state': 'r7/6p1/4p2p/8/4kP2/1b2N1P1/p6P/K1R5 w - - 32 65', 'move2': Move.from_uci('f5e4')}
{'state': 'r7/6p1/4p2p/8/4kP2/1bR1N1P1/p6P/K7 b - - 33 65', 'move1': Move.from_uci('c1c3')}
{'state': '1r6/6p1/4p2p/8/4kP2/1bR1N1P1/p6P/K7 w - - 34 66', 'move2': Move.from_uci('a8b8')}
{'state': '1r6/6p1/4p2p/8/4kP2/1bR3P1/p1N4P/K7 b - - 35 66', 'move1': Move.from_uci('e3c2')}
{'state': '1r6/8/4p2p/6p1/4kP2/1bR3P1/p1N4P/K7 w - - 0 67', 'move2': Move.from_uci('g7g5')}
{'state': '1r6/8/4p2p/6p1/4kP2/1b2R1P1/p1N4P/K7 b - - 1 67', 'move1': Move.from_uci('c3e3')}
{'state': '1r6/8/4p2p/3k2p1/5P2/1b2R1P1/p1N4P/K7 w - - 2 68', 'move2': Move.from_uci('e4d5')}
{'state': '1r6/8/4p2p/3kR1p1/5P2/1b4P1/p1N4P/K7 b - - 3 68', 'move1': Move.from_uci('e3e5')}
{'state': '1r6/8/4p2p/4R1p1/2k2P2/1b4P1/p1N4P/K7 w - - 4 69', 'move2': Move.from_uci('d5c4')}
{'state': '1r6/8/4R2p/6p1/2k2P2/1b4P1/p1N4P/K7 b - - 0 69', 'move1': Move.from_uci('e5e6')}
{'state': '1r6/8/4R2p/8/2k2p2/1b4P1/p1N4P/K7 w - - 0 70', 'move2': Move.from_uci('g5f4')}
{'state': '1r6/8/4R2p/8/2k2P2/1b6/p1N4P/K7 b - - 0 70', 'move1': Move.from_uci('g3f4')}
{'state': '1r6/8/4R2p/8/2k2P2/8/p1b4P/K7 w - - 0 71', 'move2': Move.from_uci('b3c2')}
{'state': '1r6/8/4R2p/8/2k2P2/8/K1b4P/8 b - - 0 71', 'move1': Move.from_uci('a1a2')}
{'state': '1r6/8/4R2p/8/2k2P2/3b4/K6P/8 w - - 1 72', 'move2': Move.from_uci('c2d3')}
{'state': '1r6/8/2R4p/8/2k2P2/3b4/K6P/8 b - - 2 72', 'move1': Move.from_uci('e6c6')}
{'state': '1r6/8/2R4p/8/3k1P2/3b4/K6P/8 w - - 3 73', 'move2': Move.from_uci('c4d4')}
{'state': '1r6/8/7p/8/3k1P2/3b4/K6P/2R5 b - - 4 73', 'move1': Move.from_uci('c6c1')}
{'state': '1r6/8/8/7p/3k1P2/3b4/K6P/2R5 w - - 0 74', 'move2': Move.from_uci('h6h5')}
{'state': '1r6/8/8/7p/3k1P2/K2b4/7P/2R5 b - - 1 74', 'move1': Move.from_uci('a2a3')}
{'state': '1r6/8/8/8/3k1P1p/K2b4/7P/2R5 w - - 0 75', 'move2': Move.from_uci('h5h4')}
{'state': '1r6/8/8/5P2/3k3p/K2b4/7P/2R5 b - - 0 75', 'move1': Move.from_uci('f4f5')}
{'state': '1r6/8/8/5b2/3k3p/K7/7P/2R5 w - - 0 76', 'move2': Move.from_uci('d3f5')}
{'state': '1r6/8/2R5/5b2/3k3p/K7/7P/8 b - - 1 76', 'move1': Move.from_uci('c1c6')}
{'state': '8/8/2R5/5b2/3k3p/K7/7P/1r6 w - - 2 77', 'move2': Move.from_uci('b8b1')}
{'state': '8/8/3R4/5b2/3k3p/K7/7P/1r6 b - - 3 77', 'move1': Move.from_uci('c6d6')}
{'state': '8/8/3R4/5b2/4k2p/K7/7P/1r6 w - - 4 78', 'move2': Move.from_uci('d4e4')}
{'state': '8/8/8/5b2/4k2p/K7/3R3P/1r6 b - - 5 78', 'move1': Move.from_uci('d6d2')}
{'state': '8/8/8/5b2/4k3/K6p/3R3P/1r6 w - - 0 79', 'move2': Move.from_uci('h4h3')}
{'state': '8/8/8/5b2/4k3/K6p/4R2P/1r6 b - - 1 79', 'move1': Move.from_uci('d2e2')}
{'state': '8/8/8/5b2/8/K4k1p/4R2P/1r6 w - - 2 80', 'move2': Move.from_uci('e4f3')}
{'state': '8/8/8/4Rb2/8/K4k1p/7P/1r6 b - - 3 80', 'move1': Move.from_uci('e2e5')}
{'state': '8/8/8/4Rb2/5k2/K6p/7P/1r6 w - - 4 81', 'move2': Move.from_uci('f3f4')}
{'state': '8/8/8/5b2/5k2/K6p/4R2P/1r6 b - - 5 81', 'move1': Move.from_uci('e5e2')}
{'state': '8/8/8/5b2/5k2/K6p/4R2P/6r1 w - - 6 82', 'move2': Move.from_uci('b1g1')}
{'state': '8/8/8/5b2/5k2/K6p/5R1P/6r1 b - - 7 82', 'move1': Move.from_uci('e2f2')}
{'state': '8/8/8/5b2/4k3/K6p/5R1P/6r1 w - - 8 83', 'move2': Move.from_uci('f4e4')}
{'state': '8/8/8/5b2/4k3/K6p/1R5P/6r1 b - - 9 83', 'move1': Move.from_uci('f2b2')}
{'state': '8/8/8/5b2/4k3/K6p/1R4rP/8 w - - 10 84', 'move2': Move.from_uci('g1g2')}
{'state': '8/8/8/5b2/4k3/K6p/6rP/1R6 b - - 11 84', 'move1': Move.from_uci('b2b1')}
{'state': '8/8/8/5b2/4k3/K6p/7r/1R6 w - - 0 85', 'move2': Move.from_uci('g2h2')}
{'state': '8/8/8/5b2/1R2k3/K6p/7r/8 b - - 1 85', 'move1': Move.from_uci('b1b4')}
{'state': '8/8/8/5b2/1R6/K3k2p/7r/8 w - - 2 86', 'move2': Move.from_uci('e4e3')}
{'state': '8/8/8/5b2/7R/K3k2p/7r/8 b - - 3 86', 'move1': Move.from_uci('b4h4')}
{'state': '8/8/8/5b2/7R/K3k2p/2r5/8 w - - 4 87', 'move2': Move.from_uci('h2c2')}
{'state': '8/8/8/5b2/7R/1K2k2p/2r5/8 b - - 5 87', 'move1': Move.from_uci('a3b3')}
{'state': '8/8/8/5b2/7R/1K2k3/2r4p/8 w - - 0 88', 'move2': Move.from_uci('h3h2')}
{'state': '8/8/8/5b1R/8/1K2k3/2r4p/8 b - - 1 88', 'move1': Move.from_uci('h4h5')}
{'state': '8/8/8/7R/4b3/1K2k3/2r4p/8 w - - 2 89', 'move2': Move.from_uci('f5e4')}
{'state': '8/8/7R/8/4b3/1K2k3/2r4p/8 b - - 3 89', 'move1': Move.from_uci('h5h6')}
{'state': '8/8/7R/8/3kb3/1K6/2r4p/8 w - - 4 90', 'move2': Move.from_uci('e3d4')}
{'state': '8/8/3R4/8/3kb3/1K6/2r4p/8 b - - 5 90', 'move1': Move.from_uci('h6d6')}
{'state': '8/8/3R4/3b4/3k4/1K6/2r4p/8 w - - 6 91', 'move2': Move.from_uci('e4d5')}
{'state': '8/8/8/3R4/3k4/1K6/2r4p/8 b - - 0 91', 'move1': Move.from_uci('d6d5')}
{'state': '8/8/8/3k4/8/1K6/2r4p/8 w - - 0 92', 'move2': Move.from_uci('d4d5')}
{'state': '8/8/8/3k4/8/8/2K4p/8 b - - 0 92', 'move1': Move.from_uci('b3c2')}
{'state': '8/8/8/8/3k4/8/2K4p/8 w - - 1 93', 'move2': Move.from_uci('d5d4')}
{'state': '8/8/8/8/3k4/8/1K5p/8 b - - 2 93', 'move1': Move.from_uci('c2b2')}
{'state': '8/8/8/8/3k4/8/1K6/7q w - - 0 94', 'move2': Move.from_uci('h2h1q')}
{'state': '8/8/8/8/3k4/8/2K5/7q b - - 1 94', 'move1': Move.from_uci('b2c2')}
{'state': '8/8/8/8/3k4/8/2K5/q7 w - - 2 95', 'move2': Move.from_uci('h1a1')}
{'state': '8/8/8/8/3k4/1K6/8/q7 b - - 3 95', 'move1': Move.from_uci('c2b3')}
{'state': '8/8/8/8/3k4/1K6/8/1q6 w - - 4 96', 'move2': Move.from_uci('a1b1')}
{'state': '8/8/8/8/K2k4/8/8/1q6 b - - 5 96', 'move1': Move.from_uci('b3a4')}
{'state': '8/8/8/8/K1k5/8/8/1q6 w - - 6 97', 'move2': Move.from_uci('d4c4')}
{'state': '8/8/8/8/2k5/K7/8/1q6 b - - 7 97', 'move1': Move.from_uci('a4a3')}
{'state': '8/8/8/8/2k5/K7/8/q7 w - - 8 98', 'move2': Move.from_uci('b1a1')}
END OF GAME, AGENT 3 (Winner.BLACK) won
{'state': 'rnbqkbnr/pppppppp/8/8/4P3/8/PPPP1PPP/RNBQKBNR b KQkq - 0 1', 'move1': Move.from_uci('e2e4')}
{'state': 'rnbqkbnr/pp1ppppp/2p5/8/4P3/8/PPPP1PPP/RNBQKBNR w KQkq - 0 2', 'move2': Move.from_uci('c7c6')}
{'state': 'rnbqkbnr/pp1ppppp/2p5/8/4P3/5N2/PPPP1PPP/RNBQKB1R b KQkq - 1 2', 'move1': Move.from_uci('g1f3')}
{'state': 'rnbqkbnr/pp2pppp/2p5/3p4/4P3/5N2/PPPP1PPP/RNBQKB1R w KQkq - 0 3', 'move2': Move.from_uci('d7d5')}
{'state': 'rnbqkbnr/pp2pppp/2p5/3pP3/8/5N2/PPPP1PPP/RNBQKB1R b KQkq - 0 3', 'move1': Move.from_uci('e4e5')}
{'state': 'rnbqkbnr/pp2pppp/8/2ppP3/8/5N2/PPPP1PPP/RNBQKB1R w KQkq - 0 4', 'move2': Move.from_uci('c6c5')}
{'state': 'rnbqkbnr/pp2pppp/8/2ppP3/3P4/5N2/PPP2PPP/RNBQKB1R b KQkq - 0 4', 'move1': Move.from_uci('d2d4')}
{'state': 'r1bqkbnr/pp2pppp/2n5/2ppP3/3P4/5N2/PPP2PPP/RNBQKB1R w KQkq - 1 5', 'move2': Move.from_uci('b8c6')}
{'state': 'r1bqkbnr/pp2pppp/2n5/2PpP3/8/5N2/PPP2PPP/RNBQKB1R b KQkq - 0 5', 'move1': Move.from_uci('d4c5')}
{'state': 'r2qkbnr/pp2pppp/2n5/2PpP3/6b1/5N2/PPP2PPP/RNBQKB1R w KQkq - 1 6', 'move2': Move.from_uci('c8g4')}
{'state': 'r2qkbnr/pp2pppp/2n5/1BPpP3/6b1/5N2/PPP2PPP/RNBQK2R b KQkq - 2 6', 'move1': Move.from_uci('f1b5')}
{'state': 'r2qkbnr/pp3ppp/2n1p3/1BPpP3/6b1/5N2/PPP2PPP/RNBQK2R w KQkq - 0 7', 'move2': Move.from_uci('e7e6')}
{'state': 'r2qkbnr/pp3ppp/2n1p3/1BPpP3/1P4b1/5N2/P1P2PPP/RNBQK2R b KQkq - 0 7', 'move1': Move.from_uci('b2b4')}
{'state': 'r2qkbnr/pp3ppp/2n1p3/1BPpP3/1P6/5b2/P1P2PPP/RNBQK2R w KQkq - 0 8', 'move2': Move.from_uci('g4f3')}
{'state': 'r2qkbnr/pp3ppp/2n1p3/1BPpP3/1P6/5Q2/P1P2PPP/RNB1K2R b KQkq - 0 8', 'move1': Move.from_uci('d1f3')}
{'state': 'r2qkbnr/1p3ppp/2n1p3/pBPpP3/1P6/5Q2/P1P2PPP/RNB1K2R w KQkq - 0 9', 'move2': Move.from_uci('a7a5')}
{'state': 'r2qkbnr/1p3ppp/2n1p3/pBPpP3/1P6/2P2Q2/P4PPP/RNB1K2R b KQkq - 0 9', 'move1': Move.from_uci('c2c3')}
{'state': 'r2qkb1r/1p2nppp/2n1p3/pBPpP3/1P6/2P2Q2/P4PPP/RNB1K2R w KQkq - 1 10', 'move2': Move.from_uci('g8e7')}
{'state': 'r2qkb1r/1p2nppp/2n1p3/pBPpP3/1P6/2P5/P3QPPP/RNB1K2R b KQkq - 2 10', 'move1': Move.from_uci('f3e2')}
{'state': 'r2qkb1r/1p3ppp/2n1p3/pBPpPn2/1P6/2P5/P3QPPP/RNB1K2R w KQkq - 3 11', 'move2': Move.from_uci('e7f5')}
{'state': 'r2qkb1r/1p3ppp/2n1p3/pBPpPn2/1P6/2P5/PB2QPPP/RN2K2R b KQkq - 4 11', 'move1': Move.from_uci('c1b2')}
{'state': 'r2qk2r/1p2bppp/2n1p3/pBPpPn2/1P6/2P5/PB2QPPP/RN2K2R w KQkq - 5 12', 'move2': Move.from_uci('f8e7')}
{'state': 'r2qk2r/1p2bppp/2n1p3/pBPpPn2/1P6/2P5/PB1NQPPP/R3K2R b KQkq - 6 12', 'move1': Move.from_uci('b1d2')}
{'state': 'r2q1rk1/1p2bppp/2n1p3/pBPpPn2/1P6/2P5/PB1NQPPP/R3K2R w KQ - 7 13', 'move2': Move.from_uci('e8g8')}
{'state': 'r2q1rk1/1p2bppp/2B1p3/p1PpPn2/1P6/2P5/PB1NQPPP/R3K2R b KQ - 0 13', 'move1': Move.from_uci('b5c6')}
{'state': 'r2q1rk1/4bppp/2p1p3/p1PpPn2/1P6/2P5/PB1NQPPP/R3K2R w KQ - 0 14', 'move2': Move.from_uci('b7c6')}
{'state': 'r2q1rk1/4bppp/2p1p3/p1PpPn2/1P6/P1P5/1B1NQPPP/R3K2R b KQ - 0 14', 'move1': Move.from_uci('a2a3')}
{'state': 'r4rk1/2q1bppp/2p1p3/p1PpPn2/1P6/P1P5/1B1NQPPP/R3K2R w KQ - 1 15', 'move2': Move.from_uci('d8c7')}
{'state': 'r4rk1/2q1bppp/2p1p3/p1PpPn2/1P6/P1P5/1B1NQPPP/R4RK1 b - - 2 15', 'move1': Move.from_uci('e1g1')}
{'state': 'r4rk1/2q1bp1p/2p1p1p1/p1PpPn2/1P6/P1P5/1B1NQPPP/R4RK1 w - - 0 16', 'move2': Move.from_uci('g7g6')}
{'state': 'r4rk1/2q1bp1p/2p1p1p1/p1PpPn2/1P4P1/P1P5/1B1NQP1P/R4RK1 b - - 0 16', 'move1': Move.from_uci('g2g4')}
{'state': 'r4rk1/2q1bpnp/2p1p1p1/p1PpP3/1P4P1/P1P5/1B1NQP1P/R4RK1 w - - 1 17', 'move2': Move.from_uci('f5g7')}
{'state': 'r4rk1/2q1bpnp/2p1p1p1/p1PpP3/1P4P1/PNP5/1B2QP1P/R4RK1 b - - 2 17', 'move1': Move.from_uci('d2b3')}
{'state': 'r4rk1/2q1b1np/2p1p1p1/p1PpPp2/1P4P1/PNP5/1B2QP1P/R4RK1 w - f6 0 18', 'move2': Move.from_uci('f7f5')}
{'state': 'r4rk1/2q1b1np/2p1p1p1/p1PpPp2/1P4P1/PNP2P2/1B2Q2P/R4RK1 b - - 0 18', 'move1': Move.from_uci('f2f3')}
{'state': 'r4rk1/2q1b1n1/2p1p1p1/p1PpPp1p/1P4P1/PNP2P2/1B2Q2P/R4RK1 w - - 0 19', 'move2': Move.from_uci('h7h5')}
{'state': 'r4rk1/2q1b1n1/2p1p1p1/p1PpPp1p/1P1N2P1/P1P2P2/1B2Q2P/R4RK1 b - - 1 19', 'move1': Move.from_uci('b3d4')}
{'state': 'r4rk1/3qb1n1/2p1p1p1/p1PpPp1p/1P1N2P1/P1P2P2/1B2Q2P/R4RK1 w - - 2 20', 'move2': Move.from_uci('c7d7')}
{'state': 'r4rk1/3qb1n1/2p1p1p1/p1PpPp1p/1P1N2P1/P1P2P2/4Q2P/R1B2RK1 b - - 3 20', 'move1': Move.from_uci('b2c1')}
{'state': 'r4rk1/3qb1n1/2p1p1p1/p1PpP2p/1P1N2p1/P1P2P2/4Q2P/R1B2RK1 w - - 0 21', 'move2': Move.from_uci('f5g4')}
{'state': 'r4rk1/3qb1n1/2p1p1p1/p1PpP2p/1P1N2P1/P1P5/4Q2P/R1B2RK1 b - - 0 21', 'move1': Move.from_uci('f3g4')}
{'state': 'r5k1/3qb1n1/2p1p1p1/p1PpP2p/1P1N2P1/P1P5/4Q2P/R1B2rK1 w - - 0 22', 'move2': Move.from_uci('f8f1')}
{'state': 'r5k1/3qb1n1/2p1p1p1/p1PpP2p/1P1N2P1/P1P5/4Q2P/R1B2K2 b - - 0 22', 'move1': Move.from_uci('g1f1')}
{'state': 'r5k1/3qb1n1/2p1p1p1/2PpP2p/1p1N2P1/P1P5/4Q2P/R1B2K2 w - - 0 23', 'move2': Move.from_uci('a5b4')}
{'state': 'r5k1/3qb1n1/2p1p1p1/2PpP2p/1P1N2P1/P7/4Q2P/R1B2K2 b - - 0 23', 'move1': Move.from_uci('c3b4')}
{'state': '5rk1/3qb1n1/2p1p1p1/2PpP2p/1P1N2P1/P7/4Q2P/R1B2K2 w - - 1 24', 'move2': Move.from_uci('a8f8')}
{'state': '5rk1/3qb1n1/2p1p1p1/2PpP2p/1P1N2P1/P7/4Q1KP/R1B5 b - - 2 24', 'move1': Move.from_uci('f1g2')}
{'state': '5rk1/3qb1n1/2p1p1p1/2PpP3/1P1N2p1/P7/4Q1KP/R1B5 w - - 0 25', 'move2': Move.from_uci('h5g4')}
{'state': '5rk1/3qb1n1/2p1p1pB/2PpP3/1P1N2p1/P7/4Q1KP/R7 b - - 1 25', 'move1': Move.from_uci('c1h6')}
{'state': '5rk1/3qb3/2p1p1pB/2PpPn2/1P1N2p1/P7/4Q1KP/R7 w - - 2 26', 'move2': Move.from_uci('g7f5')}
{'state': '5Bk1/3qb3/2p1p1p1/2PpPn2/1P1N2p1/P7/4Q1KP/R7 b - - 0 26', 'move1': Move.from_uci('h6f8')}
{'state': '5bk1/3q4/2p1p1p1/2PpPn2/1P1N2p1/P7/4Q1KP/R7 w - - 0 27', 'move2': Move.from_uci('e7f8')}
{'state': '5bk1/3q4/2p1p1p1/2PpPn2/1P1N2p1/P7/4Q1KP/3R4 b - - 1 27', 'move1': Move.from_uci('a1d1')}
{'state': '5bk1/q7/2p1p1p1/2PpPn2/1P1N2p1/P7/4Q1KP/3R4 w - - 2 28', 'move2': Move.from_uci('d7a7')}
{'state': '5bk1/q7/2p1p1p1/2PpPn2/1P1N2p1/P2R4/4Q1KP/8 b - - 3 28', 'move1': Move.from_uci('d1d3')}
{'state': '5bk1/8/q1p1p1p1/2PpPn2/1P1N2p1/P2R4/4Q1KP/8 w - - 4 29', 'move2': Move.from_uci('a7a6')}
{'state': '5bk1/8/q1p1p1p1/1PPpPn2/3N2p1/P2R4/4Q1KP/8 b - - 0 29', 'move1': Move.from_uci('b4b5')}
{'state': '5bk1/8/q3p1p1/1pPpPn2/3N2p1/P2R4/4Q1KP/8 w - - 0 30', 'move2': Move.from_uci('c6b5')}
{'state': '5bk1/8/q3p1p1/1pPpPn2/3N2Q1/P2R4/6KP/8 b - - 0 30', 'move1': Move.from_uci('e2g4')}
{'state': '5b2/5k2/q3p1p1/1pPpPn2/3N2Q1/P2R4/6KP/8 w - - 1 31', 'move2': Move.from_uci('g8f7')}
{'state': '5b2/5k2/q3p1p1/1pPpPN2/6Q1/P2R4/6KP/8 b - - 0 31', 'move1': Move.from_uci('d4f5')}
{'state': '5b2/5k2/q5p1/1pPpPp2/6Q1/P2R4/6KP/8 w - - 0 32', 'move2': Move.from_uci('e6f5')}
{'state': '5b2/5k2/q5p1/1pPpPp2/3Q4/P2R4/6KP/8 b - - 1 32', 'move1': Move.from_uci('g4d4')}
{'state': '5b2/5k2/2q3p1/1pPpPp2/3Q4/P2R4/6KP/8 w - - 2 33', 'move2': Move.from_uci('a6c6')}
{'state': '5b2/5k2/2q3p1/1pPQPp2/8/P2R4/6KP/8 b - - 0 33', 'move1': Move.from_uci('d4d5')}
{'state': '5b2/5k2/6p1/1pPqPp2/8/P2R4/6KP/8 w - - 0 34', 'move2': Move.from_uci('c6d5')}
{'state': '5b2/5k2/6p1/1pPRPp2/8/P7/6KP/8 b - - 0 34', 'move1': Move.from_uci('d3d5')}
{'state': '5b2/8/4k1p1/1pPRPp2/8/P7/6KP/8 w - - 1 35', 'move2': Move.from_uci('f7e6')}
{'state': '5b2/8/2P1k1p1/1p1RPp2/8/P7/6KP/8 b - - 0 35', 'move1': Move.from_uci('c5c6')}
{'state': '5b2/8/2P3p1/1p1kPp2/8/P7/6KP/8 w - - 0 36', 'move2': Move.from_uci('e6d5')}
{'state': '5b2/2P5/6p1/1p1kPp2/8/P7/6KP/8 b - - 0 36', 'move1': Move.from_uci('c6c7')}
{'state': '5b2/2P5/6p1/1p2kp2/8/P7/6KP/8 w - - 0 37', 'move2': Move.from_uci('d5e5')}
{'state': '2Q2b2/8/6p1/1p2kp2/8/P7/6KP/8 b - - 0 37', 'move1': Move.from_uci('c7c8q')}
{'state': '2Q5/8/3b2p1/1p2kp2/8/P7/6KP/8 w - - 1 38', 'move2': Move.from_uci('f8d6')}
{'state': '8/3Q4/3b2p1/1p2kp2/8/P7/6KP/8 b - - 2 38', 'move1': Move.from_uci('c8d7')}
{'state': '8/3Q4/3b2p1/4kp2/1p6/P7/6KP/8 w - - 0 39', 'move2': Move.from_uci('b5b4')}
{'state': '8/3Q4/3b2p1/4kp2/1P6/8/6KP/8 b - - 0 39', 'move1': Move.from_uci('a3b4')}
{'state': '8/3Q4/3b4/4kpp1/1P6/8/6KP/8 w - - 0 40', 'move2': Move.from_uci('g6g5')}
{'state': '8/3Q4/3b4/1P2kpp1/8/8/6KP/8 b - - 0 40', 'move1': Move.from_uci('b4b5')}
{'state': '8/3Q4/3b4/1P2kp2/6p1/8/6KP/8 w - - 0 41', 'move2': Move.from_uci('g5g4')}
{'state': '8/3Q4/1P1b4/4kp2/6p1/8/6KP/8 b - - 0 41', 'move1': Move.from_uci('b5b6')}
{'state': '8/3Q4/1P1b4/4kp2/8/6p1/6KP/8 w - - 0 42', 'move2': Move.from_uci('g4g3')}
{'state': '8/3Q4/1P1b4/4kp2/8/6P1/6K1/8 b - - 0 42', 'move1': Move.from_uci('h2g3')}
{'state': '8/3Q4/1P1b4/3k1p2/8/6P1/6K1/8 w - - 1 43', 'move2': Move.from_uci('e5d5')}
{'state': '8/1P1Q4/3b4/3k1p2/8/6P1/6K1/8 b - - 0 43', 'move1': Move.from_uci('b6b7')}
{'state': '8/1P1Q4/3b4/2k2p2/8/6P1/6K1/8 w - - 1 44', 'move2': Move.from_uci('d5c5')}
{'state': '8/1P1Q4/3b4/2k2p2/8/5KP1/8/8 b - - 2 44', 'move1': Move.from_uci('g2f3')}
{'state': '8/1P1Q4/1k1b4/5p2/8/5KP1/8/8 w - - 3 45', 'move2': Move.from_uci('c5b6')}
{'state': '8/1P6/1k1Q4/5p2/8/5KP1/8/8 b - - 0 45', 'move1': Move.from_uci('d7d6')}
{'state': '8/1k6/3Q4/5p2/8/5KP1/8/8 w - - 0 46', 'move2': Move.from_uci('b6b7')}
{'state': '8/1k6/3Q4/5p2/5K2/6P1/8/8 b - - 1 46', 'move1': Move.from_uci('f3f4')}
{'state': '8/k7/3Q4/5p2/5K2/6P1/8/8 w - - 2 47', 'move2': Move.from_uci('b7a7')}
{'state': '8/k7/8/5p2/1Q3K2/6P1/8/8 b - - 3 47', 'move1': Move.from_uci('d6b4')}
{'state': '8/8/k7/5p2/1Q3K2/6P1/8/8 w - - 4 48', 'move2': Move.from_uci('a7a6')}
{'state': '8/8/k7/4Kp2/1Q6/6P1/8/8 b - - 5 48', 'move1': Move.from_uci('f4e5')}
{'state': '8/8/k7/4K3/1Q3p2/6P1/8/8 w - - 0 49', 'move2': Move.from_uci('f5f4')}
{'state': '8/8/k7/3K4/1Q3p2/6P1/8/8 b - - 1 49', 'move1': Move.from_uci('e5d5')}
{'state': '8/8/k7/3K4/1Q6/6p1/8/8 w - - 0 50', 'move2': Move.from_uci('f4g3')}
{'state': '8/8/k1K5/8/1Q6/6p1/8/8 b - - 1 50', 'move1': Move.from_uci('d5c6')}
{'state': '8/8/k1K5/8/1Q6/8/6p1/8 w - - 0 51', 'move2': Move.from_uci('g3g2')}
{'state': '8/8/k1K5/8/8/Q7/6p1/8 b - - 1 51', 'move1': Move.from_uci('b4a3')}
END OF GAME, AGENT 3 (Winner.WHITE) won
{'state': 'rnbqkbnr/pppppppp/8/8/4P3/8/PPPP1PPP/RNBQKBNR b KQkq - 0 1', 'move1': Move.from_uci('e2e4')}
{'state': 'rnbqkbnr/pppp1ppp/4p3/8/4P3/8/PPPP1PPP/RNBQKBNR w KQkq - 0 2', 'move2': Move.from_uci('e7e6')}
{'state': 'rnbqkbnr/pppp1ppp/4p3/8/3PP3/8/PPP2PPP/RNBQKBNR b KQkq - 0 2', 'move1': Move.from_uci('d2d4')}
{'state': 'rnbqkbnr/ppp2ppp/4p3/3p4/3PP3/8/PPP2PPP/RNBQKBNR w KQkq - 0 3', 'move2': Move.from_uci('d7d5')}
{'state': 'rnbqkbnr/ppp2ppp/4p3/3p4/3PP3/2N5/PPP2PPP/R1BQKBNR b KQkq - 1 3', 'move1': Move.from_uci('b1c3')}
{'state': 'rnbqk1nr/ppp2ppp/4p3/3p4/1b1PP3/2N5/PPP2PPP/R1BQKBNR w KQkq - 2 4', 'move2': Move.from_uci('f8b4')}
{'state': 'rnbqk1nr/ppp2ppp/4p3/3P4/1b1P4/2N5/PPP2PPP/R1BQKBNR b KQkq - 0 4', 'move1': Move.from_uci('e4d5')}
{'state': 'rnbqk1nr/ppp2ppp/8/3p4/1b1P4/2N5/PPP2PPP/R1BQKBNR w KQkq - 0 5', 'move2': Move.from_uci('e6d5')}
{'state': 'rnbqk1nr/ppp2ppp/8/3p4/1b1P4/2N2N2/PPP2PPP/R1BQKB1R b KQkq - 1 5', 'move1': Move.from_uci('g1f3')}
{'state': 'rnbqk2r/ppp2ppp/5n2/3p4/1b1P4/2N2N2/PPP2PPP/R1BQKB1R w KQkq - 2 6', 'move2': Move.from_uci('g8f6')}
{'state': 'rnbqk2r/ppp2ppp/5n2/3p4/1b1P4/2NB1N2/PPP2PPP/R1BQK2R b KQkq - 3 6', 'move1': Move.from_uci('f1d3')}
{'state': 'rnbqk2r/pp3ppp/5n2/2pp4/1b1P4/2NB1N2/PPP2PPP/R1BQK2R w KQkq - 0 7', 'move2': Move.from_uci('c7c5')}
{'state': 'rnbqk2r/pp3ppp/5n2/2Pp4/1b6/2NB1N2/PPP2PPP/R1BQK2R b KQkq - 0 7', 'move1': Move.from_uci('d4c5')}
{'state': 'rnbqk2r/pp3ppp/5n2/2bp4/8/2NB1N2/PPP2PPP/R1BQK2R w KQkq - 0 8', 'move2': Move.from_uci('b4c5')}
{'state': 'rnbqk2r/pp3ppp/5n2/2bp4/8/2NB1N2/PPP1QPPP/R1B1K2R b KQkq - 1 8', 'move1': Move.from_uci('d1e2')}
{'state': 'rnbqk2r/pp2bppp/5n2/3p4/8/2NB1N2/PPP1QPPP/R1B1K2R w KQkq - 2 9', 'move2': Move.from_uci('c5e7')}
{'state': 'rnbqk2r/pp2bppp/5n2/1N1p4/8/3B1N2/PPP1QPPP/R1B1K2R b KQkq - 3 9', 'move1': Move.from_uci('c3b5')}
{'state': 'rnbqk2r/1p2bppp/p4n2/1N1p4/8/3B1N2/PPP1QPPP/R1B1K2R w KQkq - 0 10', 'move2': Move.from_uci('a7a6')}
{'state': 'rnbqk2r/1p2bppp/p4n2/3p4/3N4/3B1N2/PPP1QPPP/R1B1K2R b KQkq - 1 10', 'move1': Move.from_uci('b5d4')}
{'state': 'rnbq1rk1/1p2bppp/p4n2/3p4/3N4/3B1N2/PPP1QPPP/R1B1K2R w KQ - 2 11', 'move2': Move.from_uci('e8g8')}
{'state': 'rnbq1rk1/1p2bppp/p4n2/3p4/3N4/3BBN2/PPP1QPPP/R3K2R b KQ - 3 11', 'move1': Move.from_uci('c1e3')}
{'state': 'rnbqr1k1/1p2bppp/p4n2/3p4/3N4/3BBN2/PPP1QPPP/R3K2R w KQ - 4 12', 'move2': Move.from_uci('f8e8')}
{'state': 'rnbqr1k1/1p2bppp/p4n2/3p4/3N4/2PBBN2/PP2QPPP/R3K2R b KQ - 0 12', 'move1': Move.from_uci('c2c3')}
{'state': 'rnbqr1k1/1p3ppp/p2b1n2/3p4/3N4/2PBBN2/PP2QPPP/R3K2R w KQ - 1 13', 'move2': Move.from_uci('e7d6')}
{'state': 'rnbqr1k1/1p3ppp/p2b1n2/3p4/3N4/2PBBN2/PP2QPPP/2KR3R b - - 2 13', 'move1': Move.from_uci('e1c1')}
{'state': 'r1bqr1k1/1p1n1ppp/p2b1n2/3p4/3N4/2PBBN2/PP2QPPP/2KR3R w - - 3 14', 'move2': Move.from_uci('b8d7')}
{'state': 'r1bqr1k1/1p1n1ppp/p2b1n2/3p1N2/8/2PBBN2/PP2QPPP/2KR3R b - - 4 14', 'move1': Move.from_uci('d4f5')}
{'state': 'r1bqrbk1/1p1n1ppp/p4n2/3p1N2/8/2PBBN2/PP2QPPP/2KR3R w - - 5 15', 'move2': Move.from_uci('d6f8')}
{'state': 'r1bqrbk1/1p1n1ppp/p4n2/3p1N2/8/2PBBN2/PPQ2PPP/2KR3R b - - 6 15', 'move1': Move.from_uci('e2c2')}
{'state': 'r1bqrbk1/1p3ppp/p4n2/2np1N2/8/2PBBN2/PPQ2PPP/2KR3R w - - 7 16', 'move2': Move.from_uci('d7c5')}
{'state': 'r1bqrbk1/1p3ppp/p4n2/2np1NB1/8/2PB1N2/PPQ2PPP/2KR3R b - - 8 16', 'move1': Move.from_uci('e3g5')}
{'state': 'r2qrbk1/1p3ppp/p4n2/2np1bB1/8/2PB1N2/PPQ2PPP/2KR3R w - - 0 17', 'move2': Move.from_uci('c8f5')}
{'state': 'r2qrbk1/1p3ppp/p4n2/2np1BB1/8/2P2N2/PPQ2PPP/2KR3R b - - 0 17', 'move1': Move.from_uci('d3f5')}
{'state': 'r2qrbk1/1p3p1p/p4np1/2np1BB1/8/2P2N2/PPQ2PPP/2KR3R w - - 0 18', 'move2': Move.from_uci('g7g6')}
{'state': 'r2qrbk1/1p3p1p/p4np1/2np2B1/8/2P2N1B/PPQ2PPP/2KR3R b - - 1 18', 'move1': Move.from_uci('f5h3')}
{'state': 'r2qrbk1/1p3p1p/p4np1/3p2B1/4n3/2P2N1B/PPQ2PPP/2KR3R w - - 2 19', 'move2': Move.from_uci('c5e4')}
{'state': 'r2qrbk1/1p3p1p/p4np1/3p4/4nB2/2P2N1B/PPQ2PPP/2KR3R b - - 3 19', 'move1': Move.from_uci('g5f4')}
{'state': 'r2qr1k1/1p3p1p/p4np1/2bp4/4nB2/2P2N1B/PPQ2PPP/2KR3R w - - 4 20', 'move2': Move.from_uci('f8c5')}
{'state': 'r2qr1k1/1p3p1p/p4np1/2bp4/4nB2/2P2N1B/PPQ2PPP/2KR1R2 b - - 5 20', 'move1': Move.from_uci('h1f1')}
{'state': 'r2qr1k1/5p1p/p4np1/1pbp4/4nB2/2P2N1B/PPQ2PPP/2KR1R2 w - - 0 21', 'move2': Move.from_uci('b7b5')}
{'state': 'r2qr1k1/5p1p/p4np1/1pbp4/4nB2/2P4B/PPQ2PPP/2KRNR2 b - - 1 21', 'move1': Move.from_uci('f3e1')}
{'state': 'r2qr1k1/5p1p/p4np1/1pb5/3pnB2/2P4B/PPQ2PPP/2KRNR2 w - - 0 22', 'move2': Move.from_uci('d5d4')}
{'state': 'r2qr1k1/5p1p/p4np1/1pb5/3PnB2/7B/PPQ2PPP/2KRNR2 b - - 0 22', 'move1': Move.from_uci('c3d4')}
{'state': 'r2qrbk1/5p1p/p4np1/1p6/3PnB2/7B/PPQ2PPP/2KRNR2 w - - 1 23', 'move2': Move.from_uci('c5f8')}
{'state': 'r2qrbk1/5p1p/p4np1/1p6/3PnB2/3N3B/PPQ2PPP/2KR1R2 b - - 2 23', 'move1': Move.from_uci('e1d3')}
{'state': 'r2qrbk1/5p1p/p5p1/1p1n4/3PnB2/3N3B/PPQ2PPP/2KR1R2 w - - 3 24', 'move2': Move.from_uci('f6d5')}
{'state': 'r2qrbk1/5p1p/p5p1/1p1n4/3PnB2/3N2PB/PPQ2P1P/2KR1R2 b - - 0 24', 'move1': Move.from_uci('g2g3')}
{'state': 'r2qrbk1/5p1p/p5p1/1p6/3Pnn2/3N2PB/PPQ2P1P/2KR1R2 w - - 0 25', 'move2': Move.from_uci('d5f4')}
{'state': 'r2qrbk1/5p1p/p5p1/1p6/3PnP2/3N3B/PPQ2P1P/2KR1R2 b - - 0 25', 'move1': Move.from_uci('g3f4')}
{'state': 'r3rbk1/5p1p/p5p1/1p6/3PnP1q/3N3B/PPQ2P1P/2KR1R2 w - - 1 26', 'move2': Move.from_uci('d8h4')}
{'state': 'r3rbk1/5p1p/p5p1/1p2N3/3PnP1q/7B/PPQ2P1P/2KR1R2 b - - 2 26', 'move1': Move.from_uci('d3e5')}
{'state': 'r3rbk1/5p1p/p5p1/1p2N3/3PnP2/7q/PPQ2P1P/2KR1R2 w - - 0 27', 'move2': Move.from_uci('h4h3')}
{'state': 'r3rbk1/5p1p/p5p1/1p2N3/3PQP2/7q/PP3P1P/2KR1R2 b - - 0 27', 'move1': Move.from_uci('c2e4')}
{'state': 'r3rbk1/7p/p4pp1/1p2N3/3PQP2/7q/PP3P1P/2KR1R2 w - - 0 28', 'move2': Move.from_uci('f7f6')}
{'state': 'r3rbk1/7p/p4pp1/1p1QN3/3P1P2/7q/PP3P1P/2KR1R2 b - - 1 28', 'move1': Move.from_uci('e4d5')}
{'state': 'r3rb1k/7p/p4pp1/1p1QN3/3P1P2/7q/PP3P1P/2KR1R2 w - - 2 29', 'move2': Move.from_uci('g8h8')}
{'state': 'r3rb1k/7p/p1N2pp1/1p1Q4/3P1P2/7q/PP3P1P/2KR1R2 b - - 3 29', 'move1': Move.from_uci('e5c6')}
{'state': '2r1rb1k/7p/p1N2pp1/1p1Q4/3P1P2/7q/PP3P1P/2KR1R2 w - - 4 30', 'move2': Move.from_uci('a8c8')}
{'state': '2r1rb1k/7p/p1N2pp1/1p1Q4/3P1P2/7q/PP3P1P/1K1R1R2 b - - 5 30', 'move1': Move.from_uci('c1b1')}
{'state': '2r2b1k/7p/p1N1rpp1/1p1Q4/3P1P2/7q/PP3P1P/1K1R1R2 w - - 6 31', 'move2': Move.from_uci('e8e6')}
{'state': '2rN1b1k/7p/p3rpp1/1p1Q4/3P1P2/7q/PP3P1P/1K1R1R2 b - - 7 31', 'move1': Move.from_uci('c6d8')}
{'state': '2rN1b1k/7p/p4pp1/1p1Q4/3P1P2/7q/PP2rP1P/1K1R1R2 w - - 8 32', 'move2': Move.from_uci('e6e2')}
{'state': '2r2b1k/7p/p1N2pp1/1p1Q4/3P1P2/7q/PP2rP1P/1K1R1R2 b - - 9 32', 'move1': Move.from_uci('d8c6')}
{'state': '2r4k/7p/p1N2pp1/1p1Q4/3P1P2/b6q/PP2rP1P/1K1R1R2 w - - 10 33', 'move2': Move.from_uci('f8a3')}
{'state': '2r4k/7p/p1N2pp1/1p1Q4/3P1P2/P6q/P3rP1P/1K1R1R2 b - - 0 33', 'move1': Move.from_uci('b2a3')}
{'state': '7k/7p/p1r2pp1/1p1Q4/3P1P2/P6q/P3rP1P/1K1R1R2 w - - 0 34', 'move2': Move.from_uci('c8c6')}
{'state': '7k/7p/p1r2pp1/1p1Q4/3P1P2/P4P1q/P3r2P/1K1R1R2 b - - 0 34', 'move1': Move.from_uci('f2f3')}
{'state': '7k/7p/p4pp1/1p1Q4/3P1P2/P4P1q/P1r1r2P/1K1R1R2 w - - 1 35', 'move2': Move.from_uci('c6c2')}
{'state': '7k/7p/p4pp1/1p1Q4/3P1P2/P4P1q/P1r1r2P/1K1RR3 b - - 2 35', 'move1': Move.from_uci('f1e1')}
{'state': '7k/7p/p4pp1/1p1Q4/3P1P2/P4P1q/Pr2r2P/1K1RR3 w - - 3 36', 'move2': Move.from_uci('c2b2')}
{'state': '7k/7p/p4pp1/1p1Q4/3P1P2/P4P1q/Pr2r2P/K2RR3 b - - 4 36', 'move1': Move.from_uci('b1a1')}
{'state': '7k/7p/p4pp1/1p1Q4/3P1P2/P4P1q/r3r2P/K2RR3 w - - 0 37', 'move2': Move.from_uci('b2a2')}
{'state': '7k/7p/p4pp1/1p6/3P1P2/P4P1q/Q3r2P/K2RR3 b - - 0 37', 'move1': Move.from_uci('d5a2')}
{'state': '7k/7p/p4pp1/1p6/3P1P2/P4P1q/r6P/K2RR3 w - - 0 38', 'move2': Move.from_uci('e2a2')}
{'state': '7k/7p/p4pp1/1p6/3P1P2/P4P1q/K6P/3RR3 b - - 0 38', 'move1': Move.from_uci('a1a2')}
{'state': '7k/7p/p4pp1/1p6/3P1P2/P4P2/K5qP/3RR3 w - - 1 39', 'move2': Move.from_uci('h3g2')}
{'state': '7k/7p/p4pp1/1p6/3P1P2/P4P2/6qP/1K1RR3 b - - 2 39', 'move1': Move.from_uci('a2b1')}
{'state': '7k/7p/p4pp1/1p6/3P1P2/P4q2/7P/1K1RR3 w - - 0 40', 'move2': Move.from_uci('g2f3')}
{'state': '7k/7p/p4pp1/1p1P4/5P2/P4q2/7P/1K1RR3 b - - 0 40', 'move1': Move.from_uci('d4d5')}
{'state': '7k/7p/p4pp1/1p1P4/5P2/Pq6/7P/1K1RR3 w - - 1 41', 'move2': Move.from_uci('f3b3')}
{'state': '7k/7p/p4pp1/1p1P4/5P2/Pq6/7P/2KRR3 b - - 2 41', 'move1': Move.from_uci('b1c1')}
{'state': '7k/7p/p4pp1/1p1P4/5P2/q7/7P/2KRR3 w - - 0 42', 'move2': Move.from_uci('b3a3')}
{'state': '7k/7p/p4pp1/1p1P4/5P2/q7/7P/1K1RR3 b - - 1 42', 'move1': Move.from_uci('c1b1')}
{'state': '7k/7p/p4pp1/1p1P4/1q3P2/8/7P/1K1RR3 w - - 2 43', 'move2': Move.from_uci('a3b4')}
{'state': '7k/7p/p4pp1/1p1P4/1q3P2/8/2K4P/3RR3 b - - 3 43', 'move1': Move.from_uci('b1c2')}
{'state': '7k/7p/p2q1pp1/1p1P4/5P2/8/2K4P/3RR3 w - - 4 44', 'move2': Move.from_uci('b4d6')}
{'state': '7k/7p/p2q1pp1/1p1P4/5P2/3R4/2K4P/4R3 b - - 5 44', 'move1': Move.from_uci('d1d3')}
{'state': '6k1/7p/p2q1pp1/1p1P4/5P2/3R4/2K4P/4R3 w - - 6 45', 'move2': Move.from_uci('h8g8')}
{'state': '6k1/7p/p2qRpp1/1p1P4/5P2/3R4/2K4P/8 b - - 7 45', 'move1': Move.from_uci('e1e6')}
{'state': '6k1/7p/p3Rpp1/1p1P4/5q2/3R4/2K4P/8 w - - 0 46', 'move2': Move.from_uci('d6f4')}
{'state': '6k1/7p/R4pp1/1p1P4/5q2/3R4/2K4P/8 b - - 0 46', 'move1': Move.from_uci('e6a6')}
{'state': '6k1/7p/R4pp1/1p1P4/8/3R4/2K4q/8 w - - 0 47', 'move2': Move.from_uci('f4h2')}
{'state': '6k1/7p/R4pp1/1p1P4/8/3R4/7q/3K4 b - - 1 47', 'move1': Move.from_uci('c2d1')}
{'state': '6k1/7p/R4pp1/1p1P4/8/3R4/8/3K2q1 w - - 2 48', 'move2': Move.from_uci('h2g1')}
{'state': '6k1/7p/R4pp1/1p1P4/8/3R4/4K3/6q1 b - - 3 48', 'move1': Move.from_uci('d1e2')}
{'state': '6k1/7p/R4pp1/1p1P4/8/3R4/4K2q/8 w - - 4 49', 'move2': Move.from_uci('g1h2')}
{'state': '6k1/7p/R4pp1/1p1P4/8/3R4/7q/3K4 b - - 5 49', 'move1': Move.from_uci('e2d1')}
{'state': '6k1/7p/R4pp1/3P4/1p6/3R4/7q/3K4 w - - 0 50', 'move2': Move.from_uci('b5b4')}
{'state': '6k1/7p/R2P1pp1/8/1p6/3R4/7q/3K4 b - - 0 50', 'move1': Move.from_uci('d5d6')}
{'state': '6k1/7p/R2P1pp1/8/1p6/3R4/8/3K2q1 w - - 1 51', 'move2': Move.from_uci('h2g1')}
{'state': '6k1/7p/R2P1pp1/8/1p6/3R4/3K4/6q1 b - - 2 51', 'move1': Move.from_uci('d1d2')}
{'state': '6k1/7p/R2P1pp1/8/1p6/3R4/3K1q2/8 w - - 3 52', 'move2': Move.from_uci('g1f2')}
{'state': '6k1/7p/R2P1pp1/8/1p6/3R4/5q2/3K4 b - - 4 52', 'move1': Move.from_uci('d2d1')}
{'state': '6k1/7p/R2P1pp1/8/1p6/3R4/8/3K1q2 w - - 5 53', 'move2': Move.from_uci('f2f1')}
{'state': '6k1/7p/R2P1pp1/8/1p6/3R4/3K4/5q2 b - - 6 53', 'move1': Move.from_uci('d1d2')}
{'state': '6k1/7p/R2P1pp1/8/1p6/3R4/3K2q1/8 w - - 7 54', 'move2': Move.from_uci('f1g2')}
{'state': '6k1/7p/R2P1pp1/8/1p6/3R4/6q1/3K4 b - - 8 54', 'move1': Move.from_uci('d2d1')}
{'state': '6k1/7p/R2P1pp1/8/1p4q1/3R4/8/3K4 w - - 9 55', 'move2': Move.from_uci('g2g4')}
{'state': '6k1/7p/R2P1pp1/8/1p4q1/3R4/3K4/8 b - - 10 55', 'move1': Move.from_uci('d1d2')}
{'state': '6k1/7p/R2P1pp1/8/1p6/3R4/3K2q1/8 w - - 11 56', 'move2': Move.from_uci('g4g2')}
{'state': '6k1/7p/R2P1pp1/8/1p6/3R4/6q1/3K4 b - - 12 56', 'move1': Move.from_uci('d2d1')}
{'state': '6k1/7p/R2P1pp1/8/1p6/3R4/8/3K1q2 w - - 13 57', 'move2': Move.from_uci('g2f1')}
{'state': '6k1/7p/R2P1pp1/8/1p6/3R4/3K4/5q2 b - - 14 57', 'move1': Move.from_uci('d1d2')}
{'state': '6k1/7p/R2P1pp1/8/1p6/3R4/3K1q2/8 w - - 15 58', 'move2': Move.from_uci('f1f2')}
{'state': '6k1/7p/R2P1pp1/8/1p6/3R4/5q2/3K4 b - - 16 58', 'move1': Move.from_uci('d2d1')}
{'state': '6k1/7p/R2P1pp1/8/1p6/3R4/8/3K2q1 w - - 17 59', 'move2': Move.from_uci('f2g1')}
{'state': '6k1/7p/R2P1pp1/8/1p6/3R4/2K5/6q1 b - - 18 59', 'move1': Move.from_uci('d1c2')}
{'state': '6k1/7p/R2P1pp1/8/1p6/3R4/2K3q1/8 w - - 19 60', 'move2': Move.from_uci('g1g2')}
{'state': '6k1/7p/R2P1pp1/8/1p6/3R4/6q1/3K4 b - - 20 60', 'move1': Move.from_uci('c2d1')}
{'state': '6k1/7p/R2P1pp1/8/1p4q1/3R4/8/3K4 w - - 21 61', 'move2': Move.from_uci('g2g4')}
{'state': '6k1/7p/R2P1pp1/8/1p4q1/3R4/3K4/8 b - - 22 61', 'move1': Move.from_uci('d1d2')}
{'state': '6k1/7p/R2P1pp1/6q1/1p6/3R4/3K4/8 w - - 23 62', 'move2': Move.from_uci('g4g5')}
{'state': '6k1/7p/R2P1pp1/6q1/1p6/3R4/4K3/8 b - - 24 62', 'move1': Move.from_uci('d2e2')}
{'state': '6k1/7p/R2P1pp1/4q3/1p6/3R4/4K3/8 w - - 25 63', 'move2': Move.from_uci('g5e5')}
{'state': '6k1/7p/R2P1pp1/4q3/1p6/3R4/3K4/8 b - - 26 63', 'move1': Move.from_uci('e2d2')}
{'state': '6k1/7p/R2P1pp1/6q1/1p6/3R4/3K4/8 w - - 27 64', 'move2': Move.from_uci('e5g5')}
{'state': '6k1/7p/R2P1pp1/6q1/1p6/3R4/8/4K3 b - - 28 64', 'move1': Move.from_uci('d2e1')}
{'state': '6k1/7p/R2P1pp1/4q3/1p6/3R4/8/4K3 w - - 29 65', 'move2': Move.from_uci('g5e5')}
{'state': '6k1/7p/R2P1pp1/4q3/1p6/3R4/3K4/8 b - - 30 65', 'move1': Move.from_uci('e1d2')}
{'state': '6k1/7p/R2P1pp1/6q1/1p6/3R4/3K4/8 w - - 31 66', 'move2': Move.from_uci('e5g5')}
{'state': '6k1/7p/R2P1pp1/6q1/1p6/3R4/4K3/8 b - - 32 66', 'move1': Move.from_uci('d2e2')}
{'state': '6k1/7p/R2P1pp1/7q/1p6/3R4/4K3/8 w - - 33 67', 'move2': Move.from_uci('g5h5')}
{'state': '6k1/7p/R2P1pp1/7q/1p6/3RK3/8/8 b - - 34 67', 'move1': Move.from_uci('e2e3')}
{'state': '6k1/7p/R2P1pp1/8/1p6/3RK2q/8/8 w - - 35 68', 'move2': Move.from_uci('h5h3')}
{'state': '6k1/7p/R2P1pp1/8/1p6/3R3q/3K4/8 b - - 36 68', 'move1': Move.from_uci('e3d2')}
{'state': '6k1/7p/R2P1pp1/8/1p6/3R4/3K2q1/8 w - - 37 69', 'move2': Move.from_uci('h3g2')}
{'state': '6k1/7p/R2P1pp1/8/1p6/3R4/6q1/3K4 b - - 38 69', 'move1': Move.from_uci('d2d1')}
{'state': '6k1/7p/R2P1pp1/8/1p6/3R4/8/3K1q2 w - - 39 70', 'move2': Move.from_uci('g2f1')}
{'state': '6k1/7p/R2P1pp1/8/1p6/3R4/3K4/5q2 b - - 40 70', 'move1': Move.from_uci('d1d2')}
{'state': '6k1/7p/R2P1pp1/8/1p6/3R4/3K1q2/8 w - - 41 71', 'move2': Move.from_uci('f1f2')}
{'state': '6k1/7p/R2P1pp1/8/1p6/3R4/5q2/3K4 b - - 42 71', 'move1': Move.from_uci('d2d1')}
{'state': '6k1/7p/R2P1pp1/5q2/1p6/3R4/8/3K4 w - - 43 72', 'move2': Move.from_uci('f2f5')}
{'state': '6k1/7p/R2P1pp1/5q2/1p6/3R4/3K4/8 b - - 44 72', 'move1': Move.from_uci('d1d2')}
{'state': '6k1/7p/R2P1pp1/8/1p3q2/3R4/3K4/8 w - - 45 73', 'move2': Move.from_uci('f5f4')}
{'state': '6k1/7p/R2P1pp1/8/1p3q2/3R4/4K3/8 b - - 46 73', 'move1': Move.from_uci('d2e2')}
{'state': '6k1/7p/R2P1pp1/8/1p2q3/3R4/4K3/8 w - - 47 74', 'move2': Move.from_uci('f4e4')}
{'state': '6k1/7p/R2P1pp1/8/1p2q3/3R4/3K4/8 b - - 48 74', 'move1': Move.from_uci('e2d2')}
{'state': '6k1/7p/R2P1pp1/8/1p6/3R4/3K2q1/8 w - - 49 75', 'move2': Move.from_uci('e4g2')}
{'state': '6k1/7p/R2P1pp1/8/1p6/3R4/6q1/3K4 b - - 50 75', 'move1': Move.from_uci('d2d1')}
{'state': '6k1/7p/R2P1pp1/8/1p6/3R4/8/3K1q2 w - - 51 76', 'move2': Move.from_uci('g2f1')}
{'state': '6k1/7p/R2P1pp1/8/1p6/3R4/3K4/5q2 b - - 52 76', 'move1': Move.from_uci('d1d2')}
{'state': '6k1/7p/R2P1pp1/8/1p6/3R4/3K2q1/8 w - - 53 77', 'move2': Move.from_uci('f1g2')}
{'state': '6k1/7p/R2P1pp1/8/1p6/3R4/6q1/3K4 b - - 54 77', 'move1': Move.from_uci('d2d1')}
{'state': '6k1/7p/R2P1pp1/8/1p6/3R4/8/3K2q1 w - - 55 78', 'move2': Move.from_uci('g2g1')}
{'state': '6k1/7p/R2P1pp1/8/1p6/3R4/4K3/6q1 b - - 56 78', 'move1': Move.from_uci('d1e2')}
{'state': '6k1/7p/R2P1pp1/8/1p6/3R4/4K2q/8 w - - 57 79', 'move2': Move.from_uci('g1h2')}
{'state': '6k1/7p/R2P1pp1/8/1p6/3R4/7q/3K4 b - - 58 79', 'move1': Move.from_uci('e2d1')}
{'state': '6k1/7p/R2P1pp1/8/1p6/3R4/8/3K2q1 w - - 59 80', 'move2': Move.from_uci('h2g1')}
{'state': '6k1/7p/R2P1pp1/8/1p6/3R4/4K3/6q1 b - - 60 80', 'move1': Move.from_uci('d1e2')}
{'state': '6k1/7p/R2P1pp1/8/1p6/3R4/4K2q/8 w - - 61 81', 'move2': Move.from_uci('g1h2')}
{'state': '6k1/7p/R2P1pp1/8/1p6/3R4/7q/3K4 b - - 62 81', 'move1': Move.from_uci('e2d1')}
{'state': '6k1/7p/R2P1pp1/7q/1p6/3R4/8/3K4 w - - 63 82', 'move2': Move.from_uci('h2h5')}
{'state': '6k1/7p/R2P1pp1/7q/1p6/3R4/3K4/8 b - - 64 82', 'move1': Move.from_uci('d1d2')}
{'state': '6k1/7p/R2P1pp1/6q1/1p6/3R4/3K4/8 w - - 65 83', 'move2': Move.from_uci('h5g5')}
{'state': '6k1/7p/R2P1pp1/6q1/1p6/3R4/4K3/8 b - - 66 83', 'move1': Move.from_uci('d2e2')}
{'state': '6k1/7p/R2P1pp1/8/1p6/3R4/4K1q1/8 w - - 67 84', 'move2': Move.from_uci('g5g2')}
{'state': '6k1/7p/R2P1pp1/8/1p6/3R4/6q1/3K4 b - - 68 84', 'move1': Move.from_uci('e2d1')}
{'state': '6k1/7p/R2P1pp1/8/1p2q3/3R4/8/3K4 w - - 69 85', 'move2': Move.from_uci('g2e4')}
{'state': '6k1/7p/R2P1pp1/8/1p2q3/3R4/3K4/8 b - - 70 85', 'move1': Move.from_uci('d1d2')}
{'state': '6k1/7p/R2P1pp1/8/1p3q2/3R4/3K4/8 w - - 71 86', 'move2': Move.from_uci('e4f4')}
{'state': '6k1/7p/R2P1pp1/8/1p3q2/3R4/8/4K3 b - - 72 86', 'move1': Move.from_uci('d2e1')}
{'state': '6k1/7p/R2P1pp1/8/1p5q/3R4/8/4K3 w - - 73 87', 'move2': Move.from_uci('f4h4')}
{'state': '6k1/7p/R2P1pp1/8/1p5q/3R4/3K4/8 b - - 74 87', 'move1': Move.from_uci('e1d2')}
{'state': '6k1/7p/R2P1pp1/8/1p6/3R4/3K1q2/8 w - - 75 88', 'move2': Move.from_uci('h4f2')}
{'state': '6k1/7p/R2P1pp1/8/1p6/3R4/5q2/3K4 b - - 76 88', 'move1': Move.from_uci('d2d1')}
{'state': '6k1/7p/R2P1pp1/5q2/1p6/3R4/8/3K4 w - - 77 89', 'move2': Move.from_uci('f2f5')}
{'state': '6k1/7p/R2P1pp1/5q2/1p6/3R4/3K4/8 b - - 78 89', 'move1': Move.from_uci('d1d2')}
{'state': '6k1/7p/R2P1pp1/8/1p6/3R4/3K1q2/8 w - - 79 90', 'move2': Move.from_uci('f5f2')}
{'state': '6k1/7p/R2P1pp1/8/1p6/3R4/5q2/3K4 b - - 80 90', 'move1': Move.from_uci('d2d1')}
{'state': '6k1/7p/R2P1pp1/8/1p6/3R4/8/3K1q2 w - - 81 91', 'move2': Move.from_uci('f2f1')}
{'state': '6k1/7p/R2P1pp1/8/1p6/3R4/3K4/5q2 b - - 82 91', 'move1': Move.from_uci('d1d2')}
{'state': '6k1/7p/R2P1pp1/8/1p6/3R4/3K1q2/8 w - - 83 92', 'move2': Move.from_uci('f1f2')}
{'state': '6k1/7p/R2P1pp1/8/1p6/3R4/5q2/3K4 b - - 84 92', 'move1': Move.from_uci('d2d1')}
{'state': '6k1/7p/R2P1pp1/5q2/1p6/3R4/8/3K4 w - - 85 93', 'move2': Move.from_uci('f2f5')}
{'state': '6k1/7p/R2P1pp1/5q2/1p6/3R4/3K4/8 b - - 86 93', 'move1': Move.from_uci('d1d2')}
{'state': '6k1/7p/R2P1pp1/8/1p3q2/3R4/3K4/8 w - - 87 94', 'move2': Move.from_uci('f5f4')}
{'state': '6k1/7p/R2P1pp1/8/1p3q2/3R4/8/4K3 b - - 88 94', 'move1': Move.from_uci('d2e1')}
{'state': '6k1/7p/R2P1pp1/8/1p2q3/3R4/8/4K3 w - - 89 95', 'move2': Move.from_uci('f4e4')}
{'state': '6k1/7p/R2P1pp1/8/1p2q3/3R4/3K4/8 b - - 90 95', 'move1': Move.from_uci('e1d2')}
{'state': '6k1/7p/R2P1pp1/8/1p3q2/3R4/3K4/8 w - - 91 96', 'move2': Move.from_uci('e4f4')}
{'state': '6k1/7p/R2P1pp1/8/1p3q2/3R4/8/4K3 b - - 92 96', 'move1': Move.from_uci('d2e1')}
{'state': '6k1/7p/R2P1pp1/8/1p5q/3R4/8/4K3 w - - 93 97', 'move2': Move.from_uci('f4h4')}
{'state': '6k1/7p/R2P1pp1/8/1p5q/3R4/4K3/8 b - - 94 97', 'move1': Move.from_uci('e1e2')}
{'state': '6k1/7p/R2P1pp1/8/1p6/3R4/4K2q/8 w - - 95 98', 'move2': Move.from_uci('h4h2')}
{'state': '6k1/7p/R2P1pp1/8/1p6/3R4/7q/5K2 b - - 96 98', 'move1': Move.from_uci('e2f1')}
{'state': '8/6kp/R2P1pp1/8/1p6/3R4/7q/5K2 w - - 97 99', 'move2': Move.from_uci('g8g7')}
{'state': '8/R5kp/3P1pp1/8/1p6/3R4/7q/5K2 b - - 98 99', 'move1': Move.from_uci('a6a7')}
{'state': '5k2/R6p/3P1pp1/8/1p6/3R4/7q/5K2 w - - 99 100', 'move2': Move.from_uci('g7f8')}
{'state': '5k2/R2P3p/5pp1/8/1p6/3R4/7q/5K2 b - - 0 100', 'move1': Move.from_uci('d6d7')}
{'state': '5k2/R2P3p/5pp1/8/1p3q2/3R4/8/5K2 w - - 1 101', 'move2': Move.from_uci('h2f4')}
{'state': '5k2/R2P3p/5pp1/8/1p3q2/3R4/4K3/8 b - - 2 101', 'move1': Move.from_uci('f1e2')}
{'state': '5k2/R2P3p/5pp1/8/1p4q1/3R4/4K3/8 w - - 3 102', 'move2': Move.from_uci('f4g4')}
{'state': '5k2/R2P3p/5pp1/8/1p4q1/3RK3/8/8 b - - 4 102', 'move1': Move.from_uci('e2e3')}
{'state': '5k2/R2P3p/5pp1/8/1p6/3RK3/8/6q1 w - - 5 103', 'move2': Move.from_uci('g4g1')}
{'state': '5k2/R2P3p/5pp1/8/1p6/3R4/4K3/6q1 b - - 6 103', 'move1': Move.from_uci('e3e2')}
{'state': '5k2/R2P3p/5pp1/8/1p4q1/3R4/4K3/8 w - - 7 104', 'move2': Move.from_uci('g1g4')}
{'state': '5k2/R2P3p/5pp1/8/1p4q1/3RK3/8/8 b - - 8 104', 'move1': Move.from_uci('e2e3')}
{'state': '5k2/R2P3p/5pp1/8/1p6/3RK1q1/8/8 w - - 9 105', 'move2': Move.from_uci('g4g3')}
{'state': '5k2/R2P3p/5pp1/8/1p1K4/3R2q1/8/8 b - - 10 105', 'move1': Move.from_uci('e3d4')}
{'state': '5k2/R2P3p/5pp1/4q3/1p1K4/3R4/8/8 w - - 11 106', 'move2': Move.from_uci('g3e5')}
{'state': '5k2/R2P3p/5pp1/4q3/1pK5/3R4/8/8 b - - 12 106', 'move1': Move.from_uci('d4c4')}
{'state': '5k2/R2P3p/5pp1/8/1pK1q3/3R4/8/8 w - - 13 107', 'move2': Move.from_uci('e5e4')}
{'state': '5k2/R2P3p/5pp1/8/1pKRq3/8/8/8 b - - 14 107', 'move1': Move.from_uci('d3d4')}
{'state': '5k2/R2P3p/2q2pp1/8/1pKR4/8/8/8 w - - 15 108', 'move2': Move.from_uci('e4c6')}
{'state': '5k2/R2P3p/2q2pp1/8/1K1R4/8/8/8 b - - 0 108', 'move1': Move.from_uci('c4b4')}
{'state': '5k2/R2P3p/1q3pp1/8/1K1R4/8/8/8 w - - 1 109', 'move2': Move.from_uci('c6b6')}
{'state': '5k2/R2P3p/1q3pp1/8/2KR4/8/8/8 b - - 2 109', 'move1': Move.from_uci('b4c4')}
{'state': '5k2/R2P3p/2q2pp1/8/2KR4/8/8/8 w - - 3 110', 'move2': Move.from_uci('b6c6')}
{'state': '5k2/R2P3p/2q2pp1/8/3R4/1K6/8/8 b - - 4 110', 'move1': Move.from_uci('c4b3')}
{'state': '5k2/R2P3p/5pp1/1q6/3R4/1K6/8/8 w - - 5 111', 'move2': Move.from_uci('c6b5')}
{'state': '5k2/R2P3p/5pp1/1q6/3R4/2K5/8/8 b - - 6 111', 'move1': Move.from_uci('b3c3')}
{'state': '5k2/R2P3p/5pp1/2q5/3R4/2K5/8/8 w - - 7 112', 'move2': Move.from_uci('b5c5')}
{'state': '5k2/R2P3p/5pp1/2q5/3R4/3K4/8/8 b - - 8 112', 'move1': Move.from_uci('c3d3')}
{'state': '5k2/R2P3p/5pp1/1q6/3R4/3K4/8/8 w - - 9 113', 'move2': Move.from_uci('c5b5')}
{'state': '5k2/R2P3p/5pp1/1q6/3R4/8/2K5/8 b - - 10 113', 'move1': Move.from_uci('d3c2')}
{'state': '5k2/R2P3p/5pp1/5q2/3R4/8/2K5/8 w - - 11 114', 'move2': Move.from_uci('b5f5')}
{'state': '5k2/R2P3p/5pp1/5q2/3R4/1K6/8/8 b - - 12 114', 'move1': Move.from_uci('c2b3')}
{'state': '5k2/R2P3p/5pp1/1q6/3R4/1K6/8/8 w - - 13 115', 'move2': Move.from_uci('f5b5')}
{'state': '5k2/R2P3p/5pp1/1q6/3R4/2K5/8/8 b - - 14 115', 'move1': Move.from_uci('b3c3')}
{'state': '5k2/R2P3p/5pp1/2q5/3R4/2K5/8/8 w - - 15 116', 'move2': Move.from_uci('b5c5')}
{'state': '5k2/R2P3p/5pp1/2q5/2R5/2K5/8/8 b - - 16 116', 'move1': Move.from_uci('d4c4')}
{'state': '5k2/R2P3p/5pp1/8/2R5/2K1q3/8/8 w - - 17 117', 'move2': Move.from_uci('c5e3')}
{'state': '5k2/R2P3p/5pp1/8/2R5/4q3/1K6/8 b - - 18 117', 'move1': Move.from_uci('c3b2')}
{'state': '8/R2Pk2p/5pp1/8/2R5/4q3/1K6/8 w - - 19 118', 'move2': Move.from_uci('f8e7')}
{'state': '2R5/R2Pk2p/5pp1/8/8/4q3/1K6/8 b - - 20 118', 'move1': Move.from_uci('c4c8')}
{'state': '2R5/R2Pk2p/5pp1/8/8/8/1K2q3/8 w - - 21 119', 'move2': Move.from_uci('e3e2')}
{'state': '2R5/R2Pk2p/5pp1/8/8/8/4q3/K7 b - - 22 119', 'move1': Move.from_uci('b2a1')}
{'state': '2R5/R2Pk2p/5pp1/8/8/8/8/K3q3 w - - 23 120', 'move2': Move.from_uci('e2e1')}
{'state': '2R5/R2Pk2p/5pp1/8/8/8/1K6/4q3 b - - 24 120', 'move1': Move.from_uci('a1b2')}
{'state': '2R5/R2Pk2p/5pp1/8/8/8/1K1q4/8 w - - 25 121', 'move2': Move.from_uci('e1d2')}
{'state': '2R5/R2Pk2p/5pp1/8/8/8/3q4/1K6 b - - 26 121', 'move1': Move.from_uci('b2b1')}
{'state': '2R5/R2Pk2p/5pp1/8/8/8/8/1K1q4 w - - 27 122', 'move2': Move.from_uci('d2d1')}
{'state': '2R5/R2Pk2p/5pp1/8/8/8/1K6/3q4 b - - 28 122', 'move1': Move.from_uci('b1b2')}
{'state': '2R5/R2Pk2p/5pp1/8/8/8/1K1q4/8 w - - 29 123', 'move2': Move.from_uci('d1d2')}
{'state': '2R5/R2Pk2p/5pp1/8/8/1K6/3q4/8 b - - 30 123', 'move1': Move.from_uci('b2b3')}
{'state': '2R5/R2Pk2p/5pp1/8/8/1K2q3/8/8 w - - 31 124', 'move2': Move.from_uci('d2e3')}
{'state': '2R5/R2Pk2p/5pp1/8/8/4q3/2K5/8 b - - 32 124', 'move1': Move.from_uci('b3c2')}
{'state': '2R5/R2Pk2p/5pp1/8/8/8/2K1q3/8 w - - 33 125', 'move2': Move.from_uci('e3e2')}
{'state': '2R5/R2Pk2p/5pp1/8/8/2K5/4q3/8 b - - 34 125', 'move1': Move.from_uci('c2c3')}
{'state': '2R5/R2Pk2p/5pp1/4q3/8/2K5/8/8 w - - 35 126', 'move2': Move.from_uci('e2e5')}
{'state': '2R5/R2Pk2p/5pp1/4q3/8/3K4/8/8 b - - 36 126', 'move1': Move.from_uci('c3d3')}
{'state': '2R5/R2Pk2p/5pp1/8/8/3K2q1/8/8 w - - 37 127', 'move2': Move.from_uci('e5g3')}
{'state': '2R5/R2Pk2p/5pp1/8/8/6q1/2K5/8 b - - 38 127', 'move1': Move.from_uci('d3c2')}
{'state': '2R5/R2Pk2p/5pp1/8/8/8/2K2q2/8 w - - 39 128', 'move2': Move.from_uci('g3f2')}
{'state': '2R5/R2Pk2p/5pp1/8/8/2K5/5q2/8 b - - 40 128', 'move1': Move.from_uci('c2c3')}
{'state': '2R5/R2Pk2p/5pp1/8/8/2K3q1/8/8 w - - 41 129', 'move2': Move.from_uci('f2g3')}
{'state': '2R5/R2Pk2p/5pp1/8/2K5/6q1/8/8 b - - 42 129', 'move1': Move.from_uci('c3c4')}
{'state': '2R5/R2Pk2p/5pp1/8/2K3q1/8/8/8 w - - 43 130', 'move2': Move.from_uci('g3g4')}
{'state': '2R5/R2Pk2p/5pp1/8/6q1/3K4/8/8 b - - 44 130', 'move1': Move.from_uci('c4d3')}
{'state': '2R5/R2Pk2p/5pp1/8/8/3K4/8/3q4 w - - 45 131', 'move2': Move.from_uci('g4d1')}
{'state': '2R5/R2Pk2p/5pp1/8/8/2K5/8/3q4 b - - 46 131', 'move1': Move.from_uci('d3c3')}
{'state': '2R5/R2Pk2p/5pp1/8/8/2K5/8/2q5 w - - 47 132', 'move2': Move.from_uci('d1c1')}
{'state': '2R5/R2Pk2p/5pp1/8/1K6/8/8/2q5 b - - 48 132', 'move1': Move.from_uci('c3b4')}
{'state': '2R5/R2Pk2p/5pp1/8/1K3q2/8/8/8 w - - 49 133', 'move2': Move.from_uci('c1f4')}
{'state': '2R5/R2Pk2p/5pp1/1K6/5q2/8/8/8 b - - 50 133', 'move1': Move.from_uci('b4b5')}
{'state': '2R5/R2Pk2p/5pp1/1K2q3/8/8/8/8 w - - 51 134', 'move2': Move.from_uci('f4e5')}
{'state': '2R5/R2Pk2p/5pp1/4q3/2K5/8/8/8 b - - 52 134', 'move1': Move.from_uci('b5c4')}
{'state': '2R5/R2Pk2p/5pp1/8/2K2q2/8/8/8 w - - 53 135', 'move2': Move.from_uci('e5f4')}
{'state': '2R5/R2Pk2p/5pp1/8/5q2/3K4/8/8 b - - 54 135', 'move1': Move.from_uci('c4d3')}
{'state': '2R5/R2Pk2p/3q1pp1/8/8/3K4/8/8 w - - 55 136', 'move2': Move.from_uci('f4d6')}
{'state': '2R5/R2Pk2p/3q1pp1/8/8/8/2K5/8 b - - 56 136', 'move1': Move.from_uci('d3c2')}
{'state': '2R5/R2Pk2p/5pp1/8/8/8/2K4q/8 w - - 57 137', 'move2': Move.from_uci('d6h2')}
{'state': '2R5/R2Pk2p/5pp1/8/8/3K4/7q/8 b - - 58 137', 'move1': Move.from_uci('c2d3')}
{'state': '2R5/R2Pk2p/5pp1/8/8/3K2q1/8/8 w - - 59 138', 'move2': Move.from_uci('h2g3')}
{'state': '2R5/R2Pk2p/5pp1/8/8/6q1/3K4/8 b - - 60 138', 'move1': Move.from_uci('d3d2')}
{'state': '2R5/R2Pk2p/3q1pp1/8/8/8/3K4/8 w - - 61 139', 'move2': Move.from_uci('g3d6')}
{'state': '2R5/R2Pk2p/3q1pp1/8/8/8/2K5/8 b - - 62 139', 'move1': Move.from_uci('d2c2')}
{'state': '2R5/R2Pk2p/5pp1/8/8/8/2K4q/8 w - - 63 140', 'move2': Move.from_uci('d6h2')}
{'state': '2R5/R2Pk2p/5pp1/8/8/2K5/7q/8 b - - 64 140', 'move1': Move.from_uci('c2c3')}
{'state': '2R5/R2Pk2p/5pp1/8/8/2K3q1/8/8 w - - 65 141', 'move2': Move.from_uci('h2g3')}
{'state': '2R5/R2Pk2p/5pp1/8/8/6q1/2K5/8 b - - 66 141', 'move1': Move.from_uci('c3c2')}
{'state': '2R5/R2Pk2p/5pp1/8/8/8/2K4q/8 w - - 67 142', 'move2': Move.from_uci('g3h2')}
{'state': '2R5/R2Pk2p/5pp1/8/8/3K4/7q/8 b - - 68 142', 'move1': Move.from_uci('c2d3')}
{'state': '2R5/R2Pk2p/5pp1/8/8/3K2q1/8/8 w - - 69 143', 'move2': Move.from_uci('h2g3')}
{'state': '2R5/R2Pk2p/5pp1/8/2K5/6q1/8/8 b - - 70 143', 'move1': Move.from_uci('d3c4')}
{'state': '2R5/R2Pk2p/5pp1/8/2K2q2/8/8/8 w - - 71 144', 'move2': Move.from_uci('g3f4')}
{'state': '2R5/R2Pk2p/5pp1/8/5q2/3K4/8/8 b - - 72 144', 'move1': Move.from_uci('c4d3')}
{'state': '2R5/R2Pk2p/5pp1/8/8/3K2q1/8/8 w - - 73 145', 'move2': Move.from_uci('f4g3')}
{'state': '2R5/R2Pk2p/5pp1/8/2K5/6q1/8/8 b - - 74 145', 'move1': Move.from_uci('d3c4')}
{'state': '2R5/R2Pk2p/5pp1/8/2K2q2/8/8/8 w - - 75 146', 'move2': Move.from_uci('g3f4')}
{'state': '2R5/R2Pk2p/5pp1/8/5q2/3K4/8/8 b - - 76 146', 'move1': Move.from_uci('c4d3')}
{'state': '2R5/R2Pk2p/5pp1/8/8/3K2q1/8/8 w - - 77 147', 'move2': Move.from_uci('f4g3')}
{'state': '2R5/R2Pk2p/5pp1/8/2K5/6q1/8/8 b - - 78 147', 'move1': Move.from_uci('d3c4')}
{'state': '2R5/R2Pk2p/5pp1/8/2K2q2/8/8/8 w - - 79 148', 'move2': Move.from_uci('g3f4')}
{'state': '2R5/R2Pk2p/5pp1/8/5q2/3K4/8/8 b - - 80 148', 'move1': Move.from_uci('c4d3')}
{'state': '2R5/R2Pk2p/5pp1/8/8/3K2q1/8/8 w - - 81 149', 'move2': Move.from_uci('f4g3')}
{'state': '2R5/R2Pk2p/5pp1/8/2K5/6q1/8/8 b - - 82 149', 'move1': Move.from_uci('d3c4')}
{'state': '2R5/R2Pk2p/5pp1/8/2K2q2/8/8/8 w - - 83 150', 'move2': Move.from_uci('g3f4')}
{'state': '2R5/R2Pk2p/5pp1/8/5q2/1K6/8/8 b - - 84 150', 'move1': Move.from_uci('c4b3')}
{'state': '2R5/R2Pk2p/5pp1/8/8/1K2q3/8/8 w - - 85 151', 'move2': Move.from_uci('f4e3')}
{'state': '2R5/R2Pk2p/5pp1/8/8/4q3/2K5/8 b - - 86 151', 'move1': Move.from_uci('b3c2')}
{'state': '2R5/R2Pk2p/5pp1/8/8/8/2K1q3/8 w - - 87 152', 'move2': Move.from_uci('e3e2')}
{'state': '2R5/R2Pk2p/5pp1/8/8/2K5/4q3/8 b - - 88 152', 'move1': Move.from_uci('c2c3')}
{'state': '2R5/R2Pk2p/5pp1/4q3/8/2K5/8/8 w - - 89 153', 'move2': Move.from_uci('e2e5')}
{'state': '2R5/R2Pk2p/5pp1/4q3/8/8/3K4/8 b - - 90 153', 'move1': Move.from_uci('c3d2')}
{'state': '2R5/R2Pk2p/5pp1/8/5q2/8/3K4/8 w - - 91 154', 'move2': Move.from_uci('e5f4')}
{'state': '2R5/R2Pk2p/5pp1/8/5q2/8/4K3/8 b - - 92 154', 'move1': Move.from_uci('d2e2')}
{'state': '2R5/R2Pk2p/5pp1/8/4q3/8/4K3/8 w - - 93 155', 'move2': Move.from_uci('f4e4')}
{'state': '2R5/R2Pk2p/5pp1/8/4q3/8/8/5K2 b - - 94 155', 'move1': Move.from_uci('e2f1')}
{'state': '2R5/R2Pk2p/5pp1/8/8/5q2/8/5K2 w - - 95 156', 'move2': Move.from_uci('e4f3')}
{'state': '2R5/R2Pk2p/5pp1/8/8/5q2/8/6K1 b - - 96 156', 'move1': Move.from_uci('f1g1')}
{'state': '2R5/R2Pk2p/5pp1/8/8/4q3/8/6K1 w - - 97 157', 'move2': Move.from_uci('f3e3')}
{'state': '2R5/R2Pk2p/5pp1/8/8/4q3/6K1/8 b - - 98 157', 'move1': Move.from_uci('g1g2')}
{'state': '2R5/R2Pk2p/5pp1/8/8/8/3q2K1/8 w - - 99 158', 'move2': Move.from_uci('e3d2')}
{'state': '2R5/R2Pk2p/5pp1/8/8/6K1/3q4/8 b - - 100 158', 'move1': Move.from_uci('g2g3')}
{'state': '2R5/R2P1k1p/5pp1/8/8/6K1/3q4/8 w - - 101 159', 'move2': Move.from_uci('e7f7')}
{'state': '2RN4/R4k1p/5pp1/8/8/6K1/3q4/8 b - - 0 159', 'move1': Move.from_uci('d7d8n')}
{'state': '2RN2k1/R6p/5pp1/8/8/6K1/3q4/8 w - - 1 160', 'move2': Move.from_uci('f7g8')}
{'state': '2R3k1/R6p/2N2pp1/8/8/6K1/3q4/8 b - - 2 160', 'move1': Move.from_uci('d8c6')}
{'state': '2Rq2k1/R6p/2N2pp1/8/8/6K1/8/8 w - - 3 161', 'move2': Move.from_uci('d2d8')}
{'state': '3R2k1/R6p/2N2pp1/8/8/6K1/8/8 b - - 0 161', 'move1': Move.from_uci('c8d8')}
END OF GAME, AGENT 3 (Winner.WHITE) won
{'state': 'rnbqkbnr/pppppppp/8/8/4P3/8/PPPP1PPP/RNBQKBNR b KQkq - 0 1', 'move1': Move.from_uci('e2e4')}
{'state': 'rnbqkbnr/pp1ppppp/2p5/8/4P3/8/PPPP1PPP/RNBQKBNR w KQkq - 0 2', 'move2': Move.from_uci('c7c6')}
{'state': 'rnbqkbnr/pp1ppppp/2p5/8/3PP3/8/PPP2PPP/RNBQKBNR b KQkq - 0 2', 'move1': Move.from_uci('d2d4')}
{'state': 'rnbqkbnr/pp2pppp/2p5/3p4/3PP3/8/PPP2PPP/RNBQKBNR w KQkq - 0 3', 'move2': Move.from_uci('d7d5')}
{'state': 'rnbqkbnr/pp2pppp/2p5/3p4/3PP3/2N5/PPP2PPP/R1BQKBNR b KQkq - 1 3', 'move1': Move.from_uci('b1c3')}
{'state': 'rnbqkbnr/pp2pppp/2p5/8/3Pp3/2N5/PPP2PPP/R1BQKBNR w KQkq - 0 4', 'move2': Move.from_uci('d5e4')}
{'state': 'rnbqkbnr/pp2pppp/2p5/8/3PN3/8/PPP2PPP/R1BQKBNR b KQkq - 0 4', 'move1': Move.from_uci('c3e4')}
{'state': 'rnbqkb1r/pp2pppp/2p2n2/8/3PN3/8/PPP2PPP/R1BQKBNR w KQkq - 1 5', 'move2': Move.from_uci('g8f6')}
{'state': 'rnbqkb1r/pp2pppp/2p2N2/8/3P4/8/PPP2PPP/R1BQKBNR b KQkq - 0 5', 'move1': Move.from_uci('e4f6')}
{'state': 'rnbqkb1r/pp3ppp/2p2p2/8/3P4/8/PPP2PPP/R1BQKBNR w KQkq - 0 6', 'move2': Move.from_uci('e7f6')}
{'state': 'rnbqkb1r/pp3ppp/2p2p2/8/3P4/5N2/PPP2PPP/R1BQKB1R b KQkq - 1 6', 'move1': Move.from_uci('g1f3')}
{'state': 'rn1qkb1r/pp3ppp/2p1bp2/8/3P4/5N2/PPP2PPP/R1BQKB1R w KQkq - 2 7', 'move2': Move.from_uci('c8e6')}
{'state': 'rn1qkb1r/pp3ppp/2p1bp2/8/3P4/3B1N2/PPP2PPP/R1BQK2R b KQkq - 3 7', 'move1': Move.from_uci('f1d3')}
{'state': 'rn1qkb1r/pp3ppp/4bp2/2p5/3P4/3B1N2/PPP2PPP/R1BQK2R w KQkq - 0 8', 'move2': Move.from_uci('c6c5')}
{'state': 'rn1qkb1r/pp3ppp/4bp2/2p5/3P4/3B1N2/PPP2PPP/R1BQ1RK1 b kq - 1 8', 'move1': Move.from_uci('e1g1')}
{'state': 'r2qkb1r/pp3ppp/2n1bp2/2p5/3P4/3B1N2/PPP2PPP/R1BQ1RK1 w kq - 2 9', 'move2': Move.from_uci('b8c6')}
{'state': 'r2qkb1r/pp3ppp/2n1bp2/2p5/3P4/3BBN2/PPP2PPP/R2Q1RK1 b kq - 3 9', 'move1': Move.from_uci('c1e3')}
{'state': 'r2qkb1r/pp3ppp/2n1bp2/8/3p4/3BBN2/PPP2PPP/R2Q1RK1 w kq - 0 10', 'move2': Move.from_uci('c5d4')}
{'state': 'r2qkb1r/pp3ppp/2n1bp2/8/3N4/3BB3/PPP2PPP/R2Q1RK1 b kq - 0 10', 'move1': Move.from_uci('f3d4')}
{'state': 'r2qkb1r/pp3ppp/4bp2/8/3n4/3BB3/PPP2PPP/R2Q1RK1 w kq - 0 11', 'move2': Move.from_uci('c6d4')}
{'state': 'r2qkb1r/pp3ppp/4bp2/8/3B4/3B4/PPP2PPP/R2Q1RK1 b kq - 0 11', 'move1': Move.from_uci('e3d4')}
{'state': 'r2qk2r/pp3ppp/3bbp2/8/3B4/3B4/PPP2PPP/R2Q1RK1 w kq - 1 12', 'move2': Move.from_uci('f8d6')}
{'state': 'r2qk2r/pp3ppp/3bbp2/1B6/3B4/8/PPP2PPP/R2Q1RK1 b kq - 2 12', 'move1': Move.from_uci('d3b5')}
{'state': 'r2q1k1r/pp3ppp/3bbp2/1B6/3B4/8/PPP2PPP/R2Q1RK1 w - - 3 13', 'move2': Move.from_uci('e8f8')}
{'state': 'r2q1k1r/pp3ppp/3bbp2/1B6/3B4/7P/PPP2PP1/R2Q1RK1 b - - 0 13', 'move1': Move.from_uci('h2h3')}
{'state': 'r4k1r/ppq2ppp/3bbp2/1B6/3B4/7P/PPP2PP1/R2Q1RK1 w - - 1 14', 'move2': Move.from_uci('d8c7')}
{'state': 'r4k1r/ppq2ppp/3bbp2/1B6/3B4/5Q1P/PPP2PP1/R4RK1 b - - 2 14', 'move1': Move.from_uci('d1f3')}
{'state': 'r4k1r/1pq2ppp/p2bbp2/1B6/3B4/5Q1P/PPP2PP1/R4RK1 w - - 0 15', 'move2': Move.from_uci('a7a6')}
{'state': 'r4k1r/1pq2ppp/p2bbp2/8/B2B4/5Q1P/PPP2PP1/R4RK1 b - - 1 15', 'move1': Move.from_uci('b5a4')}
{'state': 'r4k1r/1pq2pp1/p2bbp2/7p/B2B4/5Q1P/PPP2PP1/R4RK1 w - - 0 16', 'move2': Move.from_uci('h7h5')}
{'state': 'r4k1r/1pq2pp1/p2bbp2/7p/B2B4/5Q1P/PPP2PP1/R2R2K1 b - - 1 16', 'move1': Move.from_uci('f1d1')}
{'state': '2r2k1r/1pq2pp1/p2bbp2/7p/B2B4/5Q1P/PPP2PP1/R2R2K1 w - - 2 17', 'move2': Move.from_uci('a8c8')}
{'state': '2r2k1r/1pq2pp1/p2bbp2/7p/B2B4/3R1Q1P/PPP2PP1/R5K1 b - - 3 17', 'move1': Move.from_uci('d1d3')}
{'state': '2r2k1r/1pq2pp1/p2b1p2/7p/B1bB4/3R1Q1P/PPP2PP1/R5K1 w - - 4 18', 'move2': Move.from_uci('e6c4')}
{'state': '2r2k1r/1pq2pp1/p2b1p2/7p/B1bB4/4RQ1P/PPP2PP1/R5K1 b - - 5 18', 'move1': Move.from_uci('d3e3')}
{'state': '2r2k1r/1pq2pp1/p4p2/7p/B1bB1b2/4RQ1P/PPP2PP1/R5K1 w - - 6 19', 'move2': Move.from_uci('d6f4')}
{'state': '2r2k1r/1pq2pp1/p4p2/7p/B1bBRb2/5Q1P/PPP2PP1/R5K1 b - - 7 19', 'move1': Move.from_uci('e3e4')}
{'state': '2r2k1r/1pq2pp1/p4p2/7p/B1bBR3/5Q1P/PPP2PPb/R5K1 w - - 8 20', 'move2': Move.from_uci('f4h2')}
{'state': '2r2k1r/1pq2pp1/p4p2/7p/B1bBR3/5Q1P/PPP2PPb/R6K b - - 9 20', 'move1': Move.from_uci('g1h1')}
{'state': '2r2k1r/1pq2pp1/p2b1p2/7p/B1bBR3/5Q1P/PPP2PP1/R6K w - - 10 21', 'move2': Move.from_uci('h2d6')}
{'state': '2r2k1r/1pq2pp1/p2b1p2/7p/B1bBR3/5Q1P/PPP2PP1/4R2K b - - 11 21', 'move1': Move.from_uci('a1e1')}
{'state': '2r2k1r/2q2pp1/p2b1p2/1p5p/B1bBR3/5Q1P/PPP2PP1/4R2K w - - 0 22', 'move2': Move.from_uci('b7b5')}
{'state': '2r2k1r/2q2pp1/p2b1p2/1p5p/2bBR3/1B3Q1P/PPP2PP1/4R2K b - - 1 22', 'move1': Move.from_uci('a4b3')}
{'state': '2r2k1r/2q2pp1/p2b1p2/1p5p/3BR3/1b3Q1P/PPP2PP1/4R2K w - - 0 23', 'move2': Move.from_uci('c4b3')}
{'state': '2r2k1r/2q2pp1/p2b1p2/1p5p/3BR3/1P3Q1P/1PP2PP1/4R2K b - - 0 23', 'move1': Move.from_uci('a2b3')}
{'state': '2r2k1r/5pp1/p1qb1p2/1p5p/3BR3/1P3Q1P/1PP2PP1/4R2K w - - 1 24', 'move2': Move.from_uci('c7c6')}
{'state': '2r2k1r/5pp1/p1qb1p2/1p5p/2PBR3/1P3Q1P/1P3PP1/4R2K b - - 0 24', 'move1': Move.from_uci('c2c4')}
{'state': '2r2k1r/5pp1/p1qb1p2/7p/2pBR3/1P3Q1P/1P3PP1/4R2K w - - 0 25', 'move2': Move.from_uci('b5c4')}
{'state': '2r2k1r/5pp1/p1qb1p2/7p/2PBR3/5Q1P/1P3PP1/4R2K b - - 0 25', 'move1': Move.from_uci('b3c4')}
{'state': '2r2k1r/5pp1/p2b1p2/7p/2qBR3/5Q1P/1P3PP1/4R2K w - - 0 26', 'move2': Move.from_uci('c6c4')}
{'state': '2r2k1r/5pp1/p2b1B2/7p/2q1R3/5Q1P/1P3PP1/4R2K b - - 0 26', 'move1': Move.from_uci('d4f6')}
{'state': '2r2k1r/5pp1/p1qb1B2/7p/4R3/5Q1P/1P3PP1/4R2K w - - 1 27', 'move2': Move.from_uci('c4c6')}
{'state': '2r2k1r/5pp1/p1qb4/6Bp/4R3/5Q1P/1P3PP1/4R2K b - - 2 27', 'move1': Move.from_uci('f6g5')}
{'state': '2r3kr/5pp1/p1qb4/6Bp/4R3/5Q1P/1P3PP1/4R2K w - - 3 28', 'move2': Move.from_uci('f8g8')}
{'state': '2r3kr/5pp1/p1qb4/6Bp/4R3/5Q1P/1P3PP1/4R1K1 b - - 4 28', 'move1': Move.from_uci('h1g1')}
{'state': '2r3kr/5pp1/p2b4/1q4Bp/4R3/5Q1P/1P3PP1/4R1K1 w - - 5 29', 'move2': Move.from_uci('c6b5')}
{'state': '2r3kr/5pp1/p2b4/1q4Bp/4R2P/5Q2/1P3PP1/4R1K1 b - - 0 29', 'move1': Move.from_uci('h3h4')}
{'state': '1r4kr/5pp1/p2b4/1q4Bp/4R2P/5Q2/1P3PP1/4R1K1 w - - 1 30', 'move2': Move.from_uci('c8b8')}
{'state': '1r4kr/5pp1/p2b4/1q4Bp/3R3P/5Q2/1P3PP1/4R1K1 b - - 2 30', 'move1': Move.from_uci('e4d4')}
{'state': '1r3bkr/5pp1/p7/1q4Bp/3R3P/5Q2/1P3PP1/4R1K1 w - - 3 31', 'move2': Move.from_uci('d6f8')}
{'state': '1r3bkr/5pp1/p7/1q4Bp/3R3P/5Q2/1P3PP1/3R2K1 b - - 4 31', 'move1': Move.from_uci('e1d1')}
{'state': '1r3bkr/5pp1/p7/6Bp/3R3P/5Q2/1q3PP1/3R2K1 w - - 0 32', 'move2': Move.from_uci('b5b2')}
{'state': '1r1R1bkr/5pp1/p7/6Bp/7P/5Q2/1q3PP1/3R2K1 b - - 1 32', 'move1': Move.from_uci('d4d8')}
{'state': '3r1bkr/5pp1/p7/6Bp/7P/5Q2/1q3PP1/3R2K1 w - - 0 33', 'move2': Move.from_uci('b8d8')}
{'state': '3R1bkr/5pp1/p7/6Bp/7P/5Q2/1q3PP1/6K1 b - - 0 33', 'move1': Move.from_uci('d1d8')}
{'state': '3R1bkr/5pp1/p7/6Bp/7P/5Q2/5PP1/q5K1 w - - 1 34', 'move2': Move.from_uci('b2a1')}
{'state': '3R1bkr/5pp1/p7/6Bp/7P/5Q2/5PPK/q7 b - - 2 34', 'move1': Move.from_uci('g1h2')}
{'state': '3R1bkr/5pp1/p7/4q1Bp/7P/5Q2/5PPK/8 w - - 3 35', 'move2': Move.from_uci('a1e5')}
{'state': '3R1bkr/5pp1/p7/4q1Bp/7P/5QP1/5P1K/8 b - - 0 35', 'move1': Move.from_uci('g2g3')}
{'state': '3R1bkr/6p1/p4p2/4q1Bp/7P/5QP1/5P1K/8 w - - 0 36', 'move2': Move.from_uci('f7f6')}
{'state': '3R1bkr/6p1/p4p2/4q2p/5B1P/5QP1/5P1K/8 b - - 1 36', 'move1': Move.from_uci('g5f4')}
{'state': '3R1bkr/4q1p1/p4p2/7p/5B1P/5QP1/5P1K/8 w - - 2 37', 'move2': Move.from_uci('e5e7')}
{'state': '3R1bkr/4q1p1/p4p2/3Q3p/5B1P/6P1/5P1K/8 b - - 3 37', 'move1': Move.from_uci('f3d5')}
{'state': '3R1bkr/5qp1/p4p2/3Q3p/5B1P/6P1/5P1K/8 w - - 4 38', 'move2': Move.from_uci('e7f7')}
{'state': '3R1bkr/5qp1/p4p2/5Q1p/5B1P/6P1/5P1K/8 b - - 5 38', 'move1': Move.from_uci('d5f5')}
{'state': '3R1bkr/5q2/p4pp1/5Q1p/5B1P/6P1/5P1K/8 w - - 0 39', 'move2': Move.from_uci('g7g6')}
{'state': '2QR1bkr/5q2/p4pp1/7p/5B1P/6P1/5P1K/8 b - - 1 39', 'move1': Move.from_uci('f5c8')}
{'state': '2QR1b1r/5qk1/p4pp1/7p/5B1P/6P1/5P1K/8 w - - 2 40', 'move2': Move.from_uci('g8g7')}
{'state': '2Q2b1r/3R1qk1/p4pp1/7p/5B1P/6P1/5P1K/8 b - - 3 40', 'move1': Move.from_uci('d8d7')}
{'state': '2Q4r/3Rbqk1/p4pp1/7p/5B1P/6P1/5P1K/8 w - - 4 41', 'move2': Move.from_uci('f8e7')}
{'state': '7r/2QRbqk1/p4pp1/7p/5B1P/6P1/5P1K/8 b - - 5 41', 'move1': Move.from_uci('c8c7')}
{'state': '4r3/2QRbqk1/p4pp1/7p/5B1P/6P1/5P1K/8 w - - 6 42', 'move2': Move.from_uci('h8e8')}
{'state': '4r3/2QRbqk1/p2B1pp1/7p/7P/6P1/5P1K/8 b - - 7 42', 'move1': Move.from_uci('f4d6')}
{'state': '4rk2/2QRbq2/p2B1pp1/7p/7P/6P1/5P1K/8 w - - 8 43', 'move2': Move.from_uci('g7f8')}
{'state': '4rk2/2Q1Rq2/p2B1pp1/7p/7P/6P1/5P1K/8 b - - 0 43', 'move1': Move.from_uci('d7e7')}
{'state': '5k2/2Q1rq2/p2B1pp1/7p/7P/6P1/5P1K/8 w - - 0 44', 'move2': Move.from_uci('e8e7')}
{'state': '3Q1k2/4rq2/p2B1pp1/7p/7P/6P1/5P1K/8 b - - 1 44', 'move1': Move.from_uci('c7d8')}
{'state': '3Q4/4rqk1/p2B1pp1/7p/7P/6P1/5P1K/8 w - - 2 45', 'move2': Move.from_uci('f8g7')}
{'state': '3Q4/4Bqk1/p4pp1/7p/7P/6P1/5P1K/8 b - - 0 45', 'move1': Move.from_uci('d6e7')}
{'state': '3Q4/4Bqk1/5pp1/p6p/7P/6P1/5P1K/8 w - - 0 46', 'move2': Move.from_uci('a6a5')}
{'state': '3Q4/5qk1/5pp1/p6p/7P/B5P1/5P1K/8 b - - 1 46', 'move1': Move.from_uci('e7a3')}
{'state': '3Q4/5qk1/5pp1/7p/p6P/B5P1/5P1K/8 w - - 0 47', 'move2': Move.from_uci('a5a4')}
{'state': '8/5qk1/5pp1/7p/p2Q3P/B5P1/5P1K/8 b - - 1 47', 'move1': Move.from_uci('d8d4')}
{'state': '8/5q1k/5pp1/7p/p2Q3P/B5P1/5P1K/8 w - - 2 48', 'move2': Move.from_uci('g7h7')}
{'state': '8/5q1k/5pp1/7p/Q6P/B5P1/5P1K/8 b - - 0 48', 'move1': Move.from_uci('d4a4')}
{'state': '8/5q1k/5p2/6pp/Q6P/B5P1/5P1K/8 w - - 0 49', 'move2': Move.from_uci('g6g5')}
{'state': '8/5q1k/5p2/6pp/7P/B5P1/2Q2P1K/8 b - - 1 49', 'move1': Move.from_uci('a4c2')}
{'state': '8/7k/5pq1/6pp/7P/B5P1/2Q2P1K/8 w - - 2 50', 'move2': Move.from_uci('f7g6')}
{'state': '8/2Q4k/5pq1/6pp/7P/B5P1/5P1K/8 b - - 3 50', 'move1': Move.from_uci('c2c7')}
{'state': '7k/2Q5/5pq1/6pp/7P/B5P1/5P1K/8 w - - 4 51', 'move2': Move.from_uci('h7h8')}
{'state': '7k/2Q5/5pq1/6Pp/8/B5P1/5P1K/8 b - - 0 51', 'move1': Move.from_uci('h4g5')}
{'state': '7k/2Q5/5p2/6qp/8/B5P1/5P1K/8 w - - 0 52', 'move2': Move.from_uci('g6g5')}
{'state': '3Q3k/8/5p2/6qp/8/B5P1/5P1K/8 b - - 1 52', 'move1': Move.from_uci('c7d8')}
{'state': '3Q4/7k/5p2/6qp/8/B5P1/5P1K/8 w - - 2 53', 'move2': Move.from_uci('h8h7')}
{'state': '8/4Q2k/5p2/6qp/8/B5P1/5P1K/8 b - - 3 53', 'move1': Move.from_uci('d8e7')}
{'state': '8/4Q1qk/5p2/7p/8/B5P1/5P1K/8 w - - 4 54', 'move2': Move.from_uci('g5g7')}
{'state': '8/6Qk/5p2/7p/8/B5P1/5P1K/8 b - - 0 54', 'move1': Move.from_uci('e7g7')}
{'state': '8/6k1/5p2/7p/8/B5P1/5P1K/8 w - - 0 55', 'move2': Move.from_uci('h7g7')}
{'state': '8/6k1/5p2/7p/8/B5PK/5P2/8 b - - 1 55', 'move1': Move.from_uci('h2h3')}
{'state': '8/6k1/8/5p1p/8/B5PK/5P2/8 w - - 0 56', 'move2': Move.from_uci('f6f5')}
{'state': '8/6k1/8/5p1p/7K/B5P1/5P2/8 b - - 1 56', 'move1': Move.from_uci('h3h4')}
{'state': '8/8/7k/5p1p/7K/B5P1/5P2/8 w - - 2 57', 'move2': Move.from_uci('g7h6')}
{'state': '8/8/7k/5p1p/7K/6P1/5P2/2B5 b - - 3 57', 'move1': Move.from_uci('a3c1')}
{'state': '8/8/7k/7p/5p1K/6P1/5P2/2B5 w - - 0 58', 'move2': Move.from_uci('f5f4')}
{'state': '8/8/7k/7p/5B1K/6P1/5P2/8 b - - 0 58', 'move1': Move.from_uci('c1f4')}
{'state': '8/8/6k1/7p/5B1K/6P1/5P2/8 w - - 1 59', 'move2': Move.from_uci('h6g6')}
{'state': '8/8/6k1/7p/7K/6P1/3B1P2/8 b - - 2 59', 'move1': Move.from_uci('f4d2')}
{'state': '8/8/8/5k1p/7K/6P1/3B1P2/8 w - - 3 60', 'move2': Move.from_uci('g6f5')}
{'state': '8/8/8/5k1K/8/6P1/3B1P2/8 b - - 0 60', 'move1': Move.from_uci('h4h5')}
{'state': '8/8/8/7K/4k3/6P1/3B1P2/8 w - - 1 61', 'move2': Move.from_uci('f5e4')}
{'state': '8/8/8/7K/4k1P1/8/3B1P2/8 b - - 0 61', 'move1': Move.from_uci('g3g4')}
{'state': '8/8/8/4k2K/6P1/8/3B1P2/8 w - - 1 62', 'move2': Move.from_uci('e4e5')}
{'state': '8/8/8/4k1PK/8/8/3B1P2/8 b - - 0 62', 'move1': Move.from_uci('g4g5')}
{'state': '8/8/4k3/6PK/8/8/3B1P2/8 w - - 1 63', 'move2': Move.from_uci('e5e6')}
{'state': '8/8/4k1P1/7K/8/8/3B1P2/8 b - - 0 63', 'move1': Move.from_uci('g5g6')}
{'state': '8/4k3/6P1/7K/8/8/3B1P2/8 w - - 1 64', 'move2': Move.from_uci('e6e7')}
{'state': '8/4k3/6P1/6K1/8/8/3B1P2/8 b - - 2 64', 'move1': Move.from_uci('h5g5')}
{'state': '8/8/4k1P1/6K1/8/8/3B1P2/8 w - - 3 65', 'move2': Move.from_uci('e7e6')}
{'state': '8/8/4k1P1/6K1/8/4B3/5P2/8 b - - 4 65', 'move1': Move.from_uci('d2e3')}
{'state': '8/4k3/6P1/6K1/8/4B3/5P2/8 w - - 5 66', 'move2': Move.from_uci('e6e7')}
{'state': '8/4k1P1/8/6K1/8/4B3/5P2/8 b - - 0 66', 'move1': Move.from_uci('g6g7')}
{'state': '8/5kP1/8/6K1/8/4B3/5P2/8 w - - 1 67', 'move2': Move.from_uci('e7f7')}
{'state': '8/5kP1/8/6K1/3B4/8/5P2/8 b - - 2 67', 'move1': Move.from_uci('e3d4')}
{'state': '8/6P1/4k3/6K1/3B4/8/5P2/8 w - - 3 68', 'move2': Move.from_uci('f7e6')}
{'state': '6Q1/8/4k3/6K1/3B4/8/5P2/8 b - - 0 68', 'move1': Move.from_uci('g7g8q')}
{'state': '6Q1/8/3k4/6K1/3B4/8/5P2/8 w - - 1 69', 'move2': Move.from_uci('e6d6')}
{'state': '2Q5/8/3k4/6K1/3B4/8/5P2/8 b - - 2 69', 'move1': Move.from_uci('g8c8')}
{'state': '2Q5/8/8/3k2K1/3B4/8/5P2/8 w - - 3 70', 'move2': Move.from_uci('d6d5')}
{'state': '2Q5/8/8/3k2K1/8/4B3/5P2/8 b - - 4 70', 'move1': Move.from_uci('d4e3')}
{'state': '2Q5/8/3k4/6K1/8/4B3/5P2/8 w - - 5 71', 'move2': Move.from_uci('d5d6')}
{'state': '2Q5/8/3k1K2/8/8/4B3/5P2/8 b - - 6 71', 'move1': Move.from_uci('g5f6')}
{'state': '2Q5/8/5K2/3k4/8/4B3/5P2/8 w - - 7 72', 'move2': Move.from_uci('d6d5')}
{'state': '8/8/4QK2/3k4/8/4B3/5P2/8 b - - 8 72', 'move1': Move.from_uci('c8e6')}
END OF GAME, AGENT 3 (Winner.WHITE) won
