00:01:25:INFO:[game_play]:GAME OVER: 2 as white, 2 as black, 2 won
 EXECUTION: 1055.6873381137848 seconds
00:01:28:INFO:[game_play]:Game Started: 2 as white, 2 as black
00:49:22:INFO:[game_play]:GAME OVER: 2 as white, 2 as black, 2 won
 EXECUTION: 2873.7675569057465 seconds
00:49:26:INFO:[game_play]:Game Started: 2 as white, 2 as black
00:55:49:INFO:[game_play]:GAME OVER: 2 as white, 2 as black, 2 won
 EXECUTION: 382.675133228302 seconds
00:55:53:INFO:[game_play]:Game Started: 2 as white, 2 as black
01:07:02:INFO:[game_play]:GAME OVER: 2 as white, 2 as black, 2 won
 EXECUTION: 669.1191637516022 seconds
01:07:07:INFO:[game_play]:Game Started: 2 as white, 2 as black
01:40:20:INFO:[game_play]:GAME OVER: 2 as white, 2 as black, 2 won
 EXECUTION: 1993.5641603469849 seconds
01:40:25:INFO:[game_play]:Game Started: 2 as white, 2 as black
02:21:33:INFO:[game_play]:GAME OVER: 2 as white, 2 as black, 2 won
 EXECUTION: 2468.5275247097015 seconds
02:21:38:INFO:[game_play]:Game Started: 2 as white, 2 as black
10:54:35:INFO:[train_sess]:Session type 1 started Stockfish and Alphabeta iterative Play
10:55:27:INFO:[train_sess]:Session type 1 started Stockfish and Alphabeta iterative Play
10:57:53:INFO:[train_sess]:Session type 1 started Stockfish and Alphabeta iterative Play
10:57:53:INFO:[game_play]:Game Started: 1 as white, 3 as black
11:10:20:INFO:[game_play]:GAME OVER: 1 as white, 3 as black, 3 won
 EXECUTION: 746.5779647827148 seconds
11:10:25:INFO:[game_play]:Game Started: 3 as white, 1 as black
11:14:09:INFO:[game_play]:GAME OVER: 3 as white, 1 as black, 3 won
 EXECUTION: 223.72498750686646 seconds
11:14:14:INFO:[game_play]:Game Started: 1 as white, 3 as black
11:27:11:INFO:[game_play]:GAME OVER: 1 as white, 3 as black, 3 won
 EXECUTION: 777.4285595417023 seconds
11:27:16:INFO:[game_play]:Game Started: 3 as white, 1 as black
11:31:12:INFO:[game_play]:GAME OVER: 3 as white, 1 as black, 3 won
 EXECUTION: 235.69836568832397 seconds
11:31:17:INFO:[game_play]:Game Started: 1 as white, 3 as black
11:43:33:INFO:[game_play]:GAME OVER: 1 as white, 3 as black, 3 won
 EXECUTION: 736.1569278240204 seconds
11:43:39:INFO:[game_play]:Game Started: 3 as white, 1 as black
11:47:13:INFO:[game_play]:GAME OVER: 3 as white, 1 as black, 3 won
 EXECUTION: 213.98230934143066 seconds
11:47:18:INFO:[game_play]:Game Started: 1 as white, 3 as black
11:53:28:INFO:[game_play]:GAME OVER: 1 as white, 3 as black, 3 won
 EXECUTION: 370.1427192687988 seconds
11:53:33:INFO:[game_play]:Game Started: 3 as white, 1 as black
11:57:07:INFO:[game_play]:GAME OVER: 3 as white, 1 as black, 3 won
 EXECUTION: 213.99355578422546 seconds
11:57:13:INFO:[game_play]:Game Started: 1 as white, 3 as black
12:12:59:INFO:[game_play]:GAME OVER: 1 as white, 3 as black, 3 won
 EXECUTION: 946.2634515762329 seconds
12:13:04:INFO:[game_play]:Game Started: 3 as white, 1 as black
12:17:22:INFO:[game_play]:GAME OVER: 3 as white, 1 as black, 3 won
 EXECUTION: 257.90889596939087 seconds
12:17:28:INFO:[game_play]:Game Started: 1 as white, 3 as black
12:27:34:INFO:[game_play]:GAME OVER: 1 as white, 3 as black, 3 won
 EXECUTION: 606.3649673461914 seconds
12:27:39:INFO:[game_play]:Game Started: 3 as white, 1 as black
12:31:28:INFO:[game_play]:GAME OVER: 3 as white, 1 as black, 3 won
 EXECUTION: 228.30002570152283 seconds
12:31:33:INFO:[game_play]:Game Started: 1 as white, 3 as black
12:46:31:INFO:[game_play]:GAME OVER: 1 as white, 3 as black, 3 won
 EXECUTION: 898.0947065353394 seconds
12:46:37:INFO:[game_play]:Game Started: 3 as white, 1 as black
12:50:26:INFO:[game_play]:GAME OVER: 3 as white, 1 as black, 3 won
 EXECUTION: 228.63271522521973 seconds
12:50:31:INFO:[game_play]:Game Started: 1 as white, 3 as black
13:05:10:INFO:[game_play]:GAME OVER: 1 as white, 3 as black, 3 won
 EXECUTION: 878.9915580749512 seconds
13:05:16:INFO:[game_play]:Game Started: 3 as white, 1 as black
13:09:04:INFO:[game_play]:GAME OVER: 3 as white, 1 as black, 3 won
 EXECUTION: 228.02676677703857 seconds
13:09:10:INFO:[game_play]:Game Started: 1 as white, 3 as black
13:24:18:INFO:[game_play]:GAME OVER: 1 as white, 3 as black, 3 won
 EXECUTION: 908.352338552475 seconds
13:24:24:INFO:[game_play]:Game Started: 3 as white, 1 as black
13:28:01:INFO:[game_play]:GAME OVER: 3 as white, 1 as black, 3 won
 EXECUTION: 216.65646147727966 seconds
13:28:06:INFO:[game_play]:Game Started: 1 as white, 3 as black
13:41:03:INFO:[game_play]:GAME OVER: 1 as white, 3 as black, 3 won
 EXECUTION: 776.6816253662109 seconds
13:41:09:INFO:[game_play]:Game Started: 3 as white, 1 as black
13:44:57:INFO:[game_play]:GAME OVER: 3 as white, 1 as black, 3 won
 EXECUTION: 227.9045741558075 seconds
13:45:02:INFO:[train_sess]:COMPLETED Session type 1 Stockfish and Alphabeta iterative Play
Execution Time: 10029.539693832397 seconds
********************************************************
13:45:03:INFO:[train_sess]:STARTED: Session type 3 MonteCarlo and MonteCarlo iterative Play
13:45:03:INFO:[game_play]:Game Started: 2 as white, 2 as black
